#
# There is insufficient memory for the Java Runtime Environment to continue.
# Native memory allocation (mmap) failed to map 346030080 bytes for G1 virtual space
# Possible reasons:
#   The system is out of physical RAM or swap space
#   The process is running with CompressedOops enabled, and the Java Heap may be blocking the growth of the native heap
# Possible solutions:
#   Reduce memory load on the system
#   Increase physical memory or swap space
#   Check if swap backing store is full
#   Decrease Java heap size (-Xmx/-Xms)
#   Decrease number of Java threads
#   Decrease Java thread stack sizes (-Xss)
#   Set larger code cache with -XX:ReservedCodeCacheSize=
#   JVM is running with Zero Based Compressed Oops mode in which the Java heap is
#     placed in the first 32GB address space. The Java Heap base address is the
#     maximum limit for the native heap growth. Please use -XX:HeapBaseMinAddress
#     to set the Java Heap base and to place the Java Heap above 32GB virtual address.
# This output file may be truncated or incomplete.
#
#  Out of Memory Error (os_windows.cpp:3535), pid=7644, tid=9480
#
# JRE version: OpenJDK Runtime Environment Temurin-17.0.3+7 (17.0.3+7) (build 17.0.3+7)
# Java VM: OpenJDK 64-Bit Server VM Temurin-17.0.3+7 (17.0.3+7, mixed mode, emulated-client, tiered, compressed oops, compressed class ptrs, g1 gc, windows-amd64)
# No core dump will be written. Minidumps are not enabled by default on client versions of Windows
#

---------------  S U M M A R Y ------------

Command Line: -Dsts.lsp.client=vscode -Dsts.log.file=/dev/null -XX:TieredStopAtLevel=1 -Dspring.config.location=file:c:\Users\brenz\.vscode\extensions\pivotal.vscode-spring-boot-1.37.0\language-server\BOOT-INF\classes\application.properties org.springframework.ide.vscode.boot.app.BootLanguageServerBootApp

Host: AMD Ryzen 5 2600X Six-Core Processor           , 12 cores, 15G,  Windows 10 , 64 bit Build 19041 (10.0.19041.1806)
Time: Tue Aug  9 14:47:42 2022 Eastern Daylight Time elapsed time: 3.054907 seconds (0d 0h 0m 3s)

---------------  T H R E A D  ---------------

Current thread (0x0000021f53c23490):  VMThread "VM Thread" [stack: 0x0000006b31800000,0x0000006b31900000] [id=9480]

Stack: [0x0000006b31800000,0x0000006b31900000]
Native frames: (J=compiled Java code, j=interpreted, Vv=VM code, C=native code)
V  [jvm.dll+0x675efa]
V  [jvm.dll+0x830a24]
V  [jvm.dll+0x8321ce]
V  [jvm.dll+0x832833]
V  [jvm.dll+0x2454b5]
V  [jvm.dll+0x672de9]
V  [jvm.dll+0x667732]
V  [jvm.dll+0x3043ab]
V  [jvm.dll+0x30b8f6]
V  [jvm.dll+0x35b62e]
V  [jvm.dll+0x35b85f]
V  [jvm.dll+0x2db248]
V  [jvm.dll+0x2d94fc]
V  [jvm.dll+0x2d8acc]
V  [jvm.dll+0x31ca2b]
V  [jvm.dll+0x836cdb]
V  [jvm.dll+0x837a14]
V  [jvm.dll+0x837f2c]
V  [jvm.dll+0x838304]
V  [jvm.dll+0x8383d0]
V  [jvm.dll+0x7e0cfa]
V  [jvm.dll+0x674d85]
C  [ucrtbase.dll+0x21bb2]
C  [KERNEL32.DLL+0x17034]
C  [ntdll.dll+0x52651]

VM_Operation (0x0000006b33ffdf30): G1CollectForAllocation, mode: safepoint, requested by thread 0x0000021f553a86b0


---------------  P R O C E S S  ---------------

Threads class SMR info:
_java_thread_list=0x0000021f54eaed20, length=48, elements={
0x0000021f53c3c390, 0x0000021f53c3d200, 0x0000021f53c7a130, 0x0000021f53c7cdc0,
0x0000021f53c7e780, 0x0000021f53c7f540, 0x0000021f53c7ffa0, 0x0000021f53c8c6c0,
0x0000021f53d4cd30, 0x0000021f53ec2600, 0x0000021f53ece9b0, 0x0000021f54746d20,
0x0000021f547b0ac0, 0x0000021f5519b030, 0x0000021f552857b0, 0x0000021f552d5aa0,
0x0000021f40de6c60, 0x0000021f5448f2f0, 0x0000021f553a3180, 0x0000021f553a3650,
0x0000021f553a47d0, 0x0000021f553a0ab0, 0x0000021f553a6500, 0x0000021f553a5690,
0x0000021f553a81e0, 0x0000021f553a4cf0, 0x0000021f553a7d10, 0x0000021f553a86b0,
0x0000021f553a51c0, 0x0000021f553a5b60, 0x0000021f553a69d0, 0x0000021f553a6030,
0x0000021f553a6ea0, 0x0000021f553a7840, 0x0000021f553a7370, 0x0000021f553c9680,
0x0000021f553c3fe0, 0x0000021f553c8ce0, 0x0000021f553c8340, 0x0000021f553c44b0,
0x0000021f553c2300, 0x0000021f553c27d0, 0x0000021f553c3b10, 0x0000021f553c4e50,
0x0000021f553c91b0, 0x0000021f553c4980, 0x0000021f553c2ca0, 0x0000021f553c1e30
}

Java Threads: ( => current thread )
  0x0000021f53c3c390 JavaThread "Reference Handler" daemon [_thread_blocked, id=5860, stack(0x0000006b31900000,0x0000006b31a00000)]
  0x0000021f53c3d200 JavaThread "Finalizer" daemon [_thread_blocked, id=6912, stack(0x0000006b31a00000,0x0000006b31b00000)]
  0x0000021f53c7a130 JavaThread "Signal Dispatcher" daemon [_thread_blocked, id=19452, stack(0x0000006b31b00000,0x0000006b31c00000)]
  0x0000021f53c7cdc0 JavaThread "Attach Listener" daemon [_thread_blocked, id=12148, stack(0x0000006b31c00000,0x0000006b31d00000)]
  0x0000021f53c7e780 JavaThread "Service Thread" daemon [_thread_blocked, id=17064, stack(0x0000006b31d00000,0x0000006b31e00000)]
  0x0000021f53c7f540 JavaThread "Monitor Deflation Thread" daemon [_thread_blocked, id=22304, stack(0x0000006b31e00000,0x0000006b31f00000)]
  0x0000021f53c7ffa0 JavaThread "C1 CompilerThread0" daemon [_thread_blocked, id=23500, stack(0x0000006b31f00000,0x0000006b32000000)]
  0x0000021f53c8c6c0 JavaThread "Sweeper thread" daemon [_thread_blocked, id=13248, stack(0x0000006b32000000,0x0000006b32100000)]
  0x0000021f53d4cd30 JavaThread "C1 CompilerThread1" daemon [_thread_blocked, id=22172, stack(0x0000006b32100000,0x0000006b32200000)]
  0x0000021f53ec2600 JavaThread "Notification Thread" daemon [_thread_blocked, id=18516, stack(0x0000006b32200000,0x0000006b32300000)]
  0x0000021f53ece9b0 JavaThread "Common-Cleaner" daemon [_thread_blocked, id=20800, stack(0x0000006b32400000,0x0000006b32500000)]
  0x0000021f54746d20 JavaThread "C1 CompilerThread2" daemon [_thread_blocked, id=2956, stack(0x0000006b32500000,0x0000006b32600000)]
  0x0000021f547b0ac0 JavaThread "C1 CompilerThread3" daemon [_thread_blocked, id=18760, stack(0x0000006b32600000,0x0000006b32700000)]
  0x0000021f5519b030 JavaThread "ForkJoinPool.commonPool-worker-1" daemon [_thread_blocked, id=7336, stack(0x0000006b32c00000,0x0000006b32d00000)]
  0x0000021f552857b0 JavaThread "pool-7-thread-1" [_thread_blocked, id=6648, stack(0x0000006b33300000,0x0000006b33400000)]
  0x0000021f552d5aa0 JavaThread "LanguageServerApp-lifecycle" [_thread_blocked, id=14280, stack(0x0000006b33400000,0x0000006b33500000)]
  0x0000021f40de6c60 JavaThread "DestroyJavaVM" [_thread_blocked, id=21852, stack(0x0000006b31200000,0x0000006b31300000)]
  0x0000021f5448f2f0 JavaThread "ClassGraph-worker-0" daemon [_thread_blocked, id=14124, stack(0x0000006b33500000,0x0000006b33600000)]
  0x0000021f553a3180 JavaThread "ClassGraph-worker-1" daemon [_thread_blocked, id=20268, stack(0x0000006b33600000,0x0000006b33700000)]
  0x0000021f553a3650 JavaThread "ClassGraph-worker-2" daemon [_thread_blocked, id=10712, stack(0x0000006b33700000,0x0000006b33800000)]
  0x0000021f553a47d0 JavaThread "ClassGraph-worker-3" daemon [_thread_blocked, id=8008, stack(0x0000006b33800000,0x0000006b33900000)]
  0x0000021f553a0ab0 JavaThread "ClassGraph-worker-4" daemon [_thread_blocked, id=1652, stack(0x0000006b33900000,0x0000006b33a00000)]
  0x0000021f553a6500 JavaThread "ClassGraph-worker-5" daemon [_thread_blocked, id=21296, stack(0x0000006b33a00000,0x0000006b33b00000)]
  0x0000021f553a5690 JavaThread "ClassGraph-worker-6" daemon [_thread_blocked, id=8400, stack(0x0000006b33b00000,0x0000006b33c00000)]
  0x0000021f553a81e0 JavaThread "ClassGraph-worker-7" daemon [_thread_blocked, id=2848, stack(0x0000006b33c00000,0x0000006b33d00000)]
  0x0000021f553a4cf0 JavaThread "ClassGraph-worker-8" daemon [_thread_blocked, id=22648, stack(0x0000006b33d00000,0x0000006b33e00000)]
  0x0000021f553a7d10 JavaThread "ClassGraph-worker-9" daemon [_thread_blocked, id=23420, stack(0x0000006b33e00000,0x0000006b33f00000)]
  0x0000021f553a86b0 JavaThread "ClassGraph-worker-10" daemon [_thread_blocked, id=12004, stack(0x0000006b33f00000,0x0000006b34000000)]
  0x0000021f553a51c0 JavaThread "ClassGraph-worker-11" daemon [_thread_blocked, id=19332, stack(0x0000006b34000000,0x0000006b34100000)]
  0x0000021f553a5b60 JavaThread "ClassGraph-worker-12" daemon [_thread_blocked, id=23132, stack(0x0000006b34100000,0x0000006b34200000)]
  0x0000021f553a69d0 JavaThread "ClassGraph-worker-13" daemon [_thread_blocked, id=23076, stack(0x0000006b34200000,0x0000006b34300000)]
  0x0000021f553a6030 JavaThread "ClassGraph-worker-14" daemon [_thread_blocked, id=13564, stack(0x0000006b34300000,0x0000006b34400000)]
  0x0000021f553a6ea0 JavaThread "ClassGraph-worker-15" daemon [_thread_blocked, id=22760, stack(0x0000006b34400000,0x0000006b34500000)]
  0x0000021f553a7840 JavaThread "ClassGraph-worker-16" daemon [_thread_blocked, id=20248, stack(0x0000006b34500000,0x0000006b34600000)]
  0x0000021f553a7370 JavaThread "ClassGraph-worker-17" daemon [_thread_blocked, id=22056, stack(0x0000006b34600000,0x0000006b34700000)]
  0x0000021f553c9680 JavaThread "ClassGraph-worker-18" daemon [_thread_blocked, id=19624, stack(0x0000006b34700000,0x0000006b34800000)]
  0x0000021f553c3fe0 JavaThread "pool-8-thread-1" [_thread_in_native, id=9708, stack(0x0000006b34800000,0x0000006b34900000)]
  0x0000021f553c8ce0 JavaThread "Simple-Language-Server main thread" daemon [_thread_blocked, id=19424, stack(0x0000006b34b00000,0x0000006b34c00000)]
  0x0000021f553c8340 JavaThread "pool-5-thread-1" [_thread_blocked, id=23396, stack(0x0000006b34c00000,0x0000006b34d00000)]
  0x0000021f553c44b0 JavaThread "parallel-1" daemon [_thread_blocked, id=13288, stack(0x0000006b34d00000,0x0000006b34e00000)]
  0x0000021f553c2300 JavaThread "parallel-2" daemon [_thread_blocked, id=20188, stack(0x0000006b34e00000,0x0000006b34f00000)]
  0x0000021f553c27d0 JavaThread "parallel-3" daemon [_thread_blocked, id=11320, stack(0x0000006b34f00000,0x0000006b35000000)]
  0x0000021f553c3b10 JavaThread "parallel-4" daemon [_thread_blocked, id=14044, stack(0x0000006b35000000,0x0000006b35100000)]
  0x0000021f553c4e50 JavaThread "parallel-5" daemon [_thread_blocked, id=22708, stack(0x0000006b35100000,0x0000006b35200000)]
  0x0000021f553c91b0 JavaThread "parallel-6" daemon [_thread_blocked, id=9772, stack(0x0000006b35200000,0x0000006b35300000)]
  0x0000021f553c4980 JavaThread "parallel-7" daemon [_thread_blocked, id=19620, stack(0x0000006b35300000,0x0000006b35400000)]
  0x0000021f553c2ca0 JavaThread "pool-2-thread-1" [_thread_blocked, id=11880, stack(0x0000006b35400000,0x0000006b35500000)]
  0x0000021f553c1e30 JavaThread "Reconciler-1" daemon [_thread_blocked, id=22472, stack(0x0000006b35500000,0x0000006b35600000)]

Other Threads:
=>0x0000021f53c23490 VMThread "VM Thread" [stack: 0x0000006b31800000,0x0000006b31900000] [id=9480]
  0x0000021f53ec36f0 WatcherThread [stack: 0x0000006b32300000,0x0000006b32400000] [id=17896]
  0x0000021f40e56720 GCTaskThread "GC Thread#0" [stack: 0x0000006b31300000,0x0000006b31400000] [id=15948]
  0x0000021f53cae040 GCTaskThread "GC Thread#1" [stack: 0x0000006b32700000,0x0000006b32800000] [id=20828]
  0x0000021f53cae2f0 GCTaskThread "GC Thread#2" [stack: 0x0000006b32800000,0x0000006b32900000] [id=15892]
  0x0000021f5497e6d0 GCTaskThread "GC Thread#3" [stack: 0x0000006b32900000,0x0000006b32a00000] [id=22916]
  0x0000021f5478f020 GCTaskThread "GC Thread#4" [stack: 0x0000006b32a00000,0x0000006b32b00000] [id=10976]
  0x0000021f5478fae0 GCTaskThread "GC Thread#5" [stack: 0x0000006b32b00000,0x0000006b32c00000] [id=12700]
  0x0000021f54948a90 GCTaskThread "GC Thread#6" [stack: 0x0000006b32d00000,0x0000006b32e00000] [id=3508]
  0x0000021f54b078c0 GCTaskThread "GC Thread#7" [stack: 0x0000006b32e00000,0x0000006b32f00000] [id=18460]
  0x0000021f5494fa80 GCTaskThread "GC Thread#8" [stack: 0x0000006b32f00000,0x0000006b33000000] [id=22588]
  0x0000021f54bdc910 GCTaskThread "GC Thread#9" [stack: 0x0000006b33000000,0x0000006b33100000] [id=5840]
  0x0000021f40e685b0 ConcurrentGCThread "G1 Main Marker" [stack: 0x0000006b31400000,0x0000006b31500000] [id=6120]
  0x0000021f40e69770 ConcurrentGCThread "G1 Conc#0" [stack: 0x0000006b31500000,0x0000006b31600000] [id=15400]
  0x0000021f54d82430 ConcurrentGCThread "G1 Conc#1" [stack: 0x0000006b33100000,0x0000006b33200000] [id=11816]
  0x0000021f54d1cf00 ConcurrentGCThread "G1 Conc#2" [stack: 0x0000006b33200000,0x0000006b33300000] [id=16432]
  0x0000021f5308d130 ConcurrentGCThread "G1 Refine#0" [stack: 0x0000006b31600000,0x0000006b31700000] [id=2088]
  0x0000021f57aba830 ConcurrentGCThread "G1 Refine#1" [stack: 0x0000006b34900000,0x0000006b34a00000] [id=17660]
  0x0000021f57abab10 ConcurrentGCThread "G1 Refine#2" [stack: 0x0000006b34a00000,0x0000006b34b00000] [id=19060]
  0x0000021f5308da60 ConcurrentGCThread "G1 Service" [stack: 0x0000006b31700000,0x0000006b31800000] [id=15084]

Threads with active compile tasks:

VM state: at safepoint (normal execution)

VM Mutex/Monitor currently owned by a thread:  ([mutex/lock_event])
[0x0000021f3ebd8d60] Threads_lock - owner thread: 0x0000021f53c23490
[0x0000021f40de4be0] Heap_lock - owner thread: 0x0000021f553a86b0

Heap address: 0x0000000700c00000, size: 4084 MB, Compressed Oops mode: Zero based, Oop shift amount: 3

CDS archive(s) not mapped
Compressed class space mapped at: 0x0000000800000000-0x0000000840000000, reserved size: 1073741824
Narrow klass base: 0x0000000800000000, Narrow klass shift: 0, Narrow klass range: 0x40000000

GC Precious Log:
 CPUs: 12 total, 12 available
 Memory: 16333M
 Large Page Support: Disabled
 NUMA Support: Disabled
 Compressed Oops: Enabled (Zero based)
 Heap Region Size: 2M
 Heap Min Capacity: 8M
 Heap Initial Capacity: 256M
 Heap Max Capacity: 4084M
 Pre-touch: Disabled
 Parallel Workers: 10
 Concurrent Workers: 3
 Concurrent Refinement Workers: 10
 Periodic GC: Disabled

Heap:
 garbage-first heap   total 262144K, used 77174K [0x0000000700c00000, 0x0000000800000000)
  region size 2048K, 5 young (10240K), 5 survivors (10240K)
 Metaspace       used 35288K, committed 35584K, reserved 1081344K
  class space    used 4595K, committed 4736K, reserved 1048576K

Heap Regions: E=young(eden), S=young(survivor), O=old, HS=humongous(starts), HC=humongous(continues), CS=collection set, F=free, OA=open archive, CA=closed archive, TAMS=top-at-mark-start (previous, next)
|   0|0x0000000700c00000, 0x0000000700e00000, 0x0000000700e00000|100%| O|  |TAMS 0x0000000700e00000, 0x0000000700c00000| Untracked 
|   1|0x0000000700e00000, 0x0000000701000000, 0x0000000701000000|100%| O|  |TAMS 0x0000000701000000, 0x0000000700e00000| Untracked 
|   2|0x0000000701000000, 0x0000000701200000, 0x0000000701200000|100%| O|  |TAMS 0x0000000701200000, 0x0000000701000000| Untracked 
|   3|0x0000000701200000, 0x0000000701400000, 0x0000000701400000|100%| O|  |TAMS 0x0000000701200000, 0x0000000701200000| Untracked 
|   4|0x0000000701400000, 0x0000000701600000, 0x0000000701600000|100%| O|  |TAMS 0x0000000701400000, 0x0000000701400000| Untracked 
|   5|0x0000000701600000, 0x0000000701800000, 0x0000000701800000|100%| O|  |TAMS 0x0000000701600000, 0x0000000701600000| Untracked 
|   6|0x0000000701800000, 0x0000000701a00000, 0x0000000701a00000|100%| O|  |TAMS 0x0000000701800000, 0x0000000701800000| Untracked 
|   7|0x0000000701a00000, 0x0000000701c00000, 0x0000000701c00000|100%| O|  |TAMS 0x0000000701a00000, 0x0000000701a00000| Untracked 
|   8|0x0000000701c00000, 0x0000000701e00000, 0x0000000701e00000|100%| O|  |TAMS 0x0000000701c00000, 0x0000000701c00000| Untracked 
|   9|0x0000000701e00000, 0x0000000702000000, 0x0000000702000000|100%| O|  |TAMS 0x0000000701e00000, 0x0000000701e00000| Untracked 
|  10|0x0000000702000000, 0x0000000702200000, 0x0000000702200000|100%| O|  |TAMS 0x0000000702000000, 0x0000000702000000| Untracked 
|  11|0x0000000702200000, 0x0000000702400000, 0x0000000702400000|100%| O|  |TAMS 0x0000000702200000, 0x0000000702200000| Untracked 
|  12|0x0000000702400000, 0x0000000702600000, 0x0000000702600000|100%| O|  |TAMS 0x0000000702400000, 0x0000000702400000| Untracked 
|  13|0x0000000702600000, 0x0000000702800000, 0x0000000702800000|100%| O|  |TAMS 0x0000000702600000, 0x0000000702600000| Untracked 
|  14|0x0000000702800000, 0x0000000702a00000, 0x0000000702a00000|100%| O|  |TAMS 0x0000000702800000, 0x0000000702800000| Untracked 
|  15|0x0000000702a00000, 0x0000000702c00000, 0x0000000702c00000|100%| O|  |TAMS 0x0000000702a00000, 0x0000000702a00000| Untracked 
|  16|0x0000000702c00000, 0x0000000702e00000, 0x0000000702e00000|100%| O|  |TAMS 0x0000000702c00000, 0x0000000702c00000| Untracked 
|  17|0x0000000702e00000, 0x0000000703000000, 0x0000000703000000|100%| O|  |TAMS 0x0000000702e00000, 0x0000000702e00000| Untracked 
|  18|0x0000000703000000, 0x0000000703200000, 0x0000000703200000|100%| O|  |TAMS 0x0000000703000000, 0x0000000703000000| Untracked 
|  19|0x0000000703200000, 0x0000000703400000, 0x0000000703400000|100%| O|  |TAMS 0x0000000703200000, 0x0000000703200000| Untracked 
|  20|0x0000000703400000, 0x0000000703600000, 0x0000000703600000|100%| O|  |TAMS 0x0000000703400000, 0x0000000703400000| Untracked 
|  21|0x0000000703600000, 0x0000000703800000, 0x0000000703800000|100%| O|  |TAMS 0x0000000703600000, 0x0000000703600000| Untracked 
|  22|0x0000000703800000, 0x0000000703a00000, 0x0000000703a00000|100%| O|  |TAMS 0x0000000703800000, 0x0000000703800000| Untracked 
|  23|0x0000000703a00000, 0x0000000703c00000, 0x0000000703c00000|100%| O|  |TAMS 0x0000000703a00000, 0x0000000703a00000| Untracked 
|  24|0x0000000703c00000, 0x0000000703e00000, 0x0000000703e00000|100%| O|  |TAMS 0x0000000703c00000, 0x0000000703c00000| Untracked 
|  25|0x0000000703e00000, 0x0000000704000000, 0x0000000704000000|100%| O|  |TAMS 0x0000000703e00000, 0x0000000703e00000| Untracked 
|  26|0x0000000704000000, 0x0000000704200000, 0x0000000704200000|100%| O|  |TAMS 0x0000000704000000, 0x0000000704000000| Untracked 
|  27|0x0000000704200000, 0x0000000704400000, 0x0000000704400000|100%| O|  |TAMS 0x0000000704200000, 0x0000000704200000| Untracked 
|  28|0x0000000704400000, 0x0000000704600000, 0x0000000704600000|100%| O|  |TAMS 0x0000000704400000, 0x0000000704400000| Untracked 
|  29|0x0000000704600000, 0x0000000704800000, 0x0000000704800000|100%| O|  |TAMS 0x0000000704600000, 0x0000000704600000| Untracked 
|  30|0x0000000704800000, 0x0000000704a00000, 0x0000000704a00000|100%| O|  |TAMS 0x0000000704800000, 0x0000000704800000| Untracked 
|  31|0x0000000704a00000, 0x0000000704c00000, 0x0000000704c00000|100%| O|  |TAMS 0x0000000704a00000, 0x0000000704a00000| Untracked 
|  32|0x0000000704c00000, 0x0000000704e00000, 0x0000000704e00000|100%| O|  |TAMS 0x0000000704c00000, 0x0000000704c00000| Untracked 
|  33|0x0000000704e00000, 0x0000000704e9ae00, 0x0000000705000000| 30%| O|  |TAMS 0x0000000704e00000, 0x0000000704e00000| Untracked 
|  34|0x0000000705000000, 0x0000000705000000, 0x0000000705200000|  0%| F|  |TAMS 0x0000000705000000, 0x0000000705000000| Untracked 
|  35|0x0000000705200000, 0x0000000705200000, 0x0000000705400000|  0%| F|  |TAMS 0x0000000705200000, 0x0000000705200000| Untracked 
|  36|0x0000000705400000, 0x0000000705400000, 0x0000000705600000|  0%| F|  |TAMS 0x0000000705400000, 0x0000000705400000| Untracked 
|  37|0x0000000705600000, 0x0000000705600000, 0x0000000705800000|  0%| F|  |TAMS 0x0000000705600000, 0x0000000705600000| Untracked 
|  38|0x0000000705800000, 0x0000000705800000, 0x0000000705a00000|  0%| F|  |TAMS 0x0000000705800000, 0x0000000705800000| Untracked 
|  39|0x0000000705a00000, 0x0000000705a00000, 0x0000000705c00000|  0%| F|  |TAMS 0x0000000705a00000, 0x0000000705a00000| Untracked 
|  40|0x0000000705c00000, 0x0000000705c00000, 0x0000000705e00000|  0%| F|  |TAMS 0x0000000705c00000, 0x0000000705c00000| Untracked 
|  41|0x0000000705e00000, 0x0000000705e00000, 0x0000000706000000|  0%| F|  |TAMS 0x0000000705e00000, 0x0000000705e00000| Untracked 
|  42|0x0000000706000000, 0x0000000706000000, 0x0000000706200000|  0%| F|  |TAMS 0x0000000706000000, 0x0000000706000000| Untracked 
|  43|0x0000000706200000, 0x0000000706200000, 0x0000000706400000|  0%| F|  |TAMS 0x0000000706200000, 0x0000000706200000| Untracked 
|  44|0x0000000706400000, 0x0000000706400000, 0x0000000706600000|  0%| F|  |TAMS 0x0000000706400000, 0x0000000706400000| Untracked 
|  45|0x0000000706600000, 0x0000000706600000, 0x0000000706800000|  0%| F|  |TAMS 0x0000000706600000, 0x0000000706600000| Untracked 
|  46|0x0000000706800000, 0x0000000706800000, 0x0000000706a00000|  0%| F|  |TAMS 0x0000000706800000, 0x0000000706800000| Untracked 
|  47|0x0000000706a00000, 0x0000000706a00000, 0x0000000706c00000|  0%| F|  |TAMS 0x0000000706a00000, 0x0000000706a00000| Untracked 
|  48|0x0000000706c00000, 0x0000000706c00000, 0x0000000706e00000|  0%| F|  |TAMS 0x0000000706c00000, 0x0000000706c00000| Untracked 
|  49|0x0000000706e00000, 0x0000000706e00000, 0x0000000707000000|  0%| F|  |TAMS 0x0000000706e00000, 0x0000000706e00000| Untracked 
|  50|0x0000000707000000, 0x0000000707000000, 0x0000000707200000|  0%| F|  |TAMS 0x0000000707000000, 0x0000000707000000| Untracked 
|  51|0x0000000707200000, 0x0000000707200000, 0x0000000707400000|  0%| F|  |TAMS 0x0000000707200000, 0x0000000707200000| Untracked 
|  52|0x0000000707400000, 0x0000000707400000, 0x0000000707600000|  0%| F|  |TAMS 0x0000000707400000, 0x0000000707400000| Untracked 
|  53|0x0000000707600000, 0x00000007076c2b50, 0x0000000707800000| 38%| S|CS|TAMS 0x0000000707600000, 0x0000000707600000| Complete 
|  54|0x0000000707800000, 0x0000000707a00000, 0x0000000707a00000|100%| S|CS|TAMS 0x0000000707800000, 0x0000000707800000| Complete 
|  55|0x0000000707a00000, 0x0000000707c00000, 0x0000000707c00000|100%| S|CS|TAMS 0x0000000707a00000, 0x0000000707a00000| Complete 
|  56|0x0000000707c00000, 0x0000000707e00000, 0x0000000707e00000|100%| S|CS|TAMS 0x0000000707c00000, 0x0000000707c00000| Complete 
|  57|0x0000000707e00000, 0x0000000708000000, 0x0000000708000000|100%| S|CS|TAMS 0x0000000707e00000, 0x0000000707e00000| Complete 
|  58|0x0000000708000000, 0x0000000708000000, 0x0000000708200000|  0%| F|  |TAMS 0x0000000708000000, 0x0000000708000000| Untracked 
|  59|0x0000000708200000, 0x0000000708200000, 0x0000000708400000|  0%| F|  |TAMS 0x0000000708200000, 0x0000000708200000| Untracked 
|  60|0x0000000708400000, 0x0000000708400000, 0x0000000708600000|  0%| F|  |TAMS 0x0000000708400000, 0x0000000708400000| Untracked 
|  61|0x0000000708600000, 0x0000000708600000, 0x0000000708800000|  0%| F|  |TAMS 0x0000000708600000, 0x0000000708600000| Untracked 
|  62|0x0000000708800000, 0x0000000708800000, 0x0000000708a00000|  0%| F|  |TAMS 0x0000000708800000, 0x0000000708800000| Untracked 
|  63|0x0000000708a00000, 0x0000000708a00000, 0x0000000708c00000|  0%| F|  |TAMS 0x0000000708a00000, 0x0000000708a00000| Untracked 
|  64|0x0000000708c00000, 0x0000000708c00000, 0x0000000708e00000|  0%| F|  |TAMS 0x0000000708c00000, 0x0000000708c00000| Untracked 
|  65|0x0000000708e00000, 0x0000000708e00000, 0x0000000709000000|  0%| F|  |TAMS 0x0000000708e00000, 0x0000000708e00000| Untracked 
|  66|0x0000000709000000, 0x0000000709000000, 0x0000000709200000|  0%| F|  |TAMS 0x0000000709000000, 0x0000000709000000| Untracked 
|  67|0x0000000709200000, 0x0000000709200000, 0x0000000709400000|  0%| F|  |TAMS 0x0000000709200000, 0x0000000709200000| Untracked 
|  68|0x0000000709400000, 0x0000000709400000, 0x0000000709600000|  0%| F|  |TAMS 0x0000000709400000, 0x0000000709400000| Untracked 
|  69|0x0000000709600000, 0x0000000709600000, 0x0000000709800000|  0%| F|  |TAMS 0x0000000709600000, 0x0000000709600000| Untracked 
|  70|0x0000000709800000, 0x0000000709800000, 0x0000000709a00000|  0%| F|  |TAMS 0x0000000709800000, 0x0000000709800000| Untracked 
|  71|0x0000000709a00000, 0x0000000709a00000, 0x0000000709c00000|  0%| F|  |TAMS 0x0000000709a00000, 0x0000000709a00000| Untracked 
|  72|0x0000000709c00000, 0x0000000709c00000, 0x0000000709e00000|  0%| F|  |TAMS 0x0000000709c00000, 0x0000000709c00000| Untracked 
|  73|0x0000000709e00000, 0x0000000709e00000, 0x000000070a000000|  0%| F|  |TAMS 0x0000000709e00000, 0x0000000709e00000| Untracked 
|  74|0x000000070a000000, 0x000000070a000000, 0x000000070a200000|  0%| F|  |TAMS 0x000000070a000000, 0x000000070a000000| Untracked 
|  75|0x000000070a200000, 0x000000070a200000, 0x000000070a400000|  0%| F|  |TAMS 0x000000070a200000, 0x000000070a200000| Untracked 
|  76|0x000000070a400000, 0x000000070a400000, 0x000000070a600000|  0%| F|  |TAMS 0x000000070a400000, 0x000000070a400000| Untracked 
|  77|0x000000070a600000, 0x000000070a600000, 0x000000070a800000|  0%| F|  |TAMS 0x000000070a600000, 0x000000070a600000| Untracked 
|  78|0x000000070a800000, 0x000000070a800000, 0x000000070aa00000|  0%| F|  |TAMS 0x000000070a800000, 0x000000070a800000| Untracked 
|  79|0x000000070aa00000, 0x000000070aa00000, 0x000000070ac00000|  0%| F|  |TAMS 0x000000070aa00000, 0x000000070aa00000| Untracked 
|  80|0x000000070ac00000, 0x000000070ac00000, 0x000000070ae00000|  0%| F|  |TAMS 0x000000070ac00000, 0x000000070ac00000| Untracked 
|  81|0x000000070ae00000, 0x000000070ae00000, 0x000000070b000000|  0%| F|  |TAMS 0x000000070ae00000, 0x000000070ae00000| Untracked 
|  82|0x000000070b000000, 0x000000070b000000, 0x000000070b200000|  0%| F|  |TAMS 0x000000070b000000, 0x000000070b000000| Untracked 
|  83|0x000000070b200000, 0x000000070b200000, 0x000000070b400000|  0%| F|  |TAMS 0x000000070b200000, 0x000000070b200000| Untracked 
|  84|0x000000070b400000, 0x000000070b400000, 0x000000070b600000|  0%| F|  |TAMS 0x000000070b400000, 0x000000070b400000| Untracked 
|  85|0x000000070b600000, 0x000000070b600000, 0x000000070b800000|  0%| F|  |TAMS 0x000000070b600000, 0x000000070b600000| Untracked 
|  86|0x000000070b800000, 0x000000070b800000, 0x000000070ba00000|  0%| F|  |TAMS 0x000000070b800000, 0x000000070b800000| Untracked 
|  87|0x000000070ba00000, 0x000000070ba00000, 0x000000070bc00000|  0%| F|  |TAMS 0x000000070ba00000, 0x000000070ba00000| Untracked 
|  88|0x000000070bc00000, 0x000000070bc00000, 0x000000070be00000|  0%| F|  |TAMS 0x000000070bc00000, 0x000000070bc00000| Untracked 
|  89|0x000000070be00000, 0x000000070be00000, 0x000000070c000000|  0%| F|  |TAMS 0x000000070be00000, 0x000000070be00000| Untracked 
|  90|0x000000070c000000, 0x000000070c000000, 0x000000070c200000|  0%| F|  |TAMS 0x000000070c000000, 0x000000070c000000| Untracked 
|  91|0x000000070c200000, 0x000000070c200000, 0x000000070c400000|  0%| F|  |TAMS 0x000000070c200000, 0x000000070c200000| Untracked 
|  92|0x000000070c400000, 0x000000070c400000, 0x000000070c600000|  0%| F|  |TAMS 0x000000070c400000, 0x000000070c400000| Untracked 
|  93|0x000000070c600000, 0x000000070c600000, 0x000000070c800000|  0%| F|  |TAMS 0x000000070c600000, 0x000000070c600000| Untracked 
|  94|0x000000070c800000, 0x000000070c800000, 0x000000070ca00000|  0%| F|  |TAMS 0x000000070c800000, 0x000000070c800000| Untracked 
|  95|0x000000070ca00000, 0x000000070ca00000, 0x000000070cc00000|  0%| F|  |TAMS 0x000000070ca00000, 0x000000070ca00000| Untracked 
|  96|0x000000070cc00000, 0x000000070cc00000, 0x000000070ce00000|  0%| F|  |TAMS 0x000000070cc00000, 0x000000070cc00000| Untracked 
|  97|0x000000070ce00000, 0x000000070ce00000, 0x000000070d000000|  0%| F|  |TAMS 0x000000070ce00000, 0x000000070ce00000| Untracked 
|  98|0x000000070d000000, 0x000000070d000000, 0x000000070d200000|  0%| F|  |TAMS 0x000000070d000000, 0x000000070d000000| Untracked 
|  99|0x000000070d200000, 0x000000070d200000, 0x000000070d400000|  0%| F|  |TAMS 0x000000070d200000, 0x000000070d200000| Untracked 
| 100|0x000000070d400000, 0x000000070d400000, 0x000000070d600000|  0%| F|  |TAMS 0x000000070d400000, 0x000000070d400000| Untracked 
| 101|0x000000070d600000, 0x000000070d600000, 0x000000070d800000|  0%| F|  |TAMS 0x000000070d600000, 0x000000070d600000| Untracked 
| 102|0x000000070d800000, 0x000000070d800000, 0x000000070da00000|  0%| F|  |TAMS 0x000000070d800000, 0x000000070d800000| Untracked 
| 103|0x000000070da00000, 0x000000070da00000, 0x000000070dc00000|  0%| F|  |TAMS 0x000000070da00000, 0x000000070da00000| Untracked 
| 104|0x000000070dc00000, 0x000000070dc00000, 0x000000070de00000|  0%| F|  |TAMS 0x000000070dc00000, 0x000000070dc00000| Untracked 
| 105|0x000000070de00000, 0x000000070de00000, 0x000000070e000000|  0%| F|  |TAMS 0x000000070de00000, 0x000000070de00000| Untracked 
| 106|0x000000070e000000, 0x000000070e000000, 0x000000070e200000|  0%| F|  |TAMS 0x000000070e000000, 0x000000070e000000| Untracked 
| 107|0x000000070e200000, 0x000000070e200000, 0x000000070e400000|  0%| F|  |TAMS 0x000000070e200000, 0x000000070e200000| Untracked 
| 108|0x000000070e400000, 0x000000070e400000, 0x000000070e600000|  0%| F|  |TAMS 0x000000070e400000, 0x000000070e400000| Untracked 
| 109|0x000000070e600000, 0x000000070e600000, 0x000000070e800000|  0%| F|  |TAMS 0x000000070e600000, 0x000000070e600000| Untracked 
| 110|0x000000070e800000, 0x000000070e800000, 0x000000070ea00000|  0%| F|  |TAMS 0x000000070e800000, 0x000000070e800000| Untracked 
| 111|0x000000070ea00000, 0x000000070ea00000, 0x000000070ec00000|  0%| F|  |TAMS 0x000000070ea00000, 0x000000070ea00000| Untracked 
| 112|0x000000070ec00000, 0x000000070ec00000, 0x000000070ee00000|  0%| F|  |TAMS 0x000000070ec00000, 0x000000070ec00000| Untracked 
| 113|0x000000070ee00000, 0x000000070ee00000, 0x000000070f000000|  0%| F|  |TAMS 0x000000070ee00000, 0x000000070ee00000| Untracked 
| 114|0x000000070f000000, 0x000000070f000000, 0x000000070f200000|  0%| F|  |TAMS 0x000000070f000000, 0x000000070f000000| Untracked 
| 115|0x000000070f200000, 0x000000070f200000, 0x000000070f400000|  0%| F|  |TAMS 0x000000070f200000, 0x000000070f200000| Untracked 
| 116|0x000000070f400000, 0x000000070f400000, 0x000000070f600000|  0%| F|  |TAMS 0x000000070f400000, 0x000000070f400000| Untracked 
| 117|0x000000070f600000, 0x000000070f600000, 0x000000070f800000|  0%| F|  |TAMS 0x000000070f600000, 0x000000070f600000| Untracked 
| 118|0x000000070f800000, 0x000000070f800000, 0x000000070fa00000|  0%| F|  |TAMS 0x000000070f800000, 0x000000070f800000| Untracked 
| 119|0x000000070fa00000, 0x000000070fa00000, 0x000000070fc00000|  0%| F|  |TAMS 0x000000070fa00000, 0x000000070fa00000| Untracked 
| 120|0x000000070fc00000, 0x000000070fc00000, 0x000000070fe00000|  0%| F|  |TAMS 0x000000070fc00000, 0x000000070fc00000| Untracked 
| 121|0x000000070fe00000, 0x000000070fe00000, 0x0000000710000000|  0%| F|  |TAMS 0x000000070fe00000, 0x000000070fe00000| Untracked 
| 122|0x0000000710000000, 0x0000000710000000, 0x0000000710200000|  0%| F|  |TAMS 0x0000000710000000, 0x0000000710000000| Untracked 
| 123|0x0000000710200000, 0x0000000710200000, 0x0000000710400000|  0%| F|  |TAMS 0x0000000710200000, 0x0000000710200000| Untracked 
| 124|0x0000000710400000, 0x0000000710400000, 0x0000000710600000|  0%| F|  |TAMS 0x0000000710400000, 0x0000000710400000| Untracked 
| 125|0x0000000710600000, 0x0000000710600000, 0x0000000710800000|  0%| F|  |TAMS 0x0000000710600000, 0x0000000710600000| Untracked 
| 126|0x0000000710800000, 0x0000000710800000, 0x0000000710a00000|  0%| F|  |TAMS 0x0000000710800000, 0x0000000710800000| Untracked 
| 127|0x0000000710a00000, 0x0000000710a00000, 0x0000000710c00000|  0%| F|  |TAMS 0x0000000710a00000, 0x0000000710a00000| Untracked 

Card table byte_map: [0x0000021f475b0000,0x0000021f47db0000] _byte_map_base: 0x0000021f43daa000

Marking Bits (Prev, Next): (CMBitMap*) 0x0000021f40e57d80, (CMBitMap*) 0x0000021f40e57d40
 Prev Bits: [0x0000021f4c580000, 0x0000021f50550000)
 Next Bits: [0x0000021f485b0000, 0x0000021f4c580000)

Polling page: 0x0000021f3eba0000

Metaspace:

Usage:
  Non-class:     29.97 MB used.
      Class:      4.49 MB used.
       Both:     34.46 MB used.

Virtual space:
  Non-class space:       32.00 MB reserved,      30.12 MB ( 94%) committed,  4 nodes.
      Class space:        1.00 GB reserved,       4.62 MB ( <1%) committed,  1 nodes.
             Both:        1.03 GB reserved,      34.75 MB (  3%) committed. 

Chunk freelists:
   Non-Class:  1.47 MB
       Class:  3.39 MB
        Both:  4.86 MB

MaxMetaspaceSize: unlimited
CompressedClassSpaceSize: 1.00 GB
Initial GC threshold: 21.00 MB
Current GC threshold: 35.25 MB
CDS: off
MetaspaceReclaimPolicy: balanced
 - commit_granule_bytes: 65536.
 - commit_granule_words: 8192.
 - virtual_space_node_default_size: 1048576.
 - enlarge_chunks_in_place: 1.
 - new_chunks_are_fully_committed: 0.
 - uncommit_free_chunks: 1.
 - use_allocation_guard: 0.
 - handle_deallocations: 1.


Internal statistics:

num_allocs_failed_limit: 3.
num_arena_births: 302.
num_arena_deaths: 0.
num_vsnodes_births: 5.
num_vsnodes_deaths: 0.
num_space_committed: 556.
num_space_uncommitted: 0.
num_chunks_returned_to_freelist: 3.
num_chunks_taken_from_freelist: 1311.
num_chunk_merges: 3.
num_chunk_splits: 902.
num_chunks_enlarged: 700.
num_purges: 0.
num_inconsistent_stats: 0.

CodeCache: size=49152Kb used=9210Kb max_used=9210Kb free=39941Kb
 bounds [0x0000021f43a70000, 0x0000021f44370000, 0x0000021f46a70000]
 total_blobs=4296 nmethods=3771 adapters=449
 compilation: enabled
              stopped_count=0, restarted_count=0
 full_count=0

Compilation events (20 events):
Event: 2.964 Thread 0x0000021f53c7ffa0 nmethod 3749 0x0000021f44368890 code [0x0000021f44368a20, 0x0000021f44368c18]
Event: 2.964 Thread 0x0000021f53c7ffa0 3719       1       java.io.ByteArrayOutputStream::close (1 bytes)
Event: 2.964 Thread 0x0000021f53c7ffa0 nmethod 3719 0x0000021f44368c90 code [0x0000021f44368e20, 0x0000021f44368ed8]
Event: 2.964 Thread 0x0000021f53c7ffa0 3681       1       jdk.internal.jimage.ImageStringsReader::hashCode (8 bytes)
Event: 2.964 Thread 0x0000021f547b0ac0 nmethod 3704 0x0000021f44368f90 code [0x0000021f44369140, 0x0000021f44369408]
Event: 2.964 Thread 0x0000021f547b0ac0 3696       1       nonapi.io.github.classgraph.fileslice.reader.ClassfileReader::buf (5 bytes)
Event: 2.964 Thread 0x0000021f54746d20 nmethod 3712 0x0000021f44369510 code [0x0000021f443696e0, 0x0000021f44369a98]
Event: 2.965 Thread 0x0000021f547b0ac0 nmethod 3696 0x0000021f44369c10 code [0x0000021f44369da0, 0x0000021f44369e78]
Event: 2.965 Thread 0x0000021f53c7ffa0 nmethod 3681 0x0000021f44369f10 code [0x0000021f4436a0c0, 0x0000021f4436a1b8]
Event: 2.965 Thread 0x0000021f53d4cd30 nmethod 3766 0x0000021f4436a290 code [0x0000021f4436a540, 0x0000021f4436afb8]
Event: 2.979 Thread 0x0000021f53c7ffa0 3767       1       java.util.concurrent.locks.ReentrantLock$NonfairSync::tryAcquire (27 bytes)
Event: 2.979 Thread 0x0000021f53c7ffa0 nmethod 3767 0x0000021f4436bc10 code [0x0000021f4436bda0, 0x0000021f4436bf38]
Event: 2.985 Thread 0x0000021f54746d20 3768       1       java.util.concurrent.ConcurrentHashMap::resizeStamp (9 bytes)
Event: 2.986 Thread 0x0000021f54746d20 nmethod 3768 0x0000021f4436bf90 code [0x0000021f4436c120, 0x0000021f4436c1e8]
Event: 2.996 Thread 0x0000021f547b0ac0 3769       1       java.util.concurrent.locks.AbstractQueuedSynchronizer::acquireInterruptibly (36 bytes)
Event: 2.996 Thread 0x0000021f547b0ac0 nmethod 3769 0x0000021f4436c290 code [0x0000021f4436c460, 0x0000021f4436c6d8]
Event: 3.031 Thread 0x0000021f53d4cd30 3770       1       java.util.concurrent.ConcurrentHashMap::helpTransfer (123 bytes)
Event: 3.031 Thread 0x0000021f53d4cd30 nmethod 3770 0x0000021f4436c810 code [0x0000021f4436c9c0, 0x0000021f4436cc78]
Event: 3.040 Thread 0x0000021f53d4cd30 3771   !   1       java.util.concurrent.locks.AbstractQueuedSynchronizer::acquire (407 bytes)
Event: 3.042 Thread 0x0000021f53d4cd30 nmethod 3771 0x0000021f4436ce10 code [0x0000021f4436d0a0, 0x0000021f4436e358]

GC Heap History (20 events):
Event: 1.575 GC heap after
{Heap after GC invocations=5 (full 0):
 garbage-first heap   total 49152K, used 12623K [0x0000000700c00000, 0x0000000800000000)
  region size 2048K, 2 young (4096K), 2 survivors (4096K)
 Metaspace       used 25065K, committed 25344K, reserved 1073152K
  class space    used 3076K, committed 3200K, reserved 1048576K
}
Event: 1.632 GC heap before
{Heap before GC invocations=5 (full 0):
 garbage-first heap   total 49152K, used 14671K [0x0000000700c00000, 0x0000000800000000)
  region size 2048K, 3 young (6144K), 2 survivors (4096K)
 Metaspace       used 25637K, committed 25856K, reserved 1073152K
  class space    used 3147K, committed 3264K, reserved 1048576K
}
Event: 1.636 GC heap after
{Heap after GC invocations=6 (full 0):
 garbage-first heap   total 49152K, used 12674K [0x0000000700c00000, 0x0000000800000000)
  region size 2048K, 1 young (2048K), 1 survivors (2048K)
 Metaspace       used 25637K, committed 25856K, reserved 1073152K
  class space    used 3147K, committed 3264K, reserved 1048576K
}
Event: 1.843 GC heap before
{Heap before GC invocations=6 (full 0):
 garbage-first heap   total 49152K, used 29058K [0x0000000700c00000, 0x0000000800000000)
  region size 2048K, 9 young (18432K), 1 survivors (2048K)
 Metaspace       used 27804K, committed 28096K, reserved 1081344K
  class space    used 3476K, committed 3648K, reserved 1048576K
}
Event: 1.847 GC heap after
{Heap after GC invocations=7 (full 0):
 garbage-first heap   total 155648K, used 14212K [0x0000000700c00000, 0x0000000800000000)
  region size 2048K, 1 young (2048K), 1 survivors (2048K)
 Metaspace       used 27804K, committed 28096K, reserved 1081344K
  class space    used 3476K, committed 3648K, reserved 1048576K
}
Event: 2.414 GC heap before
{Heap before GC invocations=7 (full 0):
 garbage-first heap   total 155648K, used 104324K [0x0000000700c00000, 0x0000000800000000)
  region size 2048K, 45 young (92160K), 1 survivors (2048K)
 Metaspace       used 33571K, committed 33856K, reserved 1081344K
  class space    used 4276K, committed 4416K, reserved 1048576K
}
Event: 2.423 GC heap after
{Heap after GC invocations=8 (full 0):
 garbage-first heap   total 155648K, used 27738K [0x0000000700c00000, 0x0000000800000000)
  region size 2048K, 6 young (12288K), 6 survivors (12288K)
 Metaspace       used 33571K, committed 33856K, reserved 1081344K
  class space    used 4276K, committed 4416K, reserved 1048576K
}
Event: 2.544 GC heap before
{Heap before GC invocations=8 (full 0):
 garbage-first heap   total 155648K, used 91226K [0x0000000700c00000, 0x0000000800000000)
  region size 2048K, 37 young (75776K), 6 survivors (12288K)
 Metaspace       used 34584K, committed 34880K, reserved 1081344K
  class space    used 4482K, committed 4608K, reserved 1048576K
}
Event: 2.555 GC heap after
{Heap after GC invocations=9 (full 0):
 garbage-first heap   total 155648K, used 41419K [0x0000000700c00000, 0x0000000800000000)
  region size 2048K, 5 young (10240K), 5 survivors (10240K)
 Metaspace       used 34584K, committed 34880K, reserved 1081344K
  class space    used 4482K, committed 4608K, reserved 1048576K
}
Event: 2.909 GC heap before
{Heap before GC invocations=9 (full 0):
 garbage-first heap   total 155648K, used 94667K [0x0000000700c00000, 0x0000000800000000)
  region size 2048K, 32 young (65536K), 5 survivors (10240K)
 Metaspace       used 35176K, committed 35520K, reserved 1081344K
  class space    used 4581K, committed 4736K, reserved 1048576K
}
Event: 2.930 GC heap after
{Heap after GC invocations=10 (full 0):
 garbage-first heap   total 155648K, used 57004K [0x0000000700c00000, 0x0000000800000000)
  region size 2048K, 4 young (8192K), 4 survivors (8192K)
 Metaspace       used 35176K, committed 35520K, reserved 1081344K
  class space    used 4581K, committed 4736K, reserved 1048576K
}
Event: 2.947 GC heap before
{Heap before GC invocations=10 (full 0):
 garbage-first heap   total 155648K, used 102060K [0x0000000700c00000, 0x0000000800000000)
  region size 2048K, 27 young (55296K), 4 survivors (8192K)
 Metaspace       used 35208K, committed 35520K, reserved 1081344K
  class space    used 4589K, committed 4736K, reserved 1048576K
}
Event: 2.954 GC heap after
{Heap after GC invocations=11 (full 0):
 garbage-first heap   total 225280K, used 61240K [0x0000000700c00000, 0x0000000800000000)
  region size 2048K, 2 young (4096K), 2 survivors (4096K)
 Metaspace       used 35208K, committed 35520K, reserved 1081344K
  class space    used 4589K, committed 4736K, reserved 1048576K
}
Event: 2.980 GC heap before
{Heap before GC invocations=11 (full 0):
 garbage-first heap   total 225280K, used 155448K [0x0000000700c00000, 0x0000000800000000)
  region size 2048K, 49 young (100352K), 2 survivors (4096K)
 Metaspace       used 35288K, committed 35584K, reserved 1081344K
  class space    used 4595K, committed 4736K, reserved 1048576K
}
Event: 2.984 GC heap after
{Heap after GC invocations=12 (full 0):
 garbage-first heap   total 225280K, used 64553K [0x0000000700c00000, 0x0000000800000000)
  region size 2048K, 3 young (6144K), 3 survivors (6144K)
 Metaspace       used 35288K, committed 35584K, reserved 1081344K
  class space    used 4595K, committed 4736K, reserved 1048576K
}
Event: 2.999 GC heap before
{Heap before GC invocations=12 (full 0):
 garbage-first heap   total 225280K, used 162857K [0x0000000700c00000, 0x0000000800000000)
  region size 2048K, 52 young (106496K), 3 survivors (6144K)
 Metaspace       used 35288K, committed 35584K, reserved 1081344K
  class space    used 4595K, committed 4736K, reserved 1048576K
}
Event: 3.004 GC heap after
{Heap after GC invocations=13 (full 0):
 garbage-first heap   total 225280K, used 69202K [0x0000000700c00000, 0x0000000800000000)
  region size 2048K, 6 young (12288K), 6 survivors (12288K)
 Metaspace       used 35288K, committed 35584K, reserved 1081344K
  class space    used 4595K, committed 4736K, reserved 1048576K
}
Event: 3.023 GC heap before
{Heap before GC invocations=13 (full 0):
 garbage-first heap   total 225280K, used 167506K [0x0000000700c00000, 0x0000000800000000)
  region size 2048K, 55 young (112640K), 6 survivors (12288K)
 Metaspace       used 35288K, committed 35584K, reserved 1081344K
  class space    used 4595K, committed 4736K, reserved 1048576K
}
Event: 3.029 GC heap after
{Heap after GC invocations=14 (full 0):
 garbage-first heap   total 225280K, used 72544K [0x0000000700c00000, 0x0000000800000000)
  region size 2048K, 5 young (10240K), 5 survivors (10240K)
 Metaspace       used 35288K, committed 35584K, reserved 1081344K
  class space    used 4595K, committed 4736K, reserved 1048576K
}
Event: 3.045 GC heap before
{Heap before GC invocations=14 (full 0):
 garbage-first heap   total 225280K, used 170848K [0x0000000700c00000, 0x0000000800000000)
  region size 2048K, 54 young (110592K), 5 survivors (10240K)
 Metaspace       used 35288K, committed 35584K, reserved 1081344K
  class space    used 4595K, committed 4736K, reserved 1048576K
}

Deoptimization events (16 events):
Event: 0.680 Thread 0x0000021f40de6c60 DEOPT PACKING pc=0x0000021f43e8c701 sp=0x0000006b312fd880
Event: 0.680 Thread 0x0000021f40de6c60 DEOPT UNPACKING pc=0x0000021f43ac2b43 sp=0x0000006b312fccf0 mode 3
Event: 1.227 Thread 0x0000021f40de6c60 DEOPT PACKING pc=0x0000021f43fb2679 sp=0x0000006b312fd030
Event: 1.227 Thread 0x0000021f40de6c60 DEOPT UNPACKING pc=0x0000021f43ac2b43 sp=0x0000006b312fc510 mode 3
Event: 1.511 Thread 0x0000021f40de6c60 DEOPT PACKING pc=0x0000021f44074b01 sp=0x0000006b312fcd00
Event: 1.511 Thread 0x0000021f40de6c60 DEOPT UNPACKING pc=0x0000021f43ac2b43 sp=0x0000006b312fc170 mode 3
Event: 2.071 Thread 0x0000021f40de6c60 DEOPT PACKING pc=0x0000021f44117a79 sp=0x0000006b312fc5b0
Event: 2.071 Thread 0x0000021f40de6c60 DEOPT UNPACKING pc=0x0000021f43ac2b43 sp=0x0000006b312fba90 mode 3
Event: 2.142 Thread 0x0000021f5519b030 DEOPT PACKING pc=0x0000021f44174c13 sp=0x0000006b32cfe520
Event: 2.142 Thread 0x0000021f5519b030 DEOPT UNPACKING pc=0x0000021f43ac2b43 sp=0x0000006b32cfda68 mode 3
Event: 2.317 Thread 0x0000021f553a7370 DEOPT PACKING pc=0x0000021f43fb3d09 sp=0x0000006b346fee30
Event: 2.317 Thread 0x0000021f553a7370 DEOPT UNPACKING pc=0x0000021f43ac2b43 sp=0x0000006b346fe2c0 mode 3
Event: 2.331 Thread 0x0000021f553a51c0 DEOPT PACKING pc=0x0000021f43fad11f sp=0x0000006b340fee30
Event: 2.331 Thread 0x0000021f553a51c0 DEOPT UNPACKING pc=0x0000021f43ac2b43 sp=0x0000006b340fe288 mode 3
Event: 2.459 Thread 0x0000021f553c8ce0 DEOPT PACKING pc=0x0000021f442ccb6d sp=0x0000006b34bfd880
Event: 2.459 Thread 0x0000021f553c8ce0 DEOPT UNPACKING pc=0x0000021f43ac2b43 sp=0x0000006b34bfcda8 mode 3

Classes unloaded (0 events):
No events

Classes redefined (0 events):
No events

Internal exceptions (20 events):
Event: 2.242 Thread 0x0000021f553a3180 Exception <a 'sun/nio/fs/WindowsException'{0x0000000708dcf3f8}> (0x0000000708dcf3f8) 
thrown [e:\jenkins\tmp\workspace\build\src\src\hotspot\share\prims\jni.cpp, line 516]
Event: 2.242 Thread 0x0000021f553a3180 Exception <a 'sun/nio/fs/WindowsException'{0x0000000708dcfde8}> (0x0000000708dcfde8) 
thrown [e:\jenkins\tmp\workspace\build\src\src\hotspot\share\prims\jni.cpp, line 516]
Event: 2.242 Thread 0x0000021f553a3180 Exception <a 'sun/nio/fs/WindowsException'{0x0000000708dd0190}> (0x0000000708dd0190) 
thrown [e:\jenkins\tmp\workspace\build\src\src\hotspot\share\prims\jni.cpp, line 516]
Event: 2.242 Thread 0x0000021f553a3180 Exception <a 'sun/nio/fs/WindowsException'{0x0000000708dd0b90}> (0x0000000708dd0b90) 
thrown [e:\jenkins\tmp\workspace\build\src\src\hotspot\share\prims\jni.cpp, line 516]
Event: 2.242 Thread 0x0000021f553a3180 Exception <a 'sun/nio/fs/WindowsException'{0x0000000708dd0f50}> (0x0000000708dd0f50) 
thrown [e:\jenkins\tmp\workspace\build\src\src\hotspot\share\prims\jni.cpp, line 516]
Event: 2.242 Thread 0x0000021f553a3180 Exception <a 'sun/nio/fs/WindowsException'{0x0000000708dd1950}> (0x0000000708dd1950) 
thrown [e:\jenkins\tmp\workspace\build\src\src\hotspot\share\prims\jni.cpp, line 516]
Event: 2.242 Thread 0x0000021f553a3180 Exception <a 'sun/nio/fs/WindowsException'{0x0000000708dd1d00}> (0x0000000708dd1d00) 
thrown [e:\jenkins\tmp\workspace\build\src\src\hotspot\share\prims\jni.cpp, line 516]
Event: 2.242 Thread 0x0000021f553a3180 Exception <a 'sun/nio/fs/WindowsException'{0x0000000708dd2700}> (0x0000000708dd2700) 
thrown [e:\jenkins\tmp\workspace\build\src\src\hotspot\share\prims\jni.cpp, line 516]
Event: 2.242 Thread 0x0000021f553a3180 Exception <a 'sun/nio/fs/WindowsException'{0x0000000708dd2ac0}> (0x0000000708dd2ac0) 
thrown [e:\jenkins\tmp\workspace\build\src\src\hotspot\share\prims\jni.cpp, line 516]
Event: 2.242 Thread 0x0000021f553a3180 Exception <a 'sun/nio/fs/WindowsException'{0x0000000708dd34e8}> (0x0000000708dd34e8) 
thrown [e:\jenkins\tmp\workspace\build\src\src\hotspot\share\prims\jni.cpp, line 516]
Event: 2.242 Thread 0x0000021f553a3180 Exception <a 'sun/nio/fs/WindowsException'{0x0000000708dd38c8}> (0x0000000708dd38c8) 
thrown [e:\jenkins\tmp\workspace\build\src\src\hotspot\share\prims\jni.cpp, line 516]
Event: 2.243 Thread 0x0000021f553a3180 Exception <a 'sun/nio/fs/WindowsException'{0x0000000708dd4300}> (0x0000000708dd4300) 
thrown [e:\jenkins\tmp\workspace\build\src\src\hotspot\share\prims\jni.cpp, line 516]
Event: 2.243 Thread 0x0000021f553a3180 Exception <a 'sun/nio/fs/WindowsException'{0x0000000708dd46f0}> (0x0000000708dd46f0) 
thrown [e:\jenkins\tmp\workspace\build\src\src\hotspot\share\prims\jni.cpp, line 516]
Event: 2.243 Thread 0x0000021f553a3180 Exception <a 'sun/nio/fs/WindowsException'{0x0000000708dd5118}> (0x0000000708dd5118) 
thrown [e:\jenkins\tmp\workspace\build\src\src\hotspot\share\prims\jni.cpp, line 516]
Event: 2.243 Thread 0x0000021f553a3180 Exception <a 'sun/nio/fs/WindowsException'{0x0000000708dd5508}> (0x0000000708dd5508) 
thrown [e:\jenkins\tmp\workspace\build\src\src\hotspot\share\prims\jni.cpp, line 516]
Event: 2.456 Thread 0x0000021f553c8ce0 Exception <a 'java/lang/NoSuchMethodError'{0x00000007097be5e8}: 'java.lang.Object java.lang.invoke.DirectMethodHandle$Holder.invokeStatic(java.lang.Object, int, java.lang.Object)'> (0x00000007097be5e8) 
thrown [e:\jenkins\tmp\workspace\build\src\src\hotspot\share\interpreter\linkResolver.cpp, line 766]
Event: 2.457 Thread 0x0000021f553c3fe0 Exception <a 'java/lang/NoSuchMethodError'{0x0000000709445ca8}: 'java.lang.Object java.lang.invoke.DirectMethodHandle$Holder.invokeStatic(java.lang.Object, java.lang.Object, java.lang.Object, int, java.lang.Object, java.lang.Object)'> (0x0000000709445ca8) 
thrown [e:\jenkins\tmp\workspace\build\src\src\hotspot\share\interpreter\linkResolver.cpp, line 766]
Event: 2.564 Thread 0x0000021f553c8ce0 Exception <a 'java/lang/NoSuchMethodError'{0x000000070f7b75f0}: 'int java.lang.invoke.DirectMethodHandle$Holder.invokeStatic(java.lang.Object)'> (0x000000070f7b75f0) 
thrown [e:\jenkins\tmp\workspace\build\src\src\hotspot\share\interpreter\linkResolver.cpp, line 766]
Event: 2.564 Thread 0x0000021f553c8ce0 Exception <a 'java/lang/NoSuchMethodError'{0x000000070f7bad48}: 'int java.lang.invoke.DirectMethodHandle$Holder.invokeStaticInit(java.lang.Object)'> (0x000000070f7bad48) 
thrown [e:\jenkins\tmp\workspace\build\src\src\hotspot\share\interpreter\linkResolver.cpp, line 766]
Event: 2.582 Thread 0x0000021f553c3fe0 Exception <a 'java/lang/NoSuchMethodError'{0x0000000709d258a0}: 'int java.lang.invoke.DirectMethodHandle$Holder.invokeVirtual(java.lang.Object, java.lang.Object)'> (0x0000000709d258a0) 
thrown [e:\jenkins\tmp\workspace\build\src\src\hotspot\share\interpreter\linkResolver.cpp, line 766]

VM Operations (20 events):
Event: 2.944 Executing VM operation: HandshakeAllThreads done
Event: 2.946 Executing VM operation: G1CollectForAllocation
Event: 2.947 Executing VM operation: G1CollectForAllocation done
Event: 2.947 Executing VM operation: G1CollectForAllocation
Event: 2.954 Executing VM operation: G1CollectForAllocation done
Event: 2.979 Executing VM operation: G1CollectForAllocation
Event: 2.980 Executing VM operation: G1CollectForAllocation done
Event: 2.980 Executing VM operation: G1CollectForAllocation
Event: 2.984 Executing VM operation: G1CollectForAllocation done
Event: 2.998 Executing VM operation: G1CollectForAllocation
Event: 2.999 Executing VM operation: G1CollectForAllocation done
Event: 2.999 Executing VM operation: G1CollectForAllocation
Event: 3.004 Executing VM operation: G1CollectForAllocation done
Event: 3.022 Executing VM operation: G1CollectForAllocation
Event: 3.023 Executing VM operation: G1CollectForAllocation done
Event: 3.023 Executing VM operation: G1CollectForAllocation
Event: 3.029 Executing VM operation: G1CollectForAllocation done
Event: 3.045 Executing VM operation: G1CollectForAllocation
Event: 3.045 Executing VM operation: G1CollectForAllocation done
Event: 3.045 Executing VM operation: G1CollectForAllocation

Events (20 events):
Event: 2.575 Thread 0x0000021f553c2ca0 Thread added: 0x0000021f553c2ca0
Event: 2.575 loading class java/util/concurrent/CompletableFuture$UniExceptionally
Event: 2.575 loading class java/util/concurrent/CompletableFuture$UniExceptionally done
Event: 2.576 loading class java/util/concurrent/CompletableFuture$Signaller
Event: 2.576 loading class java/util/concurrent/CompletableFuture$Signaller done
Event: 2.578 loading class java/util/concurrent/CompletionException
Event: 2.578 loading class java/util/concurrent/CompletionException done
Event: 2.584 loading class java/io/PrintWriter
Event: 2.584 loading class java/io/PrintWriter done
Event: 2.586 loading class sun/nio/cs/StringUTF16
Event: 2.586 loading class sun/nio/cs/StringUTF16 done
Event: 2.588 loading class java/util/WeakHashMap$EntrySet
Event: 2.588 loading class java/util/WeakHashMap$EntrySet done
Event: 2.588 loading class java/util/WeakHashMap$EntryIterator
Event: 2.588 loading class java/util/WeakHashMap$HashIterator
Event: 2.588 loading class java/util/WeakHashMap$HashIterator done
Event: 2.588 loading class java/util/WeakHashMap$EntryIterator done
Event: 2.674 Thread 0x0000021f553c1e30 Thread added: 0x0000021f553c1e30
Event: 2.693 loading class java/util/regex/Pattern$1
Event: 2.693 loading class java/util/regex/Pattern$1 done


Dynamic libraries:
0x00007ff71b000000 - 0x00007ff71b00e000 	c:\Users\brenz\.vscode\extensions\redhat.java-1.9.0-win32-x64\jre\17.0.3-win32-x86_64\bin\java.exe
0x00007ff8550f0000 - 0x00007ff8552e8000 	C:\Windows\SYSTEM32\ntdll.dll
0x00007ff854210000 - 0x00007ff8542cd000 	C:\Windows\System32\KERNEL32.DLL
0x00007ff852ae0000 - 0x00007ff852dae000 	C:\Windows\System32\KERNELBASE.dll
0x00007ff8529e0000 - 0x00007ff852ae0000 	C:\Windows\System32\ucrtbase.dll
0x00007ff842e30000 - 0x00007ff842e48000 	c:\Users\brenz\.vscode\extensions\redhat.java-1.9.0-win32-x64\jre\17.0.3-win32-x86_64\bin\jli.dll
0x00007ff84e6b0000 - 0x00007ff84e6c9000 	c:\Users\brenz\.vscode\extensions\redhat.java-1.9.0-win32-x64\jre\17.0.3-win32-x86_64\bin\VCRUNTIME140.dll
0x00007ff854c30000 - 0x00007ff854dd0000 	C:\Windows\System32\USER32.dll
0x00007ff853120000 - 0x00007ff853142000 	C:\Windows\System32\win32u.dll
0x00007ff851c20000 - 0x00007ff851eba000 	C:\Windows\WinSxS\amd64_microsoft.windows.common-controls_6595b64144ccf1df_6.0.19041.1110_none_60b5254171f9507e\COMCTL32.dll
0x00007ff854a60000 - 0x00007ff854a8a000 	C:\Windows\System32\GDI32.dll
0x00007ff854610000 - 0x00007ff8546ae000 	C:\Windows\System32\msvcrt.dll
0x00007ff852f10000 - 0x00007ff85301b000 	C:\Windows\System32\gdi32full.dll
0x00007ff852e40000 - 0x00007ff852edd000 	C:\Windows\System32\msvcp_win.dll
0x00007ff854760000 - 0x00007ff854790000 	C:\Windows\System32\IMM32.DLL
0x00007ff850980000 - 0x00007ff85098c000 	c:\Users\brenz\.vscode\extensions\redhat.java-1.9.0-win32-x64\jre\17.0.3-win32-x86_64\bin\vcruntime140_1.dll
0x00007fffd09f0000 - 0x00007fffd0a81000 	c:\Users\brenz\.vscode\extensions\redhat.java-1.9.0-win32-x64\jre\17.0.3-win32-x86_64\bin\msvcp140.dll
0x00007fffbe9d0000 - 0x00007fffbf618000 	c:\Users\brenz\.vscode\extensions\redhat.java-1.9.0-win32-x64\jre\17.0.3-win32-x86_64\bin\server\jvm.dll
0x00007ff8546b0000 - 0x00007ff85475e000 	C:\Windows\System32\ADVAPI32.dll
0x00007ff854360000 - 0x00007ff8543fc000 	C:\Windows\System32\sechost.dll
0x00007ff854f80000 - 0x00007ff8550a5000 	C:\Windows\System32\RPCRT4.dll
0x00007ff854800000 - 0x00007ff854808000 	C:\Windows\System32\PSAPI.DLL
0x00007ff845d80000 - 0x00007ff845d89000 	C:\Windows\SYSTEM32\WSOCK32.dll
0x00007ff849c20000 - 0x00007ff849c47000 	C:\Windows\SYSTEM32\WINMM.dll
0x00007ff854790000 - 0x00007ff8547fb000 	C:\Windows\System32\WS2_32.dll
0x00007ff84f5c0000 - 0x00007ff84f5ca000 	C:\Windows\SYSTEM32\VERSION.dll
0x00007ff84fa50000 - 0x00007ff84fa62000 	C:\Windows\SYSTEM32\kernel.appcore.dll
0x00007ff850570000 - 0x00007ff85057a000 	c:\Users\brenz\.vscode\extensions\redhat.java-1.9.0-win32-x64\jre\17.0.3-win32-x86_64\bin\jimage.dll
0x00007ff852240000 - 0x00007ff852424000 	C:\Windows\SYSTEM32\DBGHELP.DLL
0x00007ff8312a0000 - 0x00007ff8312cc000 	C:\Windows\SYSTEM32\dbgcore.DLL
0x00007ff852db0000 - 0x00007ff852e32000 	C:\Windows\System32\bcryptPrimitives.dll
0x00007ff841520000 - 0x00007ff841545000 	c:\Users\brenz\.vscode\extensions\redhat.java-1.9.0-win32-x64\jre\17.0.3-win32-x86_64\bin\java.dll
0x00007ff841d90000 - 0x00007ff841da8000 	c:\Users\brenz\.vscode\extensions\redhat.java-1.9.0-win32-x64\jre\17.0.3-win32-x86_64\bin\zip.dll
0x00007ff853990000 - 0x00007ff8540d4000 	C:\Windows\System32\SHELL32.dll
0x00007ff84fc50000 - 0x00007ff8503e4000 	C:\Windows\SYSTEM32\windows.storage.dll
0x00007ff853150000 - 0x00007ff8534a4000 	C:\Windows\System32\combase.dll
0x00007ff851b80000 - 0x00007ff851bb0000 	C:\Windows\SYSTEM32\Wldp.dll
0x00007ff8540e0000 - 0x00007ff85418d000 	C:\Windows\System32\SHCORE.dll
0x00007ff854810000 - 0x00007ff854865000 	C:\Windows\System32\shlwapi.dll
0x00007ff852750000 - 0x00007ff85276f000 	C:\Windows\SYSTEM32\profapi.dll
0x00007ff841bb0000 - 0x00007ff841bc9000 	C:\Users\brenz\.vscode\extensions\redhat.java-1.9.0-win32-x64\jre\17.0.3-win32-x86_64\bin\net.dll
0x00007ff8420f0000 - 0x00007ff8421fa000 	C:\Windows\SYSTEM32\WINHTTP.dll
0x00007ff851a50000 - 0x00007ff851aba000 	C:\Windows\system32\mswsock.dll
0x00007ff83eb50000 - 0x00007ff83eb65000 	C:\Users\brenz\.vscode\extensions\redhat.java-1.9.0-win32-x64\jre\17.0.3-win32-x86_64\bin\nio.dll
0x00007ff846b60000 - 0x00007ff846b70000 	c:\Users\brenz\.vscode\extensions\redhat.java-1.9.0-win32-x64\jre\17.0.3-win32-x86_64\bin\verify.dll
0x00007ff846b00000 - 0x00007ff846b09000 	C:\Users\brenz\.vscode\extensions\redhat.java-1.9.0-win32-x64\jre\17.0.3-win32-x86_64\bin\management.dll
0x00007ff841c40000 - 0x00007ff841c4b000 	C:\Users\brenz\.vscode\extensions\redhat.java-1.9.0-win32-x64\jre\17.0.3-win32-x86_64\bin\management_ext.dll
0x00007ff822710000 - 0x00007ff822727000 	C:\Windows\system32\napinsp.dll
0x00007ff8225f0000 - 0x00007ff82260b000 	C:\Windows\system32\pnrpnsp.dll
0x00007ff8225d0000 - 0x00007ff8225e5000 	C:\Windows\system32\wshbth.dll
0x00007ff84df70000 - 0x00007ff84df8d000 	C:\Windows\system32\NLAapi.dll
0x00007ff8515d0000 - 0x00007ff85160b000 	C:\Windows\SYSTEM32\IPHLPAPI.DLL
0x00007ff851610000 - 0x00007ff8516db000 	C:\Windows\SYSTEM32\DNSAPI.dll
0x00007ff854af0000 - 0x00007ff854af8000 	C:\Windows\System32\NSI.dll
0x00007ff8225b0000 - 0x00007ff8225c2000 	C:\Windows\System32\winrnr.dll
0x00007ff842fb0000 - 0x00007ff842fba000 	C:\Windows\System32\rasadhlp.dll
0x00007ff840720000 - 0x00007ff8407a0000 	C:\Windows\System32\fwpuclnt.dll
0x00007ff852ee0000 - 0x00007ff852f07000 	C:\Windows\System32\bcrypt.dll
0x00007ff8525a0000 - 0x00007ff8525b8000 	C:\Windows\SYSTEM32\CRYPTSP.dll
0x00007ff851280000 - 0x00007ff8512b4000 	C:\Windows\system32\rsaenh.dll
0x00007ff8526d0000 - 0x00007ff8526fe000 	C:\Windows\SYSTEM32\USERENV.dll
0x00007ff851b40000 - 0x00007ff851b4c000 	C:\Windows\SYSTEM32\CRYPTBASE.dll
0x00007ff84bd20000 - 0x00007ff84bd37000 	C:\Windows\SYSTEM32\dhcpcsvc6.DLL
0x00007ff84bd00000 - 0x00007ff84bd1d000 	C:\Windows\SYSTEM32\dhcpcsvc.DLL

dbghelp: loaded successfully - version: 4.0.5 - missing functions: none
symbol engine: initialized successfully - sym options: 0x614 - pdb path: .;c:\Users\brenz\.vscode\extensions\redhat.java-1.9.0-win32-x64\jre\17.0.3-win32-x86_64\bin;C:\Windows\SYSTEM32;C:\Windows\WinSxS\amd64_microsoft.windows.common-controls_6595b64144ccf1df_6.0.19041.1110_none_60b5254171f9507e;c:\Users\brenz\.vscode\extensions\redhat.java-1.9.0-win32-x64\jre\17.0.3-win32-x86_64\bin\server

VM Arguments:
jvm_args: -Dsts.lsp.client=vscode -Dsts.log.file=/dev/null -XX:TieredStopAtLevel=1 -Dspring.config.location=file:c:\Users\brenz\.vscode\extensions\pivotal.vscode-spring-boot-1.37.0\language-server\BOOT-INF\classes\application.properties 
java_command: org.springframework.ide.vscode.boot.app.BootLanguageServerBootApp
java_class_path (initial): c:\Users\brenz\.vscode\extensions\pivotal.vscode-spring-boot-1.37.0\language-server\BOOT-INF\classes;c:\Users\brenz\.vscode\extensions\pivotal.vscode-spring-boot-1.37.0\language-server\BOOT-INF\lib\annotations-23.0.0.jar;c:\Users\brenz\.vscode\extensions\pivotal.vscode-spring-boot-1.37.0\language-server\BOOT-INF\lib\antlr-runtime-3.5.2.jar;c:\Users\brenz\.vscode\extensions\pivotal.vscode-spring-boot-1.37.0\language-server\BOOT-INF\lib\antlr4-4.9.3.jar;c:\Users\brenz\.vscode\extensions\pivotal.vscode-spring-boot-1.37.0\language-server\BOOT-INF\lib\antlr4-runtime-4.9.3.jar;c:\Users\brenz\.vscode\extensions\pivotal.vscode-spring-boot-1.37.0\language-server\BOOT-INF\lib\asm-9.3.jar;c:\Users\brenz\.vscode\extensions\pivotal.vscode-spring-boot-1.37.0\language-server\BOOT-INF\lib\asm-analysis-9.3.jar;c:\Users\brenz\.vscode\extensions\pivotal.vscode-spring-boot-1.37.0\language-server\BOOT-INF\lib\asm-tree-9.3.jar;c:\Users\brenz\.vscode\extensions\pivotal.vscode-spring-boot-1.37.0\language-server\BOOT-INF\lib\asm-util-9.3.jar;c:\Users\brenz\.vscode\extensions\pivotal.vscode-spring-boot-1.37.0\language-server\BOOT-INF\lib\byte-buddy-1.10.18.jar;c:\Users\brenz\.vscode\extensions\pivotal.vscode-spring-boot-1.37.0\language-server\BOOT-INF\lib\caffeine-2.8.6.jar;c:\Users\brenz\.vscode\extensions\pivotal.vscode-spring-boot-1.37.0\language-server\BOOT-INF\lib\checker-qual-3.12.0.jar;c:\Users\brenz\.vscode\extensions\pivotal.vscode-spring-boot-1.37.0\language-server\BOOT-INF\lib\classgraph-4.8.149.jar;c:\Users\brenz\.vscode\extensions\pivotal.vscode-spring-boot-1.37.0\language-server\BOOT-INF\lib\commons-codec-1.14.jar;c:\Users\brenz\.vscode\extensions\pivotal.vscode-spring-boot-1.37.0\language-server\BOOT-INF\lib\commons-compress-1.21.jar;c:\Users\brenz\.vscode\extensions\pivotal.vscode-spring-boot-1.37.0\language-server\BOOT-INF\lib\commons-exec-1.3.jar;c:\Users\brenz\.vscode\extensions\pivotal.vscode-spring-boot-1.37.0\language-server\BOOT-INF\lib\com
Launcher Type: SUN_STANDARD

[Global flags]
     intx CICompilerCount                          = 4                                         {product} {ergonomic}
     uint ConcGCThreads                            = 3                                         {product} {ergonomic}
     uint G1ConcRefinementThreads                  = 10                                        {product} {ergonomic}
   size_t G1HeapRegionSize                         = 2097152                                   {product} {ergonomic}
    uintx GCDrainStackTargetSize                   = 64                                        {product} {ergonomic}
   size_t InitialHeapSize                          = 268435456                                 {product} {ergonomic}
   size_t MarkStackSize                            = 4194304                                   {product} {ergonomic}
   size_t MaxHeapSize                              = 4282384384                                {product} {ergonomic}
   size_t MaxNewSize                               = 2569011200                                {product} {ergonomic}
   size_t MinHeapDeltaBytes                        = 2097152                                   {product} {ergonomic}
   size_t MinHeapSize                              = 8388608                                   {product} {ergonomic}
    uintx NonProfiledCodeHeapSize                  = 0                                      {pd product} {ergonomic}
     bool ProfileInterpreter                       = false                                  {pd product} {command line}
    uintx ProfiledCodeHeapSize                     = 0                                      {pd product} {ergonomic}
   size_t SoftMaxHeapSize                          = 4282384384                             {manageable} {ergonomic}
     intx TieredStopAtLevel                        = 1                                         {product} {command line}
     bool UseCompressedClassPointers               = true                           {product lp64_product} {ergonomic}
     bool UseCompressedOops                        = true                           {product lp64_product} {ergonomic}
     bool UseG1GC                                  = true                                      {product} {ergonomic}
     bool UseLargePagesIndividualAllocation        = false                                  {pd product} {ergonomic}

Logging:
Log output configuration:
 #0: stdout all=warning uptime,level,tags
 #1: stderr all=off uptime,level,tags

Environment Variables:
PATH=C:\Program Files\Zulu\zulu-11\bin\;C:\Program Files\Oculus\Support\oculus-runtime;C:\Program Files (x86)\Common Files\Intel\Shared Libraries\redist\intel64\compiler;C:\Program Files\Common Files\Oracle\Java\javapath;C:\Program Files (x86)\Common Files\Oracle\Java\javapath;C:\Windows\system32;C:\Windows;C:\Windows\System32\Wbem;C:\Windows\System32\WindowsPowerShell\v1.0\;C:\Windows\System32\OpenSSH\;C:\Program Files\NVIDIA Corporation\NVIDIA NvDLISR;C:\Program Files (x86)\NVIDIA Corporation\PhysX\Common;C:\Program Files\Git\cmd;C:\MinGW\bin;C:\Program Files\dotnet\;C:\Program Files\nodejs\;C:\Program Files\MySQL\MySQL Shell 8.0\bin\;C:\Users\brenz\AppData\Local\Programs\Python\Python38\Scripts\;C:\Users\brenz\AppData\Local\Programs\Python\Python38\;C:\Users\brenz\AppData\Local\Microsoft\WindowsApps;C:\Users\brenz\AppData\Local\Programs\Microsoft VS Code\bin;C:\Users\brenz\AppData\Local\GitHubDesktop\bin;C:\Users\brenz\.dotnet\tools;C:\Users\brenz\AppData\Roaming\npm;C:\Program Files\JetBrains\IntelliJ IDEA Community Edition 2022.1.1\bin;
USERNAME=brenz
OS=Windows_NT
PROCESSOR_IDENTIFIER=AMD64 Family 23 Model 8 Stepping 2, AuthenticAMD



---------------  S Y S T E M  ---------------

OS:
 Windows 10 , 64 bit Build 19041 (10.0.19041.1806)
OS uptime: 1 days 0:23 hours

CPU: total 12 (initial active 12) (12 cores per cpu, 2 threads per core) family 23 model 8 stepping 2 microcode 0x0, cx8, cmov, fxsr, ht, mmx, 3dnowpref, sse, sse2, sse3, ssse3, sse4a, sse4.1, sse4.2, popcnt, lzcnt, tsc, tscinvbit, avx, avx2, aes, clmul, bmi1, bmi2, adx, sha, fma, vzeroupper, clflush, clflushopt

Memory: 4k page, system-wide physical 16333M (2587M free)
TotalPageFile size 26333M (AvailPageFile size 120M)
current process WorkingSet (physical memory assigned to process): 325M, peak: 325M
current process commit charge ("private bytes"): 405M, peak: 735M

vm_info: OpenJDK 64-Bit Server VM (17.0.3+7) for windows-amd64 JRE (17.0.3+7), built on Apr 19 2022 16:55:35 by "" with MS VC++ 16.7 (VS2019)

END.
