#
# There is insufficient memory for the Java Runtime Environment to continue.
# Native memory allocation (malloc) failed to allocate 2097152 bytes for AllocateHeap
# Possible reasons:
#   The system is out of physical RAM or swap space
#   The process is running with CompressedOops enabled, and the Java Heap may be blocking the growth of the native heap
# Possible solutions:
#   Reduce memory load on the system
#   Increase physical memory or swap space
#   Check if swap backing store is full
#   Decrease Java heap size (-Xmx/-Xms)
#   Decrease number of Java threads
#   Decrease Java thread stack sizes (-Xss)
#   Set larger code cache with -XX:ReservedCodeCacheSize=
#   JVM is running with Zero Based Compressed Oops mode in which the Java heap is
#     placed in the first 32GB address space. The Java Heap base address is the
#     maximum limit for the native heap growth. Please use -XX:HeapBaseMinAddress
#     to set the Java Heap base and to place the Java Heap above 32GB virtual address.
# This output file may be truncated or incomplete.
#
#  Out of Memory Error (allocation.cpp:44), pid=5748, tid=15620
#
# JRE version: OpenJDK Runtime Environment Temurin-17.0.3+7 (17.0.3+7) (build 17.0.3+7)
# Java VM: OpenJDK 64-Bit Server VM Temurin-17.0.3+7 (17.0.3+7, mixed mode, emulated-client, tiered, compressed oops, compressed class ptrs, g1 gc, windows-amd64)
# No core dump will be written. Minidumps are not enabled by default on client versions of Windows
#

---------------  S U M M A R Y ------------

Command Line: -Dsts.lsp.client=vscode -Dsts.log.file=/dev/null -XX:TieredStopAtLevel=1 -Dspring.config.location=file:c:\Users\brenz\.vscode\extensions\pivotal.vscode-spring-boot-1.37.0\language-server\BOOT-INF\classes\application.properties org.springframework.ide.vscode.boot.app.BootLanguageServerBootApp

Host: AMD Ryzen 5 2600X Six-Core Processor           , 12 cores, 15G,  Windows 10 , 64 bit Build 19041 (10.0.19041.1806)
Time: Tue Aug  9 14:47:33 2022 Eastern Daylight Time elapsed time: 2856.823366 seconds (0d 0h 47m 36s)

---------------  T H R E A D  ---------------

Current thread (0x000001fd22a2ec80):  VMThread "VM Thread" [stack: 0x000000c137300000,0x000000c137400000] [id=15620]

Stack: [0x000000c137300000,0x000000c137400000]
Native frames: (J=compiled Java code, j=interpreted, Vv=VM code, C=native code)
V  [jvm.dll+0x675efa]
V  [jvm.dll+0x830a24]
V  [jvm.dll+0x8321ce]
V  [jvm.dll+0x832833]
V  [jvm.dll+0x2454b5]
V  [jvm.dll+0xa6393]
V  [jvm.dll+0x2f5651]
V  [jvm.dll+0x2f12d0]
V  [jvm.dll+0x2d99b7]
V  [jvm.dll+0x31cac7]
V  [jvm.dll+0x836cdb]
V  [jvm.dll+0x837a14]
V  [jvm.dll+0x837f2c]
V  [jvm.dll+0x838304]
V  [jvm.dll+0x8383d0]
V  [jvm.dll+0x7e0cfa]
V  [jvm.dll+0x674d85]
C  [ucrtbase.dll+0x21bb2]
C  [KERNEL32.DLL+0x17034]
C  [ntdll.dll+0x52651]

VM_Operation (0x000000c138efef40): G1CollectFull, mode: safepoint, requested by thread 0x000001fd255ca0d0


---------------  P R O C E S S  ---------------

Threads class SMR info:
_java_thread_list=0x000001fd27c6b860, length=30, elements={
0x000001fd2343a390, 0x000001fd2343b9a0, 0x000001fd23478530, 0x000001fd2347b1c0,
0x000001fd2347d320, 0x000001fd2347e470, 0x000001fd2347fc80, 0x000001fd23489b60,
0x000001fd2368fe60, 0x000001fd236a9420, 0x000001fd255ca0d0, 0x000001fd25638420,
0x000001fd105a6c60, 0x000001fd256968b0, 0x000001fd256963e0, 0x000001fd25699da0,
0x000001fd25698f30, 0x000001fd25695f10, 0x000001fd2569c8f0, 0x000001fd2569b0e0,
0x000001fd256998d0, 0x000001fd25697720, 0x000001fd25ba6cb0, 0x000001fd258cfbb0,
0x000001fd274cdee0, 0x000001fd258d0080, 0x000001fd25ba8330, 0x000001fd23590110,
0x000001fd235905e0, 0x000001fd23590f80
}

Java Threads: ( => current thread )
  0x000001fd2343a390 JavaThread "Reference Handler" daemon [_thread_blocked, id=18520, stack(0x000000c137400000,0x000000c137500000)]
  0x000001fd2343b9a0 JavaThread "Finalizer" daemon [_thread_blocked, id=16528, stack(0x000000c137500000,0x000000c137600000)]
  0x000001fd23478530 JavaThread "Signal Dispatcher" daemon [_thread_blocked, id=16848, stack(0x000000c137600000,0x000000c137700000)]
  0x000001fd2347b1c0 JavaThread "Attach Listener" daemon [_thread_blocked, id=156, stack(0x000000c137700000,0x000000c137800000)]
  0x000001fd2347d320 JavaThread "Service Thread" daemon [_thread_blocked, id=19968, stack(0x000000c137800000,0x000000c137900000)]
  0x000001fd2347e470 JavaThread "Monitor Deflation Thread" daemon [_thread_blocked, id=16856, stack(0x000000c137900000,0x000000c137a00000)]
  0x000001fd2347fc80 JavaThread "C1 CompilerThread0" daemon [_thread_blocked, id=2948, stack(0x000000c137a00000,0x000000c137b00000)]
  0x000001fd23489b60 JavaThread "Sweeper thread" daemon [_thread_blocked, id=2500, stack(0x000000c137b00000,0x000000c137c00000)]
  0x000001fd2368fe60 JavaThread "Notification Thread" daemon [_thread_blocked, id=9400, stack(0x000000c137d00000,0x000000c137e00000)]
  0x000001fd236a9420 JavaThread "Common-Cleaner" daemon [_thread_blocked, id=11256, stack(0x000000c137f00000,0x000000c138000000)]
  0x000001fd255ca0d0 JavaThread "pool-7-thread-1" [_thread_blocked, id=8980, stack(0x000000c138e00000,0x000000c138f00000)]
  0x000001fd25638420 JavaThread "LanguageServerApp-lifecycle" [_thread_blocked, id=21856, stack(0x000000c138f00000,0x000000c139000000)]
  0x000001fd105a6c60 JavaThread "DestroyJavaVM" [_thread_blocked, id=13184, stack(0x000000c136d00000,0x000000c136e00000)]
  0x000001fd256968b0 JavaThread "pool-8-thread-1" [_thread_in_native, id=12008, stack(0x000000c13a300000,0x000000c13a400000)]
  0x000001fd256963e0 JavaThread "Simple-Language-Server main thread" daemon [_thread_blocked, id=6588, stack(0x000000c13a400000,0x000000c13a500000)]
  0x000001fd25699da0 JavaThread "pool-5-thread-1" [_thread_blocked, id=16656, stack(0x000000c13a500000,0x000000c13a600000)]
  0x000001fd25698f30 JavaThread "parallel-1" daemon [_thread_blocked, id=5896, stack(0x000000c13a900000,0x000000c13aa00000)]
  0x000001fd25695f10 JavaThread "parallel-2" daemon [_thread_blocked, id=12172, stack(0x000000c13aa00000,0x000000c13ab00000)]
  0x000001fd2569c8f0 JavaThread "Reconciler-1" daemon [_thread_blocked, id=20976, stack(0x000000c13ac00000,0x000000c13ad00000)]
  0x000001fd2569b0e0 JavaThread "pool-3-thread-1" [_thread_blocked, id=21916, stack(0x000000c13ad00000,0x000000c13ae00000)]
  0x000001fd256998d0 JavaThread "parallel-3" daemon [_thread_blocked, id=9672, stack(0x000000c13b000000,0x000000c13b100000)]
  0x000001fd25697720 JavaThread "parallel-4" daemon [_thread_blocked, id=22260, stack(0x000000c136a00000,0x000000c136b00000)]
  0x000001fd25ba6cb0 JavaThread "parallel-5" daemon [_thread_blocked, id=21456, stack(0x000000c138000000,0x000000c138100000)]
  0x000001fd258cfbb0 JavaThread "parallel-6" daemon [_thread_blocked, id=1292, stack(0x000000c136b00000,0x000000c136c00000)]
  0x000001fd274cdee0 JavaThread "parallel-7" daemon [_thread_blocked, id=14376, stack(0x000000c136c00000,0x000000c136d00000)]
  0x000001fd258d0080 JavaThread "parallel-8" daemon [_thread_blocked, id=10472, stack(0x000000c139800000,0x000000c139900000)]
  0x000001fd25ba8330 JavaThread "parallel-9" daemon [_thread_blocked, id=21984, stack(0x000000c139b00000,0x000000c139c00000)]
  0x000001fd23590110 JavaThread "parallel-10" daemon [_thread_blocked, id=10572, stack(0x000000c139c00000,0x000000c139d00000)]
  0x000001fd235905e0 JavaThread "parallel-11" daemon [_thread_blocked, id=3692, stack(0x000000c139d00000,0x000000c139e00000)]
  0x000001fd23590f80 JavaThread "parallel-12" daemon [_thread_blocked, id=18948, stack(0x000000c139f00000,0x000000c13a000000)]

Other Threads:
=>0x000001fd22a2ec80 VMThread "VM Thread" [stack: 0x000000c137300000,0x000000c137400000] [id=15620]
  0x000001fd106320c0 WatcherThread [stack: 0x000000c137e00000,0x000000c137f00000] [id=10432]
  0x000001fd106157d0 GCTaskThread "GC Thread#0" [stack: 0x000000c136e00000,0x000000c136f00000] [id=21668]
  0x000001fd24c1bb90 GCTaskThread "GC Thread#1" [stack: 0x000000c138200000,0x000000c138300000] [id=1828]
  0x000001fd23ff0c80 GCTaskThread "GC Thread#2" [stack: 0x000000c138300000,0x000000c138400000] [id=15696]
  0x000001fd23ff1750 GCTaskThread "GC Thread#3" [stack: 0x000000c138400000,0x000000c138500000] [id=4912]
  0x000001fd23ff1a00 GCTaskThread "GC Thread#4" [stack: 0x000000c138500000,0x000000c138600000] [id=19444]
  0x000001fd23ff20c0 GCTaskThread "GC Thread#5" [stack: 0x000000c138600000,0x000000c138700000] [id=7900]
  0x000001fd24e17e00 GCTaskThread "GC Thread#6" [stack: 0x000000c138800000,0x000000c138900000] [id=7708]
  0x000001fd24e0ba10 GCTaskThread "GC Thread#7" [stack: 0x000000c138900000,0x000000c138a00000] [id=19572]
  0x000001fd24dfe030 GCTaskThread "GC Thread#8" [stack: 0x000000c138a00000,0x000000c138b00000] [id=3672]
  0x000001fd24e59860 GCTaskThread "GC Thread#9" [stack: 0x000000c138b00000,0x000000c138c00000] [id=18176]
  0x000001fd10627660 ConcurrentGCThread "G1 Main Marker" [stack: 0x000000c136f00000,0x000000c137000000] [id=16608]
  0x000001fd10628810 ConcurrentGCThread "G1 Conc#0" [stack: 0x000000c137000000,0x000000c137100000] [id=11088]
  0x000001fd25043000 ConcurrentGCThread "G1 Conc#1" [stack: 0x000000c138c00000,0x000000c138d00000] [id=20924]
  0x000001fd250640d0 ConcurrentGCThread "G1 Conc#2" [stack: 0x000000c138d00000,0x000000c138e00000] [id=11344]
  0x000001fd228bb520 ConcurrentGCThread "G1 Refine#0" [stack: 0x000000c137100000,0x000000c137200000] [id=11964]
  0x000001fd258da1c0 ConcurrentGCThread "G1 Refine#1" [stack: 0x000000c13a600000,0x000000c13a700000] [id=16324]
  0x000001fd271e6280 ConcurrentGCThread "G1 Refine#2" [stack: 0x000000c13a700000,0x000000c13a800000] [id=10236]
  0x000001fd2723a070 ConcurrentGCThread "G1 Refine#3" [stack: 0x000000c13a800000,0x000000c13a900000] [id=14608]
  0x000001fd2723b1b0 ConcurrentGCThread "G1 Refine#4" [stack: 0x000000c13b400000,0x000000c13b500000] [id=3420]
  0x000001fd2723b770 ConcurrentGCThread "G1 Refine#5" [stack: 0x000000c13b500000,0x000000c13b600000] [id=15584]
  0x000001fd27239d90 ConcurrentGCThread "G1 Refine#6" [stack: 0x000000c13b600000,0x000000c13b700000] [id=8256]
  0x000001fd2723abf0 ConcurrentGCThread "G1 Refine#7" [stack: 0x000000c138100000,0x000000c138200000] [id=6220]
  0x000001fd2723b490 ConcurrentGCThread "G1 Refine#8" [stack: 0x000000c139000000,0x000000c139100000] [id=17704]
  0x000001fd31c09c70 ConcurrentGCThread "G1 Refine#9" [stack: 0x000000c13bd00000,0x000000c13be00000] [id=17016]
  0x000001fd228bbf40 ConcurrentGCThread "G1 Service" [stack: 0x000000c137200000,0x000000c137300000] [id=10688]

Threads with active compile tasks:

VM state: at safepoint (normal execution)

VM Mutex/Monitor currently owned by a thread:  ([mutex/lock_event])
[0x000001fd0e378380] Threads_lock - owner thread: 0x000001fd22a2ec80
[0x000001fd105a57b0] Heap_lock - owner thread: 0x000001fd255ca0d0

Heap address: 0x0000000700c00000, size: 4084 MB, Compressed Oops mode: Zero based, Oop shift amount: 3

CDS archive(s) not mapped
Compressed class space mapped at: 0x0000000800000000-0x0000000840000000, reserved size: 1073741824
Narrow klass base: 0x0000000800000000, Narrow klass shift: 0, Narrow klass range: 0x40000000

GC Precious Log:
 CPUs: 12 total, 12 available
 Memory: 16333M
 Large Page Support: Disabled
 NUMA Support: Disabled
 Compressed Oops: Enabled (Zero based)
 Heap Region Size: 2M
 Heap Min Capacity: 8M
 Heap Initial Capacity: 256M
 Heap Max Capacity: 4084M
 Pre-touch: Disabled
 Parallel Workers: 10
 Concurrent Workers: 3
 Concurrent Refinement Workers: 10
 Periodic GC: Disabled

Heap:
 garbage-first heap   total 315392K, used 90827K [0x0000000700c00000, 0x0000000800000000)
  region size 2048K, 1 young (2048K), 0 survivors (0K)
 Metaspace       used 61154K, committed 61632K, reserved 1105920K
  class space    used 8194K, committed 8448K, reserved 1048576K

Heap Regions: E=young(eden), S=young(survivor), O=old, HS=humongous(starts), HC=humongous(continues), CS=collection set, F=free, OA=open archive, CA=closed archive, TAMS=top-at-mark-start (previous, next)
|   0|0x0000000700c00000, 0x0000000700e00000, 0x0000000700e00000|100%| O|  |TAMS 0x0000000700e00000, 0x0000000700c00000| Untracked 
|   1|0x0000000700e00000, 0x0000000700ffffd8, 0x0000000701000000| 99%| O|  |TAMS 0x0000000700ffffd8, 0x0000000700e00000| Untracked 
|   2|0x0000000701000000, 0x0000000701200000, 0x0000000701200000|100%| O|  |TAMS 0x0000000701200000, 0x0000000701000000| Untracked 
|   3|0x0000000701200000, 0x00000007013ffff0, 0x0000000701400000| 99%| O|  |TAMS 0x00000007013ffff0, 0x0000000701200000| Untracked 
|   4|0x0000000701400000, 0x00000007015ffff0, 0x0000000701600000| 99%| O|  |TAMS 0x00000007015ffff0, 0x0000000701400000| Untracked 
|   5|0x0000000701600000, 0x00000007017ffff8, 0x0000000701800000| 99%| O|  |TAMS 0x00000007017ffff8, 0x0000000701600000| Untracked 
|   6|0x0000000701800000, 0x00000007019f62e0, 0x0000000701a00000| 98%| O|  |TAMS 0x00000007019f62e0, 0x0000000701800000| Untracked 
|   7|0x0000000701a00000, 0x0000000701bfffc8, 0x0000000701c00000| 99%| O|  |TAMS 0x0000000701bfffc8, 0x0000000701a00000| Untracked 
|   8|0x0000000701c00000, 0x0000000701dfffd0, 0x0000000701e00000| 99%| O|  |TAMS 0x0000000701dfffd0, 0x0000000701c00000| Untracked 
|   9|0x0000000701e00000, 0x0000000701ffffe8, 0x0000000702000000| 99%| O|  |TAMS 0x0000000701ffffe8, 0x0000000701e00000| Untracked 
|  10|0x0000000702000000, 0x00000007021ffff8, 0x0000000702200000| 99%| O|  |TAMS 0x00000007021ffff8, 0x0000000702000000| Untracked 
|  11|0x0000000702200000, 0x00000007023ffff0, 0x0000000702400000| 99%| O|  |TAMS 0x00000007023ffff0, 0x0000000702200000| Untracked 
|  12|0x0000000702400000, 0x00000007025fffe8, 0x0000000702600000| 99%| O|  |TAMS 0x00000007025fffe8, 0x0000000702400000| Untracked 
|  13|0x0000000702600000, 0x00000007027ffff0, 0x0000000702800000| 99%| O|  |TAMS 0x00000007027ffff0, 0x0000000702600000| Untracked 
|  14|0x0000000702800000, 0x00000007029ffff8, 0x0000000702a00000| 99%| O|  |TAMS 0x00000007029ffff8, 0x0000000702800000| Untracked 
|  15|0x0000000702a00000, 0x0000000702bfffb8, 0x0000000702c00000| 99%| O|  |TAMS 0x0000000702bfffb8, 0x0000000702a00000| Untracked 
|  16|0x0000000702c00000, 0x0000000702dfffe0, 0x0000000702e00000| 99%| O|  |TAMS 0x0000000702dfffe0, 0x0000000702c00000| Untracked 
|  17|0x0000000702e00000, 0x0000000702ffffd0, 0x0000000703000000| 99%| O|  |TAMS 0x0000000702ffffd0, 0x0000000702e00000| Untracked 
|  18|0x0000000703000000, 0x00000007031fffe8, 0x0000000703200000| 99%| O|  |TAMS 0x00000007031fffe8, 0x0000000703000000| Untracked 
|  19|0x0000000703200000, 0x00000007033ffff0, 0x0000000703400000| 99%| O|  |TAMS 0x00000007033ffff0, 0x0000000703200000| Untracked 
|  20|0x0000000703400000, 0x00000007035fffd0, 0x0000000703600000| 99%| O|  |TAMS 0x00000007035fffd0, 0x0000000703400000| Untracked 
|  21|0x0000000703600000, 0x00000007037fff68, 0x0000000703800000| 99%| O|  |TAMS 0x00000007037fff68, 0x0000000703600000| Untracked 
|  22|0x0000000703800000, 0x00000007039fffd8, 0x0000000703a00000| 99%| O|  |TAMS 0x00000007039fffd8, 0x0000000703800000| Untracked 
|  23|0x0000000703a00000, 0x0000000703c00000, 0x0000000703c00000|100%| O|  |TAMS 0x0000000703c00000, 0x0000000703a00000| Untracked 
|  24|0x0000000703c00000, 0x0000000703dffff0, 0x0000000703e00000| 99%| O|  |TAMS 0x0000000703dffff0, 0x0000000703c00000| Untracked 
|  25|0x0000000703e00000, 0x0000000703fffff8, 0x0000000704000000| 99%| O|  |TAMS 0x0000000703fffff8, 0x0000000703e00000| Untracked 
|  26|0x0000000704000000, 0x00000007041ffff8, 0x0000000704200000| 99%| O|  |TAMS 0x00000007041ffff8, 0x0000000704000000| Untracked 
|  27|0x0000000704200000, 0x00000007043fffc0, 0x0000000704400000| 99%| O|  |TAMS 0x00000007043fffc0, 0x0000000704200000| Untracked 
|  28|0x0000000704400000, 0x00000007045ffff8, 0x0000000704600000| 99%| O|  |TAMS 0x00000007045ffff8, 0x0000000704400000| Untracked 
|  29|0x0000000704600000, 0x0000000704800000, 0x0000000704800000|100%| O|  |TAMS 0x0000000704800000, 0x0000000704600000| Untracked 
|  30|0x0000000704800000, 0x00000007049ffff8, 0x0000000704a00000| 99%| O|  |TAMS 0x00000007049ffff8, 0x0000000704800000| Untracked 
|  31|0x0000000704a00000, 0x0000000704bffff8, 0x0000000704c00000| 99%| O|  |TAMS 0x0000000704bffff8, 0x0000000704a00000| Untracked 
|  32|0x0000000704c00000, 0x0000000704dfffd8, 0x0000000704e00000| 99%| O|  |TAMS 0x0000000704dfffd8, 0x0000000704c00000| Untracked 
|  33|0x0000000704e00000, 0x0000000704fffff8, 0x0000000705000000| 99%| O|  |TAMS 0x0000000704fffff8, 0x0000000704e00000| Untracked 
|  34|0x0000000705000000, 0x00000007051fffe8, 0x0000000705200000| 99%| O|  |TAMS 0x00000007051fffe8, 0x0000000705000000| Untracked 
|  35|0x0000000705200000, 0x00000007053ffff0, 0x0000000705400000| 99%| O|  |TAMS 0x00000007053ffff0, 0x0000000705200000| Untracked 
|  36|0x0000000705400000, 0x00000007055fffd8, 0x0000000705600000| 99%| O|  |TAMS 0x00000007055fffd8, 0x0000000705400000| Untracked 
|  37|0x0000000705600000, 0x00000007057e1bf8, 0x0000000705800000| 94%| O|  |TAMS 0x0000000705600000, 0x0000000705600000| Untracked 
|  38|0x0000000705800000, 0x00000007059ac720, 0x0000000705a00000| 83%| O|  |TAMS 0x0000000705800000, 0x0000000705800000| Untracked 
|  39|0x0000000705a00000, 0x0000000705ba4eb8, 0x0000000705c00000| 82%| O|  |TAMS 0x0000000705a00000, 0x0000000705a00000| Untracked 
|  40|0x0000000705c00000, 0x0000000705e00000, 0x0000000705e00000|100%| O|  |TAMS 0x0000000705e00000, 0x0000000705c00000| Untracked 
|  41|0x0000000705e00000, 0x0000000705fe3750, 0x0000000706000000| 94%| O|  |TAMS 0x0000000705e00000, 0x0000000705e00000| Untracked 
|  42|0x0000000706000000, 0x000000070611cef8, 0x0000000706200000| 55%| O|  |TAMS 0x0000000706000000, 0x0000000706000000| Untracked 
|  43|0x0000000706200000, 0x00000007063ea198, 0x0000000706400000| 95%| O|  |TAMS 0x00000007063ea198, 0x0000000706200000| Untracked 
|  44|0x0000000706400000, 0x000000070649f718, 0x0000000706600000| 31%| O|  |TAMS 0x0000000706400000, 0x0000000706400000| Untracked 
|  45|0x0000000706600000, 0x0000000706600000, 0x0000000706800000|  0%| F|  |TAMS 0x0000000706600000, 0x0000000706600000| Untracked 
|  46|0x0000000706800000, 0x00000007069fffe0, 0x0000000706a00000| 99%| O|  |TAMS 0x00000007069fffe0, 0x0000000706800000| Untracked 
|  47|0x0000000706a00000, 0x0000000706a00000, 0x0000000706c00000|  0%| F|  |TAMS 0x0000000706a00000, 0x0000000706a00000| Untracked 
|  48|0x0000000706c00000, 0x0000000706c00000, 0x0000000706e00000|  0%| F|  |TAMS 0x0000000706c00000, 0x0000000706c00000| Untracked 
|  49|0x0000000706e00000, 0x0000000706e00000, 0x0000000707000000|  0%| F|  |TAMS 0x0000000706e00000, 0x0000000706e00000| Untracked 
|  50|0x0000000707000000, 0x0000000707000000, 0x0000000707200000|  0%| F|  |TAMS 0x0000000707000000, 0x0000000707000000| Untracked 
|  51|0x0000000707200000, 0x0000000707200000, 0x0000000707400000|  0%| F|  |TAMS 0x0000000707200000, 0x0000000707200000| Untracked 
|  52|0x0000000707400000, 0x0000000707400000, 0x0000000707600000|  0%| F|  |TAMS 0x0000000707400000, 0x0000000707400000| Untracked 
|  53|0x0000000707600000, 0x0000000707600000, 0x0000000707800000|  0%| F|  |TAMS 0x0000000707600000, 0x0000000707600000| Untracked 
|  54|0x0000000707800000, 0x0000000707800000, 0x0000000707a00000|  0%| F|  |TAMS 0x0000000707800000, 0x0000000707800000| Untracked 
|  55|0x0000000707a00000, 0x0000000707a00000, 0x0000000707c00000|  0%| F|  |TAMS 0x0000000707a00000, 0x0000000707a00000| Untracked 
|  56|0x0000000707c00000, 0x0000000707c00000, 0x0000000707e00000|  0%| F|  |TAMS 0x0000000707c00000, 0x0000000707c00000| Untracked 
|  57|0x0000000707e00000, 0x0000000707e00000, 0x0000000708000000|  0%| F|  |TAMS 0x0000000707e00000, 0x0000000707e00000| Untracked 
|  58|0x0000000708000000, 0x0000000708000000, 0x0000000708200000|  0%| F|  |TAMS 0x0000000708000000, 0x0000000708000000| Untracked 
|  59|0x0000000708200000, 0x0000000708200000, 0x0000000708400000|  0%| F|  |TAMS 0x0000000708200000, 0x0000000708200000| Untracked 
|  60|0x0000000708400000, 0x0000000708400000, 0x0000000708600000|  0%| F|  |TAMS 0x0000000708400000, 0x0000000708400000| Untracked 
|  61|0x0000000708600000, 0x0000000708600000, 0x0000000708800000|  0%| F|  |TAMS 0x0000000708600000, 0x0000000708600000| Untracked 
|  62|0x0000000708800000, 0x0000000708800000, 0x0000000708a00000|  0%| F|  |TAMS 0x0000000708800000, 0x0000000708800000| Untracked 
|  63|0x0000000708a00000, 0x0000000708a00000, 0x0000000708c00000|  0%| F|  |TAMS 0x0000000708a00000, 0x0000000708a00000| Untracked 
|  64|0x0000000708c00000, 0x0000000708c00000, 0x0000000708e00000|  0%| F|  |TAMS 0x0000000708c00000, 0x0000000708c00000| Untracked 
|  65|0x0000000708e00000, 0x0000000708e00000, 0x0000000709000000|  0%| F|  |TAMS 0x0000000708e00000, 0x0000000708e00000| Untracked 
|  66|0x0000000709000000, 0x0000000709000000, 0x0000000709200000|  0%| F|  |TAMS 0x0000000709000000, 0x0000000709000000| Untracked 
|  67|0x0000000709200000, 0x0000000709200000, 0x0000000709400000|  0%| F|  |TAMS 0x0000000709200000, 0x0000000709200000| Untracked 
|  68|0x0000000709400000, 0x0000000709400000, 0x0000000709600000|  0%| F|  |TAMS 0x0000000709400000, 0x0000000709400000| Untracked 
|  69|0x0000000709600000, 0x0000000709600000, 0x0000000709800000|  0%| F|  |TAMS 0x0000000709600000, 0x0000000709600000| Untracked 
|  70|0x0000000709800000, 0x0000000709800000, 0x0000000709a00000|  0%| F|  |TAMS 0x0000000709800000, 0x0000000709800000| Untracked 
|  71|0x0000000709a00000, 0x0000000709a00000, 0x0000000709c00000|  0%| F|  |TAMS 0x0000000709a00000, 0x0000000709a00000| Untracked 
|  72|0x0000000709c00000, 0x0000000709c00000, 0x0000000709e00000|  0%| F|  |TAMS 0x0000000709c00000, 0x0000000709c00000| Untracked 
|  73|0x0000000709e00000, 0x0000000709e00000, 0x000000070a000000|  0%| F|  |TAMS 0x0000000709e00000, 0x0000000709e00000| Untracked 
|  74|0x000000070a000000, 0x000000070a000000, 0x000000070a200000|  0%| F|  |TAMS 0x000000070a000000, 0x000000070a000000| Untracked 
|  75|0x000000070a200000, 0x000000070a200000, 0x000000070a400000|  0%| F|  |TAMS 0x000000070a200000, 0x000000070a200000| Untracked 
|  76|0x000000070a400000, 0x000000070a400000, 0x000000070a600000|  0%| F|  |TAMS 0x000000070a400000, 0x000000070a400000| Untracked 
|  77|0x000000070a600000, 0x000000070a600000, 0x000000070a800000|  0%| F|  |TAMS 0x000000070a600000, 0x000000070a600000| Untracked 
|  78|0x000000070a800000, 0x000000070a800000, 0x000000070aa00000|  0%| F|  |TAMS 0x000000070a800000, 0x000000070a800000| Untracked 
|  79|0x000000070aa00000, 0x000000070aa00000, 0x000000070ac00000|  0%| F|  |TAMS 0x000000070aa00000, 0x000000070aa00000| Untracked 
|  80|0x000000070ac00000, 0x000000070ac00000, 0x000000070ae00000|  0%| F|  |TAMS 0x000000070ac00000, 0x000000070ac00000| Untracked 
|  81|0x000000070ae00000, 0x000000070ae00000, 0x000000070b000000|  0%| F|  |TAMS 0x000000070ae00000, 0x000000070ae00000| Untracked 
|  82|0x000000070b000000, 0x000000070b000000, 0x000000070b200000|  0%| F|  |TAMS 0x000000070b000000, 0x000000070b000000| Untracked 
|  83|0x000000070b200000, 0x000000070b200000, 0x000000070b400000|  0%| F|  |TAMS 0x000000070b200000, 0x000000070b200000| Untracked 
|  84|0x000000070b400000, 0x000000070b400000, 0x000000070b600000|  0%| F|  |TAMS 0x000000070b400000, 0x000000070b400000| Untracked 
|  85|0x000000070b600000, 0x000000070b600000, 0x000000070b800000|  0%| F|  |TAMS 0x000000070b600000, 0x000000070b600000| Untracked 
|  86|0x000000070b800000, 0x000000070b800000, 0x000000070ba00000|  0%| F|  |TAMS 0x000000070b800000, 0x000000070b800000| Untracked 
|  87|0x000000070ba00000, 0x000000070ba00000, 0x000000070bc00000|  0%| F|  |TAMS 0x000000070ba00000, 0x000000070ba00000| Untracked 
|  88|0x000000070bc00000, 0x000000070bc00000, 0x000000070be00000|  0%| F|  |TAMS 0x000000070bc00000, 0x000000070bc00000| Untracked 
|  89|0x000000070be00000, 0x000000070be00000, 0x000000070c000000|  0%| F|  |TAMS 0x000000070be00000, 0x000000070be00000| Untracked 
|  90|0x000000070c000000, 0x000000070c000000, 0x000000070c200000|  0%| F|  |TAMS 0x000000070c000000, 0x000000070c000000| Untracked 
|  91|0x000000070c200000, 0x000000070c200000, 0x000000070c400000|  0%| F|  |TAMS 0x000000070c200000, 0x000000070c200000| Untracked 
|  92|0x000000070c400000, 0x000000070c400000, 0x000000070c600000|  0%| F|  |TAMS 0x000000070c400000, 0x000000070c400000| Untracked 
|  93|0x000000070c600000, 0x000000070c600000, 0x000000070c800000|  0%| F|  |TAMS 0x000000070c600000, 0x000000070c600000| Untracked 
|  94|0x000000070c800000, 0x000000070c800000, 0x000000070ca00000|  0%| F|  |TAMS 0x000000070c800000, 0x000000070c800000| Untracked 
|  95|0x000000070ca00000, 0x000000070ca00000, 0x000000070cc00000|  0%| F|  |TAMS 0x000000070ca00000, 0x000000070ca00000| Untracked 
|  96|0x000000070cc00000, 0x000000070cc00000, 0x000000070ce00000|  0%| F|  |TAMS 0x000000070cc00000, 0x000000070cc00000| Untracked 
|  97|0x000000070ce00000, 0x000000070ce00000, 0x000000070d000000|  0%| F|  |TAMS 0x000000070ce00000, 0x000000070ce00000| Untracked 
|  98|0x000000070d000000, 0x000000070d000000, 0x000000070d200000|  0%| F|  |TAMS 0x000000070d000000, 0x000000070d000000| Untracked 
|  99|0x000000070d200000, 0x000000070d200000, 0x000000070d400000|  0%| F|  |TAMS 0x000000070d200000, 0x000000070d200000| Untracked 
| 100|0x000000070d400000, 0x000000070d400000, 0x000000070d600000|  0%| F|  |TAMS 0x000000070d400000, 0x000000070d400000| Untracked 
| 101|0x000000070d600000, 0x000000070d600000, 0x000000070d800000|  0%| F|  |TAMS 0x000000070d600000, 0x000000070d600000| Untracked 
| 102|0x000000070d800000, 0x000000070d800000, 0x000000070da00000|  0%| F|  |TAMS 0x000000070d800000, 0x000000070d800000| Untracked 
| 103|0x000000070da00000, 0x000000070da00000, 0x000000070dc00000|  0%| F|  |TAMS 0x000000070da00000, 0x000000070da00000| Untracked 
| 104|0x000000070dc00000, 0x000000070dc00000, 0x000000070de00000|  0%| F|  |TAMS 0x000000070dc00000, 0x000000070dc00000| Untracked 
| 105|0x000000070de00000, 0x000000070de00000, 0x000000070e000000|  0%| F|  |TAMS 0x000000070de00000, 0x000000070de00000| Untracked 
| 106|0x000000070e000000, 0x000000070e000000, 0x000000070e200000|  0%| F|  |TAMS 0x000000070e000000, 0x000000070e000000| Untracked 
| 107|0x000000070e200000, 0x000000070e200000, 0x000000070e400000|  0%| F|  |TAMS 0x000000070e200000, 0x000000070e200000| Untracked 
| 108|0x000000070e400000, 0x000000070e400000, 0x000000070e600000|  0%| F|  |TAMS 0x000000070e400000, 0x000000070e400000| Untracked 
| 109|0x000000070e600000, 0x000000070e600000, 0x000000070e800000|  0%| F|  |TAMS 0x000000070e600000, 0x000000070e600000| Untracked 
| 110|0x000000070e800000, 0x000000070e800000, 0x000000070ea00000|  0%| F|  |TAMS 0x000000070e800000, 0x000000070e800000| Untracked 
| 111|0x000000070ea00000, 0x000000070ea00000, 0x000000070ec00000|  0%| F|  |TAMS 0x000000070ea00000, 0x000000070ea00000| Untracked 
| 112|0x000000070ec00000, 0x000000070ec00000, 0x000000070ee00000|  0%| F|  |TAMS 0x000000070ec00000, 0x000000070ec00000| Untracked 
| 113|0x000000070ee00000, 0x000000070ee00000, 0x000000070f000000|  0%| F|  |TAMS 0x000000070ee00000, 0x000000070ee00000| Untracked 
| 114|0x000000070f000000, 0x000000070f000000, 0x000000070f200000|  0%| F|  |TAMS 0x000000070f000000, 0x000000070f000000| Untracked 
| 115|0x000000070f200000, 0x000000070f200000, 0x000000070f400000|  0%| F|  |TAMS 0x000000070f200000, 0x000000070f200000| Untracked 
| 116|0x000000070f400000, 0x000000070f400000, 0x000000070f600000|  0%| F|  |TAMS 0x000000070f400000, 0x000000070f400000| Untracked 
| 117|0x000000070f600000, 0x000000070f600000, 0x000000070f800000|  0%| F|  |TAMS 0x000000070f600000, 0x000000070f600000| Untracked 
| 118|0x000000070f800000, 0x000000070f800000, 0x000000070fa00000|  0%| F|  |TAMS 0x000000070f800000, 0x000000070f800000| Untracked 
| 119|0x000000070fa00000, 0x000000070fa00000, 0x000000070fc00000|  0%| F|  |TAMS 0x000000070fa00000, 0x000000070fa00000| Untracked 
| 120|0x000000070fc00000, 0x000000070fc00000, 0x000000070fe00000|  0%| F|  |TAMS 0x000000070fc00000, 0x000000070fc00000| Untracked 
| 121|0x000000070fe00000, 0x000000070fe00000, 0x0000000710000000|  0%| F|  |TAMS 0x000000070fe00000, 0x000000070fe00000| Untracked 
| 122|0x0000000710000000, 0x0000000710000000, 0x0000000710200000|  0%| F|  |TAMS 0x0000000710000000, 0x0000000710000000| Untracked 
| 123|0x0000000710200000, 0x0000000710200000, 0x0000000710400000|  0%| F|  |TAMS 0x0000000710200000, 0x0000000710200000| Untracked 
| 124|0x0000000710400000, 0x0000000710400000, 0x0000000710600000|  0%| F|  |TAMS 0x0000000710400000, 0x0000000710400000| Untracked 
| 125|0x0000000710600000, 0x0000000710600000, 0x0000000710800000|  0%| F|  |TAMS 0x0000000710600000, 0x0000000710600000| Untracked 
| 126|0x0000000710800000, 0x0000000710800000, 0x0000000710a00000|  0%| F|  |TAMS 0x0000000710800000, 0x0000000710800000| Untracked 
| 127|0x0000000710a00000, 0x0000000710a00000, 0x0000000710c00000|  0%| F|  |TAMS 0x0000000710a00000, 0x0000000710a00000| Untracked 
| 128|0x0000000710c00000, 0x0000000710c00000, 0x0000000710e00000|  0%| F|  |TAMS 0x0000000710c00000, 0x0000000710c00000| Untracked 
| 129|0x0000000710e00000, 0x0000000710e00000, 0x0000000711000000|  0%| F|  |TAMS 0x0000000710e00000, 0x0000000710e00000| Untracked 
| 130|0x0000000711000000, 0x0000000711000000, 0x0000000711200000|  0%| F|  |TAMS 0x0000000711000000, 0x0000000711000000| Untracked 
| 131|0x0000000711200000, 0x0000000711200000, 0x0000000711400000|  0%| F|  |TAMS 0x0000000711200000, 0x0000000711200000| Untracked 
| 132|0x0000000711400000, 0x0000000711400000, 0x0000000711600000|  0%| F|  |TAMS 0x0000000711400000, 0x0000000711400000| Untracked 
| 133|0x0000000711600000, 0x0000000711600000, 0x0000000711800000|  0%| F|  |TAMS 0x0000000711600000, 0x0000000711600000| Untracked 
| 134|0x0000000711800000, 0x0000000711800000, 0x0000000711a00000|  0%| F|  |TAMS 0x0000000711800000, 0x0000000711800000| Untracked 
| 135|0x0000000711a00000, 0x0000000711a00000, 0x0000000711c00000|  0%| F|  |TAMS 0x0000000711a00000, 0x0000000711a00000| Untracked 
| 136|0x0000000711c00000, 0x0000000711c00000, 0x0000000711e00000|  0%| F|  |TAMS 0x0000000711c00000, 0x0000000711c00000| Untracked 
| 137|0x0000000711e00000, 0x0000000711e00000, 0x0000000712000000|  0%| F|  |TAMS 0x0000000711e00000, 0x0000000711e00000| Untracked 
| 138|0x0000000712000000, 0x0000000712000000, 0x0000000712200000|  0%| F|  |TAMS 0x0000000712000000, 0x0000000712000000| Untracked 
| 139|0x0000000712200000, 0x0000000712200000, 0x0000000712400000|  0%| F|  |TAMS 0x0000000712200000, 0x0000000712200000| Untracked 
| 140|0x0000000712400000, 0x0000000712400000, 0x0000000712600000|  0%| F|  |TAMS 0x0000000712400000, 0x0000000712400000| Untracked 
| 141|0x0000000712600000, 0x0000000712600000, 0x0000000712800000|  0%| F|  |TAMS 0x0000000712600000, 0x0000000712600000| Untracked 
| 142|0x0000000712800000, 0x0000000712800000, 0x0000000712a00000|  0%| F|  |TAMS 0x0000000712800000, 0x0000000712800000| Untracked 
| 143|0x0000000712a00000, 0x0000000712a00000, 0x0000000712c00000|  0%| F|  |TAMS 0x0000000712a00000, 0x0000000712a00000| Untracked 
| 144|0x0000000712c00000, 0x0000000712c00000, 0x0000000712e00000|  0%| F|  |TAMS 0x0000000712c00000, 0x0000000712c00000| Untracked 
| 145|0x0000000712e00000, 0x0000000712e00000, 0x0000000713000000|  0%| F|  |TAMS 0x0000000712e00000, 0x0000000712e00000| Untracked 
| 146|0x0000000713000000, 0x0000000713000000, 0x0000000713200000|  0%| F|  |TAMS 0x0000000713000000, 0x0000000713000000| Untracked 
| 147|0x0000000713200000, 0x0000000713200000, 0x0000000713400000|  0%| F|  |TAMS 0x0000000713200000, 0x0000000713200000| Untracked 
| 148|0x0000000713400000, 0x0000000713400000, 0x0000000713600000|  0%| F|  |TAMS 0x0000000713400000, 0x0000000713400000| Untracked 
| 149|0x0000000713600000, 0x0000000713600000, 0x0000000713800000|  0%| F|  |TAMS 0x0000000713600000, 0x0000000713600000| Untracked 
| 150|0x0000000713800000, 0x0000000713800000, 0x0000000713a00000|  0%| F|  |TAMS 0x0000000713800000, 0x0000000713800000| Untracked 
| 151|0x0000000713a00000, 0x0000000713a00000, 0x0000000713c00000|  0%| F|  |TAMS 0x0000000713a00000, 0x0000000713a00000| Untracked 
| 152|0x0000000713c00000, 0x0000000713c00000, 0x0000000713e00000|  0%| F|  |TAMS 0x0000000713c00000, 0x0000000713c00000| Untracked 
| 153|0x0000000713e00000, 0x0000000713e05080, 0x0000000714000000|  0%| E|  |TAMS 0x0000000713e00000, 0x0000000713e00000| Complete 

Card table byte_map: [0x000001fd16d60000,0x000001fd17560000] _byte_map_base: 0x000001fd1355a000

Marking Bits (Prev, Next): (CMBitMap*) 0x000001fd10616df0, (CMBitMap*) 0x000001fd10616e30
 Prev Bits: [0x000001fd17d60000, 0x000001fd1bd30000)
 Next Bits: [0x000001fd1bd30000, 0x000001fd1fd00000)

Polling page: 0x000001fd0e550000

Metaspace:

Usage:
  Non-class:     51.72 MB used.
      Class:      8.00 MB used.
       Both:     59.72 MB used.

Virtual space:
  Non-class space:       56.00 MB reserved,      51.94 MB ( 93%) committed,  7 nodes.
      Class space:        1.00 GB reserved,       8.25 MB ( <1%) committed,  1 nodes.
             Both:        1.05 GB reserved,      60.19 MB (  6%) committed. 

Chunk freelists:
   Non-Class:  3.67 MB
       Class:  3.63 MB
        Both:  7.31 MB

MaxMetaspaceSize: unlimited
CompressedClassSpaceSize: 1.00 GB
Initial GC threshold: 21.00 MB
Current GC threshold: 100.31 MB
CDS: off
MetaspaceReclaimPolicy: balanced
 - commit_granule_bytes: 65536.
 - commit_granule_words: 8192.
 - virtual_space_node_default_size: 1048576.
 - enlarge_chunks_in_place: 1.
 - new_chunks_are_fully_committed: 0.
 - uncommit_free_chunks: 1.
 - use_allocation_guard: 0.
 - handle_deallocations: 1.


Internal statistics:

num_allocs_failed_limit: 8.
num_arena_births: 658.
num_arena_deaths: 204.
num_vsnodes_births: 8.
num_vsnodes_deaths: 0.
num_space_committed: 963.
num_space_uncommitted: 0.
num_chunks_returned_to_freelist: 238.
num_chunks_taken_from_freelist: 2754.
num_chunk_merges: 83.
num_chunk_splits: 1895.
num_chunks_enlarged: 1437.
num_purges: 24.
num_inconsistent_stats: 0.

CodeCache: size=49152Kb used=19633Kb max_used=20830Kb free=29518Kb
 bounds [0x000001fd13230000, 0x000001fd14710000, 0x000001fd16230000]
 total_blobs=11260 nmethods=10613 adapters=573
 compilation: enabled
              stopped_count=0, restarted_count=0
 full_count=0

Compilation events (20 events):
Event: 2490.273 Thread 0x000001fd2347fc80 10770       1       java.lang.Runtime::exec (73 bytes)
Event: 2490.274 Thread 0x000001fd2347fc80 nmethod 10770 0x000001fd145ebe10 code [0x000001fd145ec020, 0x000001fd145ec618]
Event: 2490.274 Thread 0x000001fd2347fc80 10771       1       java.lang.ProcessBuilder::<init> (56 bytes)
Event: 2490.274 Thread 0x000001fd2347fc80 nmethod 10771 0x000001fd145eb910 code [0x000001fd145ebac0, 0x000001fd145ebcf8]
Event: 2591.910 Thread 0x000001fd2347fc80 10772       1       java.util.concurrent.Executors$RunnableAdapter::call (14 bytes)
Event: 2591.911 Thread 0x000001fd2347fc80 nmethod 10772 0x000001fd145eb610 code [0x000001fd145eb7a0, 0x000001fd145eb8a8]
Event: 2602.101 Thread 0x000001fd2347fc80 10773   !   1       java.util.concurrent.FutureTask::runAndReset (125 bytes)
Event: 2602.102 Thread 0x000001fd2347fc80 nmethod 10773 0x000001fd145ea510 code [0x000001fd145ea780, 0x000001fd145eb118]
Event: 2602.102 Thread 0x000001fd2347fc80 10774       1       org.springframework.ide.vscode.commons.languageserver.util.ParentProcessWatcher::run (36 bytes)
Event: 2602.102 Thread 0x000001fd2347fc80 nmethod 10774 0x000001fd145e9d90 code [0x000001fd145e9f80, 0x000001fd145ea2d8]
Event: 2602.102 Thread 0x000001fd2347fc80 10775   !   1       org.springframework.ide.vscode.commons.languageserver.util.ParentProcessWatcher::parentProcessStillRunning (413 bytes)
Event: 2602.105 Thread 0x000001fd2347fc80 nmethod 10775 0x000001fd145e5310 code [0x000001fd145e5a00, 0x000001fd145e8318]
Event: 2602.264 Thread 0x000001fd2347fc80 10776       1       java.util.concurrent.ScheduledThreadPoolExecutor$ScheduledFutureTask::setNextRunTime (38 bytes)
Event: 2602.264 Thread 0x000001fd2347fc80 nmethod 10776 0x000001fd145e4e90 code [0x000001fd145e5040, 0x000001fd145e5228]
Event: 2602.264 Thread 0x000001fd2347fc80 10777       1       java.util.concurrent.ScheduledThreadPoolExecutor::reExecutePeriodic (49 bytes)
Event: 2602.264 Thread 0x000001fd2347fc80 nmethod 10777 0x000001fd145e4890 code [0x000001fd145e4a80, 0x000001fd145e4ce8]
Event: 2693.571 Thread 0x000001fd2347fc80 10778       1       java.lang.System::getProperty (26 bytes)
Event: 2693.571 Thread 0x000001fd2347fc80 nmethod 10778 0x000001fd145e4210 code [0x000001fd145e43e0, 0x000001fd145e4698]
Event: 2724.080 Thread 0x000001fd2347fc80 10779       1       java.lang.ProcessImpl::createCommandLine (210 bytes)
Event: 2724.081 Thread 0x000001fd2347fc80 nmethod 10779 0x000001fd145e2f90 code [0x000001fd145e3220, 0x000001fd145e39f8]

GC Heap History (20 events):
Event: 2754.643 GC heap before
{Heap before GC invocations=345 (full 230):
 garbage-first heap   total 315392K, used 90827K [0x0000000700c00000, 0x0000000800000000)
  region size 2048K, 1 young (2048K), 0 survivors (0K)
 Metaspace       used 61154K, committed 61632K, reserved 1105920K
  class space    used 8194K, committed 8448K, reserved 1048576K
}
Event: 2754.678 GC heap after
{Heap after GC invocations=346 (full 231):
 garbage-first heap   total 315392K, used 90827K [0x0000000700c00000, 0x0000000800000000)
  region size 2048K, 0 young (0K), 0 survivors (0K)
 Metaspace       used 61154K, committed 61632K, reserved 1105920K
  class space    used 8194K, committed 8448K, reserved 1048576K
}
Event: 2764.800 GC heap before
{Heap before GC invocations=346 (full 231):
 garbage-first heap   total 315392K, used 90827K [0x0000000700c00000, 0x0000000800000000)
  region size 2048K, 1 young (2048K), 0 survivors (0K)
 Metaspace       used 61154K, committed 61632K, reserved 1105920K
  class space    used 8194K, committed 8448K, reserved 1048576K
}
Event: 2764.837 GC heap after
{Heap after GC invocations=347 (full 232):
 garbage-first heap   total 315392K, used 90827K [0x0000000700c00000, 0x0000000800000000)
  region size 2048K, 0 young (0K), 0 survivors (0K)
 Metaspace       used 61154K, committed 61632K, reserved 1105920K
  class space    used 8194K, committed 8448K, reserved 1048576K
}
Event: 2774.966 GC heap before
{Heap before GC invocations=347 (full 232):
 garbage-first heap   total 315392K, used 90827K [0x0000000700c00000, 0x0000000800000000)
  region size 2048K, 1 young (2048K), 0 survivors (0K)
 Metaspace       used 61154K, committed 61632K, reserved 1105920K
  class space    used 8194K, committed 8448K, reserved 1048576K
}
Event: 2775.008 GC heap after
{Heap after GC invocations=348 (full 233):
 garbage-first heap   total 315392K, used 90827K [0x0000000700c00000, 0x0000000800000000)
  region size 2048K, 0 young (0K), 0 survivors (0K)
 Metaspace       used 61154K, committed 61632K, reserved 1105920K
  class space    used 8194K, committed 8448K, reserved 1048576K
}
Event: 2785.179 GC heap before
{Heap before GC invocations=348 (full 233):
 garbage-first heap   total 315392K, used 90827K [0x0000000700c00000, 0x0000000800000000)
  region size 2048K, 1 young (2048K), 0 survivors (0K)
 Metaspace       used 61154K, committed 61632K, reserved 1105920K
  class space    used 8194K, committed 8448K, reserved 1048576K
}
Event: 2785.228 GC heap after
{Heap after GC invocations=349 (full 234):
 garbage-first heap   total 315392K, used 90827K [0x0000000700c00000, 0x0000000800000000)
  region size 2048K, 0 young (0K), 0 survivors (0K)
 Metaspace       used 61154K, committed 61632K, reserved 1105920K
  class space    used 8194K, committed 8448K, reserved 1048576K
}
Event: 2795.404 GC heap before
{Heap before GC invocations=349 (full 234):
 garbage-first heap   total 315392K, used 90827K [0x0000000700c00000, 0x0000000800000000)
  region size 2048K, 1 young (2048K), 0 survivors (0K)
 Metaspace       used 61154K, committed 61632K, reserved 1105920K
  class space    used 8194K, committed 8448K, reserved 1048576K
}
Event: 2795.447 GC heap after
{Heap after GC invocations=350 (full 235):
 garbage-first heap   total 315392K, used 90827K [0x0000000700c00000, 0x0000000800000000)
  region size 2048K, 0 young (0K), 0 survivors (0K)
 Metaspace       used 61154K, committed 61632K, reserved 1105920K
  class space    used 8194K, committed 8448K, reserved 1048576K
}
Event: 2805.625 GC heap before
{Heap before GC invocations=350 (full 235):
 garbage-first heap   total 315392K, used 90827K [0x0000000700c00000, 0x0000000800000000)
  region size 2048K, 1 young (2048K), 0 survivors (0K)
 Metaspace       used 61154K, committed 61632K, reserved 1105920K
  class space    used 8194K, committed 8448K, reserved 1048576K
}
Event: 2805.673 GC heap after
{Heap after GC invocations=351 (full 236):
 garbage-first heap   total 315392K, used 90827K [0x0000000700c00000, 0x0000000800000000)
  region size 2048K, 0 young (0K), 0 survivors (0K)
 Metaspace       used 61154K, committed 61632K, reserved 1105920K
  class space    used 8194K, committed 8448K, reserved 1048576K
}
Event: 2815.858 GC heap before
{Heap before GC invocations=351 (full 236):
 garbage-first heap   total 315392K, used 90827K [0x0000000700c00000, 0x0000000800000000)
  region size 2048K, 1 young (2048K), 0 survivors (0K)
 Metaspace       used 61154K, committed 61632K, reserved 1105920K
  class space    used 8194K, committed 8448K, reserved 1048576K
}
Event: 2815.903 GC heap after
{Heap after GC invocations=352 (full 237):
 garbage-first heap   total 315392K, used 90827K [0x0000000700c00000, 0x0000000800000000)
  region size 2048K, 0 young (0K), 0 survivors (0K)
 Metaspace       used 61154K, committed 61632K, reserved 1105920K
  class space    used 8194K, committed 8448K, reserved 1048576K
}
Event: 2826.150 GC heap before
{Heap before GC invocations=352 (full 237):
 garbage-first heap   total 315392K, used 90827K [0x0000000700c00000, 0x0000000800000000)
  region size 2048K, 1 young (2048K), 0 survivors (0K)
 Metaspace       used 61154K, committed 61632K, reserved 1105920K
  class space    used 8194K, committed 8448K, reserved 1048576K
}
Event: 2826.218 GC heap after
{Heap after GC invocations=353 (full 238):
 garbage-first heap   total 315392K, used 90827K [0x0000000700c00000, 0x0000000800000000)
  region size 2048K, 0 young (0K), 0 survivors (0K)
 Metaspace       used 61154K, committed 61632K, reserved 1105920K
  class space    used 8194K, committed 8448K, reserved 1048576K
}
Event: 2836.389 GC heap before
{Heap before GC invocations=353 (full 238):
 garbage-first heap   total 315392K, used 90827K [0x0000000700c00000, 0x0000000800000000)
  region size 2048K, 1 young (2048K), 0 survivors (0K)
 Metaspace       used 61154K, committed 61632K, reserved 1105920K
  class space    used 8194K, committed 8448K, reserved 1048576K
}
Event: 2836.436 GC heap after
{Heap after GC invocations=354 (full 239):
 garbage-first heap   total 315392K, used 90827K [0x0000000700c00000, 0x0000000800000000)
  region size 2048K, 0 young (0K), 0 survivors (0K)
 Metaspace       used 61154K, committed 61632K, reserved 1105920K
  class space    used 8194K, committed 8448K, reserved 1048576K
}
Event: 2846.610 GC heap before
{Heap before GC invocations=354 (full 239):
 garbage-first heap   total 315392K, used 90827K [0x0000000700c00000, 0x0000000800000000)
  region size 2048K, 1 young (2048K), 0 survivors (0K)
 Metaspace       used 61154K, committed 61632K, reserved 1105920K
  class space    used 8194K, committed 8448K, reserved 1048576K
}
Event: 2846.657 GC heap after
{Heap after GC invocations=355 (full 240):
 garbage-first heap   total 315392K, used 90827K [0x0000000700c00000, 0x0000000800000000)
  region size 2048K, 0 young (0K), 0 survivors (0K)
 Metaspace       used 61154K, committed 61632K, reserved 1105920K
  class space    used 8194K, committed 8448K, reserved 1048576K
}

Deoptimization events (20 events):
Event: 5.089 Thread 0x000001fd2569b0e0 DEOPT PACKING pc=0x000001fd13d0cf86 sp=0x000000c13adfd690
Event: 5.089 Thread 0x000001fd2569b0e0 DEOPT UNPACKING pc=0x000001fd13282b43 sp=0x000000c13adfcb80 mode 3
Event: 7.319 Thread 0x000001fd255aa030 DEOPT PACKING pc=0x000001fd1374f062 sp=0x000000c1387fd630
Event: 7.319 Thread 0x000001fd255aa030 DEOPT UNPACKING pc=0x000001fd13282b43 sp=0x000000c1387fcb38 mode 3
Event: 7.804 Thread 0x000001fd255aa030 DEOPT PACKING pc=0x000001fd13fc6abc sp=0x000000c1387fde60
Event: 7.804 Thread 0x000001fd255aa030 DEOPT UNPACKING pc=0x000001fd13282b43 sp=0x000000c1387fd358 mode 0
Event: 7.804 Thread 0x000001fd255aa030 DEOPT PACKING pc=0x000001fd13fdef34 sp=0x000000c1387fdf30
Event: 7.804 Thread 0x000001fd255aa030 DEOPT UNPACKING pc=0x000001fd13282b43 sp=0x000000c1387fd408 mode 0
Event: 7.804 Thread 0x000001fd255aa030 DEOPT PACKING pc=0x000001fd13ef097c sp=0x000000c1387fdfe0
Event: 7.804 Thread 0x000001fd255aa030 DEOPT UNPACKING pc=0x000001fd13282b43 sp=0x000000c1387fd560 mode 0
Event: 7.804 Thread 0x000001fd255aa030 DEOPT PACKING pc=0x000001fd13fb379c sp=0x000000c1387fe2e0
Event: 7.804 Thread 0x000001fd255aa030 DEOPT UNPACKING pc=0x000001fd13282b43 sp=0x000000c1387fd770 mode 0
Event: 68.991 Thread 0x000001fd256968b0 DEOPT PACKING pc=0x000001fd138a5154 sp=0x000000c13a3fee40
Event: 68.991 Thread 0x000001fd256968b0 DEOPT UNPACKING pc=0x000001fd13282b43 sp=0x000000c13a3fe2c8 mode 0
Event: 953.027 Thread 0x000001fd274ce3b0 DEOPT PACKING pc=0x000001fd143eb36a sp=0x000000c1395fd440
Event: 953.027 Thread 0x000001fd274ce3b0 DEOPT UNPACKING pc=0x000001fd13282b43 sp=0x000000c1395fc8c0 mode 3
Event: 954.858 Thread 0x000001fd258d0a20 DEOPT PACKING pc=0x000001fd143a47b3 sp=0x000000c1399fc6e0
Event: 954.858 Thread 0x000001fd258d0a20 DEOPT UNPACKING pc=0x000001fd13282b43 sp=0x000000c1399fbbd8 mode 3
Event: 991.622 Thread 0x000001fd2569c8f0 DEOPT PACKING pc=0x000001fd13eff785 sp=0x000000c13acfd380
Event: 991.622 Thread 0x000001fd2569c8f0 DEOPT UNPACKING pc=0x000001fd13282b43 sp=0x000000c13acfc8e8 mode 3

Classes unloaded (20 events):
Event: 1219.187 Thread 0x000001fd22a2ec80 Unloading class 0x0000000800817400 'java/lang/invoke/LambdaForm$MH+0x0000000800817400'
Event: 1219.187 Thread 0x000001fd22a2ec80 Unloading class 0x0000000800816c00 'java/lang/invoke/LambdaForm$MH+0x0000000800816c00'
Event: 1219.187 Thread 0x000001fd22a2ec80 Unloading class 0x0000000800816800 'java/lang/invoke/LambdaForm$MH+0x0000000800816800'
Event: 1219.187 Thread 0x000001fd22a2ec80 Unloading class 0x0000000800808000 'java/lang/invoke/LambdaForm$MH+0x0000000800808000'
Event: 1219.187 Thread 0x000001fd22a2ec80 Unloading class 0x0000000800805c00 'java/lang/invoke/LambdaForm$MH+0x0000000800805c00'
Event: 1219.187 Thread 0x000001fd22a2ec80 Unloading class 0x0000000800805800 'java/lang/invoke/LambdaForm$MH+0x0000000800805800'
Event: 1331.414 Thread 0x000001fd22a2ec80 Unloading class 0x000000080081b800 'jdk/internal/reflect/GeneratedMethodAccessor72'
Event: 1331.414 Thread 0x000001fd22a2ec80 Unloading class 0x000000080081b400 'jdk/internal/reflect/GeneratedConstructorAccessor46'
Event: 1331.414 Thread 0x000001fd22a2ec80 Unloading class 0x000000080081b000 'jdk/internal/reflect/GeneratedMethodAccessor71'
Event: 1331.414 Thread 0x000001fd22a2ec80 Unloading class 0x000000080081ac00 'jdk/internal/reflect/GeneratedConstructorAccessor45'
Event: 1331.414 Thread 0x000001fd22a2ec80 Unloading class 0x000000080081a800 'jdk/internal/reflect/GeneratedMethodAccessor70'
Event: 1331.414 Thread 0x000001fd22a2ec80 Unloading class 0x000000080081a400 'jdk/internal/reflect/GeneratedMethodAccessor69'
Event: 1331.414 Thread 0x000001fd22a2ec80 Unloading class 0x000000080081a000 'jdk/internal/reflect/GeneratedMethodAccessor68'
Event: 1331.414 Thread 0x000001fd22a2ec80 Unloading class 0x0000000800819c00 'jdk/internal/reflect/GeneratedConstructorAccessor44'
Event: 1331.414 Thread 0x000001fd22a2ec80 Unloading class 0x0000000800819800 'jdk/internal/reflect/GeneratedMethodAccessor67'
Event: 1331.414 Thread 0x000001fd22a2ec80 Unloading class 0x0000000800819400 'jdk/internal/reflect/GeneratedMethodAccessor66'
Event: 1331.414 Thread 0x000001fd22a2ec80 Unloading class 0x0000000800819000 'jdk/internal/reflect/GeneratedMethodAccessor65'
Event: 1331.414 Thread 0x000001fd22a2ec80 Unloading class 0x0000000800804400 'jdk/internal/reflect/GeneratedMethodAccessor51'
Event: 1341.589 Thread 0x000001fd22a2ec80 Unloading class 0x0000000800814800 'jdk/internal/reflect/GeneratedMethodAccessor59'
Event: 1341.589 Thread 0x000001fd22a2ec80 Unloading class 0x0000000800814400 'jdk/internal/reflect/GeneratedMethodAccessor58'

Classes redefined (0 events):
No events

Internal exceptions (20 events):
Event: 1098.057 Thread 0x000001fd2569c8f0 Exception <a 'sun/nio/fs/WindowsException'{0x00000007375655f8}> (0x00000007375655f8) 
thrown [e:\jenkins\tmp\workspace\build\src\src\hotspot\share\prims\jni.cpp, line 516]
Event: 1098.057 Thread 0x000001fd2569c8f0 Exception <a 'sun/nio/fs/WindowsException'{0x0000000737565d70}> (0x0000000737565d70) 
thrown [e:\jenkins\tmp\workspace\build\src\src\hotspot\share\prims\jni.cpp, line 516]
Event: 1098.057 Thread 0x000001fd2569c8f0 Exception <a 'sun/nio/fs/WindowsException'{0x0000000737566130}> (0x0000000737566130) 
thrown [e:\jenkins\tmp\workspace\build\src\src\hotspot\share\prims\jni.cpp, line 516]
Event: 1098.058 Thread 0x000001fd2569c8f0 Exception <a 'sun/nio/fs/WindowsException'{0x00000007375670b0}> (0x00000007375670b0) 
thrown [e:\jenkins\tmp\workspace\build\src\src\hotspot\share\prims\jni.cpp, line 516]
Event: 1098.058 Thread 0x000001fd2569c8f0 Exception <a 'sun/nio/fs/WindowsException'{0x00000007375674c0}> (0x00000007375674c0) 
thrown [e:\jenkins\tmp\workspace\build\src\src\hotspot\share\prims\jni.cpp, line 516]
Event: 1098.058 Thread 0x000001fd2569c8f0 Exception <a 'sun/nio/fs/WindowsException'{0x0000000737568230}> (0x0000000737568230) 
thrown [e:\jenkins\tmp\workspace\build\src\src\hotspot\share\prims\jni.cpp, line 516]
Event: 1098.058 Thread 0x000001fd2569c8f0 Exception <a 'sun/nio/fs/WindowsException'{0x00000007375689e0}> (0x00000007375689e0) 
thrown [e:\jenkins\tmp\workspace\build\src\src\hotspot\share\prims\jni.cpp, line 516]
Event: 1098.058 Thread 0x000001fd2569c8f0 Exception <a 'sun/nio/fs/WindowsException'{0x0000000737568dc8}> (0x0000000737568dc8) 
thrown [e:\jenkins\tmp\workspace\build\src\src\hotspot\share\prims\jni.cpp, line 516]
Event: 1098.058 Thread 0x000001fd2569c8f0 Exception <a 'sun/nio/fs/WindowsException'{0x000000073756b1f8}> (0x000000073756b1f8) 
thrown [e:\jenkins\tmp\workspace\build\src\src\hotspot\share\prims\jni.cpp, line 516]
Event: 1098.058 Thread 0x000001fd2569c8f0 Exception <a 'sun/nio/fs/WindowsException'{0x000000073756b618}> (0x000000073756b618) 
thrown [e:\jenkins\tmp\workspace\build\src\src\hotspot\share\prims\jni.cpp, line 516]
Event: 1098.118 Thread 0x000001fd2569c8f0 Exception <a 'sun/nio/fs/WindowsException'{0x000000073698dae0}> (0x000000073698dae0) 
thrown [e:\jenkins\tmp\workspace\build\src\src\hotspot\share\prims\jni.cpp, line 516]
Event: 1098.118 Thread 0x000001fd2569c8f0 Exception <a 'sun/nio/fs/WindowsException'{0x000000073698e258}> (0x000000073698e258) 
thrown [e:\jenkins\tmp\workspace\build\src\src\hotspot\share\prims\jni.cpp, line 516]
Event: 1098.118 Thread 0x000001fd2569c8f0 Exception <a 'sun/nio/fs/WindowsException'{0x000000073698e618}> (0x000000073698e618) 
thrown [e:\jenkins\tmp\workspace\build\src\src\hotspot\share\prims\jni.cpp, line 516]
Event: 1098.118 Thread 0x000001fd2569c8f0 Exception <a 'sun/nio/fs/WindowsException'{0x000000073698f598}> (0x000000073698f598) 
thrown [e:\jenkins\tmp\workspace\build\src\src\hotspot\share\prims\jni.cpp, line 516]
Event: 1098.118 Thread 0x000001fd2569c8f0 Exception <a 'sun/nio/fs/WindowsException'{0x000000073698f9a8}> (0x000000073698f9a8) 
thrown [e:\jenkins\tmp\workspace\build\src\src\hotspot\share\prims\jni.cpp, line 516]
Event: 1098.118 Thread 0x000001fd2569c8f0 Exception <a 'sun/nio/fs/WindowsException'{0x0000000736990718}> (0x0000000736990718) 
thrown [e:\jenkins\tmp\workspace\build\src\src\hotspot\share\prims\jni.cpp, line 516]
Event: 1098.119 Thread 0x000001fd2569c8f0 Exception <a 'sun/nio/fs/WindowsException'{0x0000000736990ec8}> (0x0000000736990ec8) 
thrown [e:\jenkins\tmp\workspace\build\src\src\hotspot\share\prims\jni.cpp, line 516]
Event: 1098.119 Thread 0x000001fd2569c8f0 Exception <a 'sun/nio/fs/WindowsException'{0x00000007369912b0}> (0x00000007369912b0) 
thrown [e:\jenkins\tmp\workspace\build\src\src\hotspot\share\prims\jni.cpp, line 516]
Event: 1098.119 Thread 0x000001fd2569c8f0 Exception <a 'sun/nio/fs/WindowsException'{0x0000000736992240}> (0x0000000736992240) 
thrown [e:\jenkins\tmp\workspace\build\src\src\hotspot\share\prims\jni.cpp, line 516]
Event: 1098.119 Thread 0x000001fd2569c8f0 Exception <a 'sun/nio/fs/WindowsException'{0x0000000736992660}> (0x0000000736992660) 
thrown [e:\jenkins\tmp\workspace\build\src\src\hotspot\share\prims\jni.cpp, line 516]

VM Operations (20 events):
Event: 2754.679 Executing VM operation: G1CollectFull done
Event: 2764.800 Executing VM operation: G1CollectFull
Event: 2764.837 Executing VM operation: G1CollectFull done
Event: 2774.966 Executing VM operation: G1CollectFull
Event: 2775.008 Executing VM operation: G1CollectFull done
Event: 2785.179 Executing VM operation: G1CollectFull
Event: 2785.228 Executing VM operation: G1CollectFull done
Event: 2795.404 Executing VM operation: G1CollectFull
Event: 2795.448 Executing VM operation: G1CollectFull done
Event: 2805.625 Executing VM operation: G1CollectFull
Event: 2805.673 Executing VM operation: G1CollectFull done
Event: 2815.858 Executing VM operation: G1CollectFull
Event: 2815.903 Executing VM operation: G1CollectFull done
Event: 2826.150 Executing VM operation: G1CollectFull
Event: 2826.218 Executing VM operation: G1CollectFull done
Event: 2836.389 Executing VM operation: G1CollectFull
Event: 2836.436 Executing VM operation: G1CollectFull done
Event: 2846.610 Executing VM operation: G1CollectFull
Event: 2846.657 Executing VM operation: G1CollectFull done
Event: 2856.820 Executing VM operation: G1CollectFull

Events (20 events):
Event: 1097.348 Thread 0x000001fd2569ac10 Thread exited: 0x000001fd2569ac10
Event: 1097.457 Thread 0x000001fd3237dda0 Thread added: 0x000001fd3237dda0
Event: 1097.457 Thread 0x000001fd3237e740 Thread added: 0x000001fd3237e740
Event: 1097.543 loading class java/net/URLDecoder
Event: 1097.543 loading class java/net/URLDecoder done
Event: 1097.543 loading class java/net/URLEncoder
Event: 1097.543 loading class java/net/URLEncoder done
Event: 1097.977 Thread 0x000001fd25952990 Thread added: 0x000001fd25952990
Event: 1103.201 Thread 0x000001fd25952990 Thread exited: 0x000001fd25952990
Event: 1157.460 Thread 0x000001fd25ba67e0 Thread exited: 0x000001fd25ba67e0
Event: 1157.460 Thread 0x000001fd3237dda0 Thread exited: 0x000001fd3237dda0
Event: 1158.560 Thread 0x000001fd27c68040 Thread exited: 0x000001fd27c68040
Event: 1217.460 Thread 0x000001fd3237e740 Thread exited: 0x000001fd3237e740
Event: 1277.468 Thread 0x000001fd274cd540 Thread exited: 0x000001fd274cd540
Event: 1337.476 Thread 0x000001fd258d0550 Thread exited: 0x000001fd258d0550
Event: 1397.481 Thread 0x000001fd2569a270 Thread exited: 0x000001fd2569a270
Event: 2086.900 Thread 0x000001fd23590ab0 Thread added: 0x000001fd23590ab0
Event: 2086.902 Thread 0x000001fd2358f770 Thread added: 0x000001fd2358f770
Event: 2146.910 Thread 0x000001fd23590ab0 Thread exited: 0x000001fd23590ab0
Event: 2166.979 Thread 0x000001fd2358f770 Thread exited: 0x000001fd2358f770


Dynamic libraries:
0x00007ff71b000000 - 0x00007ff71b00e000 	c:\Users\brenz\.vscode\extensions\redhat.java-1.9.0-win32-x64\jre\17.0.3-win32-x86_64\bin\java.exe
0x00007ff8550f0000 - 0x00007ff8552e8000 	C:\Windows\SYSTEM32\ntdll.dll
0x00007ff854210000 - 0x00007ff8542cd000 	C:\Windows\System32\KERNEL32.DLL
0x00007ff852ae0000 - 0x00007ff852dae000 	C:\Windows\System32\KERNELBASE.dll
0x00007ff8529e0000 - 0x00007ff852ae0000 	C:\Windows\System32\ucrtbase.dll
0x00007ff842e30000 - 0x00007ff842e48000 	c:\Users\brenz\.vscode\extensions\redhat.java-1.9.0-win32-x64\jre\17.0.3-win32-x86_64\bin\jli.dll
0x00007ff84e6b0000 - 0x00007ff84e6c9000 	c:\Users\brenz\.vscode\extensions\redhat.java-1.9.0-win32-x64\jre\17.0.3-win32-x86_64\bin\VCRUNTIME140.dll
0x00007ff854c30000 - 0x00007ff854dd0000 	C:\Windows\System32\USER32.dll
0x00007ff853120000 - 0x00007ff853142000 	C:\Windows\System32\win32u.dll
0x00007ff854a60000 - 0x00007ff854a8a000 	C:\Windows\System32\GDI32.dll
0x00007ff852f10000 - 0x00007ff85301b000 	C:\Windows\System32\gdi32full.dll
0x00007ff852e40000 - 0x00007ff852edd000 	C:\Windows\System32\msvcp_win.dll
0x00007ff851c20000 - 0x00007ff851eba000 	C:\Windows\WinSxS\amd64_microsoft.windows.common-controls_6595b64144ccf1df_6.0.19041.1110_none_60b5254171f9507e\COMCTL32.dll
0x00007ff854610000 - 0x00007ff8546ae000 	C:\Windows\System32\msvcrt.dll
0x00007ff854760000 - 0x00007ff854790000 	C:\Windows\System32\IMM32.DLL
0x00007ff850980000 - 0x00007ff85098c000 	c:\Users\brenz\.vscode\extensions\redhat.java-1.9.0-win32-x64\jre\17.0.3-win32-x86_64\bin\vcruntime140_1.dll
0x00007fffd09f0000 - 0x00007fffd0a81000 	c:\Users\brenz\.vscode\extensions\redhat.java-1.9.0-win32-x64\jre\17.0.3-win32-x86_64\bin\msvcp140.dll
0x00007fffbe9d0000 - 0x00007fffbf618000 	c:\Users\brenz\.vscode\extensions\redhat.java-1.9.0-win32-x64\jre\17.0.3-win32-x86_64\bin\server\jvm.dll
0x00007ff8546b0000 - 0x00007ff85475e000 	C:\Windows\System32\ADVAPI32.dll
0x00007ff854360000 - 0x00007ff8543fc000 	C:\Windows\System32\sechost.dll
0x00007ff854f80000 - 0x00007ff8550a5000 	C:\Windows\System32\RPCRT4.dll
0x00007ff854800000 - 0x00007ff854808000 	C:\Windows\System32\PSAPI.DLL
0x00007ff849c20000 - 0x00007ff849c47000 	C:\Windows\SYSTEM32\WINMM.dll
0x00007ff845d80000 - 0x00007ff845d89000 	C:\Windows\SYSTEM32\WSOCK32.dll
0x00007ff84f5c0000 - 0x00007ff84f5ca000 	C:\Windows\SYSTEM32\VERSION.dll
0x00007ff854790000 - 0x00007ff8547fb000 	C:\Windows\System32\WS2_32.dll
0x00007ff84fa50000 - 0x00007ff84fa62000 	C:\Windows\SYSTEM32\kernel.appcore.dll
0x00007ff850570000 - 0x00007ff85057a000 	c:\Users\brenz\.vscode\extensions\redhat.java-1.9.0-win32-x64\jre\17.0.3-win32-x86_64\bin\jimage.dll
0x00007ff852240000 - 0x00007ff852424000 	C:\Windows\SYSTEM32\DBGHELP.DLL
0x00007ff8312a0000 - 0x00007ff8312cc000 	C:\Windows\SYSTEM32\dbgcore.DLL
0x00007ff852db0000 - 0x00007ff852e32000 	C:\Windows\System32\bcryptPrimitives.dll
0x00007ff841520000 - 0x00007ff841545000 	c:\Users\brenz\.vscode\extensions\redhat.java-1.9.0-win32-x64\jre\17.0.3-win32-x86_64\bin\java.dll
0x00007ff841d90000 - 0x00007ff841da8000 	c:\Users\brenz\.vscode\extensions\redhat.java-1.9.0-win32-x64\jre\17.0.3-win32-x86_64\bin\zip.dll
0x00007ff853990000 - 0x00007ff8540d4000 	C:\Windows\System32\SHELL32.dll
0x00007ff84fc50000 - 0x00007ff8503e4000 	C:\Windows\SYSTEM32\windows.storage.dll
0x00007ff853150000 - 0x00007ff8534a4000 	C:\Windows\System32\combase.dll
0x00007ff851b80000 - 0x00007ff851bb0000 	C:\Windows\SYSTEM32\Wldp.dll
0x00007ff8540e0000 - 0x00007ff85418d000 	C:\Windows\System32\SHCORE.dll
0x00007ff854810000 - 0x00007ff854865000 	C:\Windows\System32\shlwapi.dll
0x00007ff852750000 - 0x00007ff85276f000 	C:\Windows\SYSTEM32\profapi.dll
0x00007ff841bb0000 - 0x00007ff841bc9000 	C:\Users\brenz\.vscode\extensions\redhat.java-1.9.0-win32-x64\jre\17.0.3-win32-x86_64\bin\net.dll
0x00007ff8420f0000 - 0x00007ff8421fa000 	C:\Windows\SYSTEM32\WINHTTP.dll
0x00007ff851a50000 - 0x00007ff851aba000 	C:\Windows\system32\mswsock.dll
0x00007ff83eb50000 - 0x00007ff83eb65000 	C:\Users\brenz\.vscode\extensions\redhat.java-1.9.0-win32-x64\jre\17.0.3-win32-x86_64\bin\nio.dll
0x00007ff846b60000 - 0x00007ff846b70000 	c:\Users\brenz\.vscode\extensions\redhat.java-1.9.0-win32-x64\jre\17.0.3-win32-x86_64\bin\verify.dll
0x00007ff846b00000 - 0x00007ff846b09000 	C:\Users\brenz\.vscode\extensions\redhat.java-1.9.0-win32-x64\jre\17.0.3-win32-x86_64\bin\management.dll
0x00007ff841c40000 - 0x00007ff841c4b000 	C:\Users\brenz\.vscode\extensions\redhat.java-1.9.0-win32-x64\jre\17.0.3-win32-x86_64\bin\management_ext.dll
0x00007ff822710000 - 0x00007ff822727000 	C:\Windows\system32\napinsp.dll
0x00007ff8225f0000 - 0x00007ff82260b000 	C:\Windows\system32\pnrpnsp.dll
0x00007ff8225d0000 - 0x00007ff8225e5000 	C:\Windows\system32\wshbth.dll
0x00007ff84df70000 - 0x00007ff84df8d000 	C:\Windows\system32\NLAapi.dll
0x00007ff8515d0000 - 0x00007ff85160b000 	C:\Windows\SYSTEM32\IPHLPAPI.DLL
0x00007ff851610000 - 0x00007ff8516db000 	C:\Windows\SYSTEM32\DNSAPI.dll
0x00007ff854af0000 - 0x00007ff854af8000 	C:\Windows\System32\NSI.dll
0x00007ff8225b0000 - 0x00007ff8225c2000 	C:\Windows\System32\winrnr.dll
0x00007ff842fb0000 - 0x00007ff842fba000 	C:\Windows\System32\rasadhlp.dll
0x00007ff840720000 - 0x00007ff8407a0000 	C:\Windows\System32\fwpuclnt.dll
0x00007ff852ee0000 - 0x00007ff852f07000 	C:\Windows\System32\bcrypt.dll
0x00007ff8525a0000 - 0x00007ff8525b8000 	C:\Windows\SYSTEM32\CRYPTSP.dll
0x00007ff851280000 - 0x00007ff8512b4000 	C:\Windows\system32\rsaenh.dll
0x00007ff8526d0000 - 0x00007ff8526fe000 	C:\Windows\SYSTEM32\USERENV.dll
0x00007ff851b40000 - 0x00007ff851b4c000 	C:\Windows\SYSTEM32\CRYPTBASE.dll
0x00007ff84bd20000 - 0x00007ff84bd37000 	C:\Windows\SYSTEM32\dhcpcsvc6.DLL
0x00007ff84bd00000 - 0x00007ff84bd1d000 	C:\Windows\SYSTEM32\dhcpcsvc.DLL
0x000000006c500000 - 0x000000006c5c7000 	C:\Users\brenz\AppData\Local\Temp\snappy-1.1.8-fb7e6d87-727a-47b1-a197-b18b3a439bed-snappyjava.dll

dbghelp: loaded successfully - version: 4.0.5 - missing functions: none
symbol engine: initialized successfully - sym options: 0x614 - pdb path: .;c:\Users\brenz\.vscode\extensions\redhat.java-1.9.0-win32-x64\jre\17.0.3-win32-x86_64\bin;C:\Windows\SYSTEM32;C:\Windows\WinSxS\amd64_microsoft.windows.common-controls_6595b64144ccf1df_6.0.19041.1110_none_60b5254171f9507e;c:\Users\brenz\.vscode\extensions\redhat.java-1.9.0-win32-x64\jre\17.0.3-win32-x86_64\bin\server;C:\Users\brenz\AppData\Local\Temp

VM Arguments:
jvm_args: -Dsts.lsp.client=vscode -Dsts.log.file=/dev/null -XX:TieredStopAtLevel=1 -Dspring.config.location=file:c:\Users\brenz\.vscode\extensions\pivotal.vscode-spring-boot-1.37.0\language-server\BOOT-INF\classes\application.properties 
java_command: org.springframework.ide.vscode.boot.app.BootLanguageServerBootApp
java_class_path (initial): c:\Users\brenz\.vscode\extensions\pivotal.vscode-spring-boot-1.37.0\language-server\BOOT-INF\classes;c:\Users\brenz\.vscode\extensions\pivotal.vscode-spring-boot-1.37.0\language-server\BOOT-INF\lib\annotations-23.0.0.jar;c:\Users\brenz\.vscode\extensions\pivotal.vscode-spring-boot-1.37.0\language-server\BOOT-INF\lib\antlr-runtime-3.5.2.jar;c:\Users\brenz\.vscode\extensions\pivotal.vscode-spring-boot-1.37.0\language-server\BOOT-INF\lib\antlr4-4.9.3.jar;c:\Users\brenz\.vscode\extensions\pivotal.vscode-spring-boot-1.37.0\language-server\BOOT-INF\lib\antlr4-runtime-4.9.3.jar;c:\Users\brenz\.vscode\extensions\pivotal.vscode-spring-boot-1.37.0\language-server\BOOT-INF\lib\asm-9.3.jar;c:\Users\brenz\.vscode\extensions\pivotal.vscode-spring-boot-1.37.0\language-server\BOOT-INF\lib\asm-analysis-9.3.jar;c:\Users\brenz\.vscode\extensions\pivotal.vscode-spring-boot-1.37.0\language-server\BOOT-INF\lib\asm-tree-9.3.jar;c:\Users\brenz\.vscode\extensions\pivotal.vscode-spring-boot-1.37.0\language-server\BOOT-INF\lib\asm-util-9.3.jar;c:\Users\brenz\.vscode\extensions\pivotal.vscode-spring-boot-1.37.0\language-server\BOOT-INF\lib\byte-buddy-1.10.18.jar;c:\Users\brenz\.vscode\extensions\pivotal.vscode-spring-boot-1.37.0\language-server\BOOT-INF\lib\caffeine-2.8.6.jar;c:\Users\brenz\.vscode\extensions\pivotal.vscode-spring-boot-1.37.0\language-server\BOOT-INF\lib\checker-qual-3.12.0.jar;c:\Users\brenz\.vscode\extensions\pivotal.vscode-spring-boot-1.37.0\language-server\BOOT-INF\lib\classgraph-4.8.149.jar;c:\Users\brenz\.vscode\extensions\pivotal.vscode-spring-boot-1.37.0\language-server\BOOT-INF\lib\commons-codec-1.14.jar;c:\Users\brenz\.vscode\extensions\pivotal.vscode-spring-boot-1.37.0\language-server\BOOT-INF\lib\commons-compress-1.21.jar;c:\Users\brenz\.vscode\extensions\pivotal.vscode-spring-boot-1.37.0\language-server\BOOT-INF\lib\commons-exec-1.3.jar;c:\Users\brenz\.vscode\extensions\pivotal.vscode-spring-boot-1.37.0\language-server\BOOT-INF\lib\com
Launcher Type: SUN_STANDARD

[Global flags]
     intx CICompilerCount                          = 4                                         {product} {ergonomic}
     uint ConcGCThreads                            = 3                                         {product} {ergonomic}
     uint G1ConcRefinementThreads                  = 10                                        {product} {ergonomic}
   size_t G1HeapRegionSize                         = 2097152                                   {product} {ergonomic}
    uintx GCDrainStackTargetSize                   = 64                                        {product} {ergonomic}
   size_t InitialHeapSize                          = 268435456                                 {product} {ergonomic}
   size_t MarkStackSize                            = 4194304                                   {product} {ergonomic}
   size_t MaxHeapSize                              = 4282384384                                {product} {ergonomic}
   size_t MaxNewSize                               = 2569011200                                {product} {ergonomic}
   size_t MinHeapDeltaBytes                        = 2097152                                   {product} {ergonomic}
   size_t MinHeapSize                              = 8388608                                   {product} {ergonomic}
    uintx NonProfiledCodeHeapSize                  = 0                                      {pd product} {ergonomic}
     bool ProfileInterpreter                       = false                                  {pd product} {command line}
    uintx ProfiledCodeHeapSize                     = 0                                      {pd product} {ergonomic}
   size_t SoftMaxHeapSize                          = 4282384384                             {manageable} {ergonomic}
     intx TieredStopAtLevel                        = 1                                         {product} {command line}
     bool UseCompressedClassPointers               = true                           {product lp64_product} {ergonomic}
     bool UseCompressedOops                        = true                           {product lp64_product} {ergonomic}
     bool UseG1GC                                  = true                                      {product} {ergonomic}
     bool UseLargePagesIndividualAllocation        = false                                  {pd product} {ergonomic}

Logging:
Log output configuration:
 #0: stdout all=warning uptime,level,tags
 #1: stderr all=off uptime,level,tags

Environment Variables:
PATH=C:\Program Files\Zulu\zulu-11\bin\;C:\Program Files\Oculus\Support\oculus-runtime;C:\Program Files (x86)\Common Files\Intel\Shared Libraries\redist\intel64\compiler;C:\Program Files\Common Files\Oracle\Java\javapath;C:\Program Files (x86)\Common Files\Oracle\Java\javapath;C:\Windows\system32;C:\Windows;C:\Windows\System32\Wbem;C:\Windows\System32\WindowsPowerShell\v1.0\;C:\Windows\System32\OpenSSH\;C:\Program Files\NVIDIA Corporation\NVIDIA NvDLISR;C:\Program Files (x86)\NVIDIA Corporation\PhysX\Common;C:\Program Files\Git\cmd;C:\MinGW\bin;C:\Program Files\dotnet\;C:\Program Files\nodejs\;C:\Program Files\MySQL\MySQL Shell 8.0\bin\;C:\Users\brenz\AppData\Local\Programs\Python\Python38\Scripts\;C:\Users\brenz\AppData\Local\Programs\Python\Python38\;C:\Users\brenz\AppData\Local\Microsoft\WindowsApps;C:\Users\brenz\AppData\Local\Programs\Microsoft VS Code\bin;C:\Users\brenz\AppData\Local\GitHubDesktop\bin;C:\Users\brenz\.dotnet\tools;C:\Users\brenz\AppData\Roaming\npm;C:\Program Files\JetBrains\IntelliJ IDEA Community Edition 2022.1.1\bin;
USERNAME=brenz
OS=Windows_NT
PROCESSOR_IDENTIFIER=AMD64 Family 23 Model 8 Stepping 2, AuthenticAMD



---------------  S Y S T E M  ---------------

OS:
 Windows 10 , 64 bit Build 19041 (10.0.19041.1806)
OS uptime: 1 days 0:23 hours

CPU: total 12 (initial active 12) (12 cores per cpu, 2 threads per core) family 23 model 8 stepping 2 microcode 0x0, cx8, cmov, fxsr, ht, mmx, 3dnowpref, sse, sse2, sse3, ssse3, sse4a, sse4.1, sse4.2, popcnt, lzcnt, tsc, tscinvbit, avx, avx2, aes, clmul, bmi1, bmi2, adx, sha, fma, vzeroupper, clflush, clflushopt

Memory: 4k page, system-wide physical 16333M (2526M free)
TotalPageFile size 26333M (AvailPageFile size 40M)
current process WorkingSet (physical memory assigned to process): 464M, peak: 2824M
current process commit charge ("private bytes"): 527M, peak: 2849M

vm_info: OpenJDK 64-Bit Server VM (17.0.3+7) for windows-amd64 JRE (17.0.3+7), built on Apr 19 2022 16:55:35 by "" with MS VC++ 16.7 (VS2019)

END.
