#
# There is insufficient memory for the Java Runtime Environment to continue.
# Native memory allocation (mmap) failed to map 390070272 bytes for G1 virtual space
# Possible reasons:
#   The system is out of physical RAM or swap space
#   The process is running with CompressedOops enabled, and the Java Heap may be blocking the growth of the native heap
# Possible solutions:
#   Reduce memory load on the system
#   Increase physical memory or swap space
#   Check if swap backing store is full
#   Decrease Java heap size (-Xmx/-Xms)
#   Decrease number of Java threads
#   Decrease Java thread stack sizes (-Xss)
#   Set larger code cache with -XX:ReservedCodeCacheSize=
#   JVM is running with Zero Based Compressed Oops mode in which the Java heap is
#     placed in the first 32GB address space. The Java Heap base address is the
#     maximum limit for the native heap growth. Please use -XX:HeapBaseMinAddress
#     to set the Java Heap base and to place the Java Heap above 32GB virtual address.
# This output file may be truncated or incomplete.
#
#  Out of Memory Error (os_windows.cpp:3535), pid=21052, tid=13200
#
# JRE version: OpenJDK Runtime Environment Temurin-17.0.3+7 (17.0.3+7) (build 17.0.3+7)
# Java VM: OpenJDK 64-Bit Server VM Temurin-17.0.3+7 (17.0.3+7, mixed mode, emulated-client, tiered, compressed oops, compressed class ptrs, g1 gc, windows-amd64)
# No core dump will be written. Minidumps are not enabled by default on client versions of Windows
#

---------------  S U M M A R Y ------------

Command Line: -Dsts.lsp.client=vscode -Dsts.log.file=/dev/null -XX:TieredStopAtLevel=1 -Dspring.config.location=file:c:\Users\brenz\.vscode\extensions\pivotal.vscode-spring-boot-1.37.0\language-server\BOOT-INF\classes\application.properties org.springframework.ide.vscode.boot.app.BootLanguageServerBootApp

Host: AMD Ryzen 5 2600X Six-Core Processor           , 12 cores, 15G,  Windows 10 , 64 bit Build 19041 (10.0.19041.1806)
Time: Tue Aug  9 14:47:39 2022 Eastern Daylight Time elapsed time: 3.007626 seconds (0d 0h 0m 3s)

---------------  T H R E A D  ---------------

Current thread (0x0000021373c56410):  VMThread "VM Thread" [stack: 0x0000002fced00000,0x0000002fcee00000] [id=13200]

Stack: [0x0000002fced00000,0x0000002fcee00000]
Native frames: (J=compiled Java code, j=interpreted, Vv=VM code, C=native code)
V  [jvm.dll+0x675efa]
V  [jvm.dll+0x830a24]
V  [jvm.dll+0x8321ce]
V  [jvm.dll+0x832833]
V  [jvm.dll+0x2454b5]
V  [jvm.dll+0x672de9]
V  [jvm.dll+0x667732]
V  [jvm.dll+0x3043ab]
V  [jvm.dll+0x30b8f6]
V  [jvm.dll+0x35b62e]
V  [jvm.dll+0x35b85f]
V  [jvm.dll+0x2db248]
V  [jvm.dll+0x2d94fc]
V  [jvm.dll+0x2d8acc]
V  [jvm.dll+0x31ca2b]
V  [jvm.dll+0x836cdb]
V  [jvm.dll+0x837a14]
V  [jvm.dll+0x837f2c]
V  [jvm.dll+0x838304]
V  [jvm.dll+0x8383d0]
V  [jvm.dll+0x7e0cfa]
V  [jvm.dll+0x674d85]
C  [ucrtbase.dll+0x21bb2]
C  [KERNEL32.DLL+0x17034]
C  [ntdll.dll+0x52651]

VM_Operation (0x0000002fd0efdc20): G1CollectForAllocation, mode: safepoint, requested by thread 0x00000213766c1e00


---------------  P R O C E S S  ---------------

Threads class SMR info:
_java_thread_list=0x000002137846d280, length=49, elements={
0x000002137483f4f0, 0x0000021374840c90, 0x0000021373c5d510, 0x0000021373c5e190,
0x0000021373c5ea50, 0x0000021374871460, 0x0000021374872a60, 0x000002137487a410,
0x00000213748bcbb0, 0x0000021374a88000, 0x0000021374a8b780, 0x00000213752dc0b0,
0x00000213753955c0, 0x000002137654e420, 0x000002137660f330, 0x000002137663a660,
0x00000213617d8a80, 0x000002137656a730, 0x000002137669b340, 0x0000021376699860,
0x00000213766c0250, 0x00000213766c1e00, 0x00000213766c3140, 0x00000213766c3610,
0x00000213766c3fb0, 0x00000213766c3ae0, 0x00000213766c1930, 0x00000213766c1460,
0x00000213766c4480, 0x00000213766c22d0, 0x00000213766c4950, 0x00000213766c0f90,
0x00000213766c27a0, 0x00000213766c2c70, 0x00000213766e6610, 0x00000213766e4460,
0x00000213766e7e20, 0x00000213766e6ae0, 0x00000213766e3f90, 0x00000213766e3120,
0x00000213766e9630, 0x00000213766e35f0, 0x00000213766e3ac0, 0x00000213766e9fd0,
0x00000213766e6fb0, 0x00000213766e6140, 0x00000213766e7480, 0x00000213766e4930,
0x00000213766e82f0
}

Java Threads: ( => current thread )
  0x000002137483f4f0 JavaThread "Reference Handler" daemon [_thread_blocked, id=10860, stack(0x0000002fcee00000,0x0000002fcef00000)]
  0x0000021374840c90 JavaThread "Finalizer" daemon [_thread_blocked, id=19304, stack(0x0000002fcef00000,0x0000002fcf000000)]
  0x0000021373c5d510 JavaThread "Signal Dispatcher" daemon [_thread_blocked, id=3588, stack(0x0000002fcf000000,0x0000002fcf100000)]
  0x0000021373c5e190 JavaThread "Attach Listener" daemon [_thread_blocked, id=10068, stack(0x0000002fcf100000,0x0000002fcf200000)]
  0x0000021373c5ea50 JavaThread "Service Thread" daemon [_thread_blocked, id=3856, stack(0x0000002fcf200000,0x0000002fcf300000)]
  0x0000021374871460 JavaThread "Monitor Deflation Thread" daemon [_thread_blocked, id=23124, stack(0x0000002fcf300000,0x0000002fcf400000)]
  0x0000021374872a60 JavaThread "C1 CompilerThread0" daemon [_thread_blocked, id=8584, stack(0x0000002fcf400000,0x0000002fcf500000)]
  0x000002137487a410 JavaThread "Sweeper thread" daemon [_thread_blocked, id=15752, stack(0x0000002fcf500000,0x0000002fcf600000)]
  0x00000213748bcbb0 JavaThread "C1 CompilerThread1" daemon [_thread_blocked, id=23524, stack(0x0000002fcf600000,0x0000002fcf700000)]
  0x0000021374a88000 JavaThread "Notification Thread" daemon [_thread_blocked, id=7752, stack(0x0000002fcf700000,0x0000002fcf800000)]
  0x0000021374a8b780 JavaThread "Common-Cleaner" daemon [_thread_blocked, id=8456, stack(0x0000002fcf900000,0x0000002fcfa00000)]
  0x00000213752dc0b0 JavaThread "C1 CompilerThread2" daemon [_thread_blocked, id=4056, stack(0x0000002fcfa00000,0x0000002fcfb00000)]
  0x00000213753955c0 JavaThread "C1 CompilerThread3" daemon [_thread_blocked, id=14700, stack(0x0000002fcfb00000,0x0000002fcfc00000)]
  0x000002137654e420 JavaThread "ForkJoinPool.commonPool-worker-1" daemon [_thread_blocked, id=10156, stack(0x0000002fd0100000,0x0000002fd0200000)]
  0x000002137660f330 JavaThread "pool-7-thread-1" [_thread_blocked, id=1556, stack(0x0000002fd0800000,0x0000002fd0900000)]
  0x000002137663a660 JavaThread "LanguageServerApp-lifecycle" [_thread_blocked, id=7840, stack(0x0000002fd0900000,0x0000002fd0a00000)]
  0x00000213617d8a80 JavaThread "DestroyJavaVM" [_thread_blocked, id=17244, stack(0x0000002fce700000,0x0000002fce800000)]
  0x000002137656a730 JavaThread "ClassGraph-worker-0" daemon [_thread_blocked, id=19800, stack(0x0000002fd0a00000,0x0000002fd0b00000)]
  0x000002137669b340 JavaThread "ClassGraph-worker-1" daemon [_thread_blocked, id=20428, stack(0x0000002fd0b00000,0x0000002fd0c00000)]
  0x0000021376699860 JavaThread "ClassGraph-worker-2" daemon [_thread_blocked, id=21216, stack(0x0000002fd0c00000,0x0000002fd0d00000)]
  0x00000213766c0250 JavaThread "ClassGraph-worker-3" daemon [_thread_blocked, id=14788, stack(0x0000002fd0d00000,0x0000002fd0e00000)]
  0x00000213766c1e00 JavaThread "ClassGraph-worker-4" daemon [_thread_blocked, id=3680, stack(0x0000002fd0e00000,0x0000002fd0f00000)]
  0x00000213766c3140 JavaThread "ClassGraph-worker-5" daemon [_thread_blocked, id=7520, stack(0x0000002fd0f00000,0x0000002fd1000000)]
  0x00000213766c3610 JavaThread "ClassGraph-worker-6" daemon [_thread_blocked, id=1388, stack(0x0000002fd1000000,0x0000002fd1100000)]
  0x00000213766c3fb0 JavaThread "ClassGraph-worker-7" daemon [_thread_blocked, id=3536, stack(0x0000002fd1100000,0x0000002fd1200000)]
  0x00000213766c3ae0 JavaThread "ClassGraph-worker-8" daemon [_thread_blocked, id=21376, stack(0x0000002fd1200000,0x0000002fd1300000)]
  0x00000213766c1930 JavaThread "ClassGraph-worker-9" daemon [_thread_blocked, id=17504, stack(0x0000002fd1300000,0x0000002fd1400000)]
  0x00000213766c1460 JavaThread "ClassGraph-worker-10" daemon [_thread_blocked, id=17128, stack(0x0000002fd1400000,0x0000002fd1500000)]
  0x00000213766c4480 JavaThread "ClassGraph-worker-11" daemon [_thread_blocked, id=3792, stack(0x0000002fd1500000,0x0000002fd1600000)]
  0x00000213766c22d0 JavaThread "ClassGraph-worker-12" daemon [_thread_blocked, id=14492, stack(0x0000002fd1600000,0x0000002fd1700000)]
  0x00000213766c4950 JavaThread "ClassGraph-worker-13" daemon [_thread_blocked, id=17572, stack(0x0000002fd1700000,0x0000002fd1800000)]
  0x00000213766c0f90 JavaThread "ClassGraph-worker-14" daemon [_thread_blocked, id=10664, stack(0x0000002fd1800000,0x0000002fd1900000)]
  0x00000213766c27a0 JavaThread "ClassGraph-worker-15" daemon [_thread_blocked, id=16456, stack(0x0000002fd1900000,0x0000002fd1a00000)]
  0x00000213766c2c70 JavaThread "ClassGraph-worker-16" daemon [_thread_blocked, id=9008, stack(0x0000002fd1a00000,0x0000002fd1b00000)]
  0x00000213766e6610 JavaThread "ClassGraph-worker-17" daemon [_thread_blocked, id=10312, stack(0x0000002fd1b00000,0x0000002fd1c00000)]
  0x00000213766e4460 JavaThread "ClassGraph-worker-18" daemon [_thread_blocked, id=15532, stack(0x0000002fd1c00000,0x0000002fd1d00000)]
  0x00000213766e7e20 JavaThread "pool-8-thread-1" [_thread_in_native, id=14896, stack(0x0000002fd1d00000,0x0000002fd1e00000)]
  0x00000213766e6ae0 JavaThread "Simple-Language-Server main thread" daemon [_thread_blocked, id=10184, stack(0x0000002fd2000000,0x0000002fd2100000)]
  0x00000213766e3f90 JavaThread "pool-5-thread-1" [_thread_blocked, id=17096, stack(0x0000002fd2100000,0x0000002fd2200000)]
  0x00000213766e3120 JavaThread "parallel-1" daemon [_thread_blocked, id=13832, stack(0x0000002fd2200000,0x0000002fd2300000)]
  0x00000213766e9630 JavaThread "parallel-2" daemon [_thread_blocked, id=12420, stack(0x0000002fd2300000,0x0000002fd2400000)]
  0x00000213766e35f0 JavaThread "parallel-3" daemon [_thread_blocked, id=12800, stack(0x0000002fd2400000,0x0000002fd2500000)]
  0x00000213766e3ac0 JavaThread "parallel-4" daemon [_thread_blocked, id=10852, stack(0x0000002fd2500000,0x0000002fd2600000)]
  0x00000213766e9fd0 JavaThread "parallel-5" daemon [_thread_blocked, id=16240, stack(0x0000002fd2600000,0x0000002fd2700000)]
  0x00000213766e6fb0 JavaThread "parallel-6" daemon [_thread_blocked, id=19600, stack(0x0000002fd2700000,0x0000002fd2800000)]
  0x00000213766e6140 JavaThread "parallel-7" daemon [_thread_blocked, id=6776, stack(0x0000002fd2800000,0x0000002fd2900000)]
  0x00000213766e7480 JavaThread "pool-2-thread-1" [_thread_blocked, id=9904, stack(0x0000002fd2900000,0x0000002fd2a00000)]
  0x00000213766e4930 JavaThread "Reconciler-1" daemon [_thread_blocked, id=8376, stack(0x0000002fd2a00000,0x0000002fd2b00000)]
  0x00000213766e82f0 JavaThread "pool-2-thread-2" [_thread_blocked, id=1716, stack(0x0000002fd2b00000,0x0000002fd2c00000)]

Other Threads:
=>0x0000021373c56410 VMThread "VM Thread" [stack: 0x0000002fced00000,0x0000002fcee00000] [id=13200]
  0x0000021374a884d0 WatcherThread [stack: 0x0000002fcf800000,0x0000002fcf900000] [id=11196]
  0x0000021361846410 GCTaskThread "GC Thread#0" [stack: 0x0000002fce800000,0x0000002fce900000] [id=22624]
  0x00000213753f7a70 GCTaskThread "GC Thread#1" [stack: 0x0000002fcfc00000,0x0000002fcfd00000] [id=14184]
  0x00000213753f7d20 GCTaskThread "GC Thread#2" [stack: 0x0000002fcfd00000,0x0000002fcfe00000] [id=15784]
  0x00000213753b57c0 GCTaskThread "GC Thread#3" [stack: 0x0000002fcfe00000,0x0000002fcff00000] [id=17992]
  0x00000213753c4f10 GCTaskThread "GC Thread#4" [stack: 0x0000002fcff00000,0x0000002fd0000000] [id=20968]
  0x00000213753c59e0 GCTaskThread "GC Thread#5" [stack: 0x0000002fd0000000,0x0000002fd0100000] [id=10884]
  0x0000021375e16060 GCTaskThread "GC Thread#6" [stack: 0x0000002fd0200000,0x0000002fd0300000] [id=1244]
  0x0000021375e30f20 GCTaskThread "GC Thread#7" [stack: 0x0000002fd0300000,0x0000002fd0400000] [id=18900]
  0x0000021375e83850 GCTaskThread "GC Thread#8" [stack: 0x0000002fd0400000,0x0000002fd0500000] [id=8284]
  0x0000021375e84320 GCTaskThread "GC Thread#9" [stack: 0x0000002fd0500000,0x0000002fd0600000] [id=12192]
  0x00000213618581b0 ConcurrentGCThread "G1 Main Marker" [stack: 0x0000002fce900000,0x0000002fcea00000] [id=22612]
  0x0000021361859270 ConcurrentGCThread "G1 Conc#0" [stack: 0x0000002fcea00000,0x0000002fceb00000] [id=21152]
  0x0000021376001a60 ConcurrentGCThread "G1 Conc#1" [stack: 0x0000002fd0600000,0x0000002fd0700000] [id=20252]
  0x0000021376014640 ConcurrentGCThread "G1 Conc#2" [stack: 0x0000002fd0700000,0x0000002fd0800000] [id=3520]
  0x0000021373aeb120 ConcurrentGCThread "G1 Refine#0" [stack: 0x0000002fceb00000,0x0000002fcec00000] [id=12640]
  0x00000213767b30c0 ConcurrentGCThread "G1 Refine#1" [stack: 0x0000002fd1e00000,0x0000002fd1f00000] [id=1884]
  0x0000021376bcce50 ConcurrentGCThread "G1 Refine#2" [stack: 0x0000002fd1f00000,0x0000002fd2000000] [id=21400]
  0x0000021373aeb950 ConcurrentGCThread "G1 Service" [stack: 0x0000002fcec00000,0x0000002fced00000] [id=7096]

Threads with active compile tasks:

VM state: at safepoint (normal execution)

VM Mutex/Monitor currently owned by a thread:  ([mutex/lock_event])
[0x000002135f5c8800] Threads_lock - owner thread: 0x0000021373c56410
[0x00000213617d5f00] Heap_lock - owner thread: 0x00000213766c1e00

Heap address: 0x0000000700c00000, size: 4084 MB, Compressed Oops mode: Zero based, Oop shift amount: 3

CDS archive(s) not mapped
Compressed class space mapped at: 0x0000000800000000-0x0000000840000000, reserved size: 1073741824
Narrow klass base: 0x0000000800000000, Narrow klass shift: 0, Narrow klass range: 0x40000000

GC Precious Log:
 CPUs: 12 total, 12 available
 Memory: 16333M
 Large Page Support: Disabled
 NUMA Support: Disabled
 Compressed Oops: Enabled (Zero based)
 Heap Region Size: 2M
 Heap Min Capacity: 8M
 Heap Initial Capacity: 256M
 Heap Max Capacity: 4084M
 Pre-touch: Disabled
 Parallel Workers: 10
 Concurrent Workers: 3
 Concurrent Refinement Workers: 10
 Periodic GC: Disabled

Heap:
 garbage-first heap   total 262144K, used 76902K [0x0000000700c00000, 0x0000000800000000)
  region size 2048K, 5 young (10240K), 5 survivors (10240K)
 Metaspace       used 35288K, committed 35584K, reserved 1081344K
  class space    used 4592K, committed 4736K, reserved 1048576K

Heap Regions: E=young(eden), S=young(survivor), O=old, HS=humongous(starts), HC=humongous(continues), CS=collection set, F=free, OA=open archive, CA=closed archive, TAMS=top-at-mark-start (previous, next)
|   0|0x0000000700c00000, 0x0000000700e00000, 0x0000000700e00000|100%| O|  |TAMS 0x0000000700e00000, 0x0000000700c00000| Untracked 
|   1|0x0000000700e00000, 0x0000000701000000, 0x0000000701000000|100%| O|  |TAMS 0x0000000701000000, 0x0000000700e00000| Untracked 
|   2|0x0000000701000000, 0x0000000701200000, 0x0000000701200000|100%| O|  |TAMS 0x0000000701200000, 0x0000000701000000| Untracked 
|   3|0x0000000701200000, 0x0000000701400000, 0x0000000701400000|100%| O|  |TAMS 0x0000000701200000, 0x0000000701200000| Untracked 
|   4|0x0000000701400000, 0x0000000701600000, 0x0000000701600000|100%| O|  |TAMS 0x0000000701400000, 0x0000000701400000| Untracked 
|   5|0x0000000701600000, 0x0000000701800000, 0x0000000701800000|100%| O|  |TAMS 0x0000000701600000, 0x0000000701600000| Untracked 
|   6|0x0000000701800000, 0x0000000701a00000, 0x0000000701a00000|100%| O|  |TAMS 0x0000000701800000, 0x0000000701800000| Untracked 
|   7|0x0000000701a00000, 0x0000000701c00000, 0x0000000701c00000|100%| O|  |TAMS 0x0000000701a00000, 0x0000000701a00000| Untracked 
|   8|0x0000000701c00000, 0x0000000701e00000, 0x0000000701e00000|100%| O|  |TAMS 0x0000000701c00000, 0x0000000701c00000| Untracked 
|   9|0x0000000701e00000, 0x0000000702000000, 0x0000000702000000|100%| O|  |TAMS 0x0000000701e00000, 0x0000000701e00000| Untracked 
|  10|0x0000000702000000, 0x0000000702200000, 0x0000000702200000|100%| O|  |TAMS 0x0000000702000000, 0x0000000702000000| Untracked 
|  11|0x0000000702200000, 0x0000000702400000, 0x0000000702400000|100%| O|  |TAMS 0x0000000702200000, 0x0000000702200000| Untracked 
|  12|0x0000000702400000, 0x0000000702600000, 0x0000000702600000|100%| O|  |TAMS 0x0000000702400000, 0x0000000702400000| Untracked 
|  13|0x0000000702600000, 0x0000000702800000, 0x0000000702800000|100%| O|  |TAMS 0x0000000702600000, 0x0000000702600000| Untracked 
|  14|0x0000000702800000, 0x0000000702a00000, 0x0000000702a00000|100%| O|  |TAMS 0x0000000702800000, 0x0000000702800000| Untracked 
|  15|0x0000000702a00000, 0x0000000702c00000, 0x0000000702c00000|100%| O|  |TAMS 0x0000000702a00000, 0x0000000702a00000| Untracked 
|  16|0x0000000702c00000, 0x0000000702e00000, 0x0000000702e00000|100%| O|  |TAMS 0x0000000702c00000, 0x0000000702c00000| Untracked 
|  17|0x0000000702e00000, 0x0000000703000000, 0x0000000703000000|100%| O|  |TAMS 0x0000000702e00000, 0x0000000702e00000| Untracked 
|  18|0x0000000703000000, 0x0000000703200000, 0x0000000703200000|100%| O|  |TAMS 0x0000000703000000, 0x0000000703000000| Untracked 
|  19|0x0000000703200000, 0x0000000703400000, 0x0000000703400000|100%| O|  |TAMS 0x0000000703200000, 0x0000000703200000| Untracked 
|  20|0x0000000703400000, 0x0000000703600000, 0x0000000703600000|100%| O|  |TAMS 0x0000000703400000, 0x0000000703400000| Untracked 
|  21|0x0000000703600000, 0x0000000703800000, 0x0000000703800000|100%| O|  |TAMS 0x0000000703600000, 0x0000000703600000| Untracked 
|  22|0x0000000703800000, 0x0000000703a00000, 0x0000000703a00000|100%| O|  |TAMS 0x0000000703800000, 0x0000000703800000| Untracked 
|  23|0x0000000703a00000, 0x0000000703c00000, 0x0000000703c00000|100%| O|  |TAMS 0x0000000703a00000, 0x0000000703a00000| Untracked 
|  24|0x0000000703c00000, 0x0000000703e00000, 0x0000000703e00000|100%| O|  |TAMS 0x0000000703c00000, 0x0000000703c00000| Untracked 
|  25|0x0000000703e00000, 0x0000000704000000, 0x0000000704000000|100%| O|  |TAMS 0x0000000703e00000, 0x0000000703e00000| Untracked 
|  26|0x0000000704000000, 0x0000000704200000, 0x0000000704200000|100%| O|  |TAMS 0x0000000704000000, 0x0000000704000000| Untracked 
|  27|0x0000000704200000, 0x0000000704400000, 0x0000000704400000|100%| O|  |TAMS 0x0000000704200000, 0x0000000704200000| Untracked 
|  28|0x0000000704400000, 0x0000000704600000, 0x0000000704600000|100%| O|  |TAMS 0x0000000704400000, 0x0000000704400000| Untracked 
|  29|0x0000000704600000, 0x0000000704800000, 0x0000000704800000|100%| O|  |TAMS 0x0000000704600000, 0x0000000704600000| Untracked 
|  30|0x0000000704800000, 0x0000000704a00000, 0x0000000704a00000|100%| O|  |TAMS 0x0000000704800000, 0x0000000704800000| Untracked 
|  31|0x0000000704a00000, 0x0000000704c00000, 0x0000000704c00000|100%| O|  |TAMS 0x0000000704a00000, 0x0000000704a00000| Untracked 
|  32|0x0000000704c00000, 0x0000000704e00000, 0x0000000704e00000|100%| O|  |TAMS 0x0000000704c00000, 0x0000000704c00000| Untracked 
|  33|0x0000000704e00000, 0x0000000704e4e400, 0x0000000705000000| 15%| O|  |TAMS 0x0000000704e00000, 0x0000000704e00000| Untracked 
|  34|0x0000000705000000, 0x0000000705000000, 0x0000000705200000|  0%| F|  |TAMS 0x0000000705000000, 0x0000000705000000| Untracked 
|  35|0x0000000705200000, 0x0000000705200000, 0x0000000705400000|  0%| F|  |TAMS 0x0000000705200000, 0x0000000705200000| Untracked 
|  36|0x0000000705400000, 0x0000000705400000, 0x0000000705600000|  0%| F|  |TAMS 0x0000000705400000, 0x0000000705400000| Untracked 
|  37|0x0000000705600000, 0x0000000705600000, 0x0000000705800000|  0%| F|  |TAMS 0x0000000705600000, 0x0000000705600000| Untracked 
|  38|0x0000000705800000, 0x0000000705800000, 0x0000000705a00000|  0%| F|  |TAMS 0x0000000705800000, 0x0000000705800000| Untracked 
|  39|0x0000000705a00000, 0x0000000705a00000, 0x0000000705c00000|  0%| F|  |TAMS 0x0000000705a00000, 0x0000000705a00000| Untracked 
|  40|0x0000000705c00000, 0x0000000705c00000, 0x0000000705e00000|  0%| F|  |TAMS 0x0000000705c00000, 0x0000000705c00000| Untracked 
|  41|0x0000000705e00000, 0x0000000705e00000, 0x0000000706000000|  0%| F|  |TAMS 0x0000000705e00000, 0x0000000705e00000| Untracked 
|  42|0x0000000706000000, 0x0000000706000000, 0x0000000706200000|  0%| F|  |TAMS 0x0000000706000000, 0x0000000706000000| Untracked 
|  43|0x0000000706200000, 0x0000000706200000, 0x0000000706400000|  0%| F|  |TAMS 0x0000000706200000, 0x0000000706200000| Untracked 
|  44|0x0000000706400000, 0x0000000706400000, 0x0000000706600000|  0%| F|  |TAMS 0x0000000706400000, 0x0000000706400000| Untracked 
|  45|0x0000000706600000, 0x0000000706600000, 0x0000000706800000|  0%| F|  |TAMS 0x0000000706600000, 0x0000000706600000| Untracked 
|  46|0x0000000706800000, 0x0000000706800000, 0x0000000706a00000|  0%| F|  |TAMS 0x0000000706800000, 0x0000000706800000| Untracked 
|  47|0x0000000706a00000, 0x0000000706a00000, 0x0000000706c00000|  0%| F|  |TAMS 0x0000000706a00000, 0x0000000706a00000| Untracked 
|  48|0x0000000706c00000, 0x0000000706c00000, 0x0000000706e00000|  0%| F|  |TAMS 0x0000000706c00000, 0x0000000706c00000| Untracked 
|  49|0x0000000706e00000, 0x0000000706e00000, 0x0000000707000000|  0%| F|  |TAMS 0x0000000706e00000, 0x0000000706e00000| Untracked 
|  50|0x0000000707000000, 0x0000000707000000, 0x0000000707200000|  0%| F|  |TAMS 0x0000000707000000, 0x0000000707000000| Untracked 
|  51|0x0000000707200000, 0x0000000707200000, 0x0000000707400000|  0%| F|  |TAMS 0x0000000707200000, 0x0000000707200000| Untracked 
|  52|0x0000000707400000, 0x0000000707400000, 0x0000000707600000|  0%| F|  |TAMS 0x0000000707400000, 0x0000000707400000| Untracked 
|  53|0x0000000707600000, 0x0000000707600000, 0x0000000707800000|  0%| F|  |TAMS 0x0000000707600000, 0x0000000707600000| Untracked 
|  54|0x0000000707800000, 0x00000007078cb480, 0x0000000707a00000| 39%| S|CS|TAMS 0x0000000707800000, 0x0000000707800000| Complete 
|  55|0x0000000707a00000, 0x0000000707c00000, 0x0000000707c00000|100%| S|CS|TAMS 0x0000000707a00000, 0x0000000707a00000| Complete 
|  56|0x0000000707c00000, 0x0000000707e00000, 0x0000000707e00000|100%| S|CS|TAMS 0x0000000707c00000, 0x0000000707c00000| Complete 
|  57|0x0000000707e00000, 0x0000000708000000, 0x0000000708000000|100%| S|CS|TAMS 0x0000000707e00000, 0x0000000707e00000| Complete 
|  58|0x0000000708000000, 0x0000000708000000, 0x0000000708200000|  0%| F|  |TAMS 0x0000000708000000, 0x0000000708000000| Untracked 
|  59|0x0000000708200000, 0x0000000708200000, 0x0000000708400000|  0%| F|  |TAMS 0x0000000708200000, 0x0000000708200000| Untracked 
|  60|0x0000000708400000, 0x0000000708600000, 0x0000000708600000|100%| S|CS|TAMS 0x0000000708400000, 0x0000000708400000| Complete 
|  61|0x0000000708600000, 0x0000000708600000, 0x0000000708800000|  0%| F|  |TAMS 0x0000000708600000, 0x0000000708600000| Untracked 
|  62|0x0000000708800000, 0x0000000708800000, 0x0000000708a00000|  0%| F|  |TAMS 0x0000000708800000, 0x0000000708800000| Untracked 
|  63|0x0000000708a00000, 0x0000000708a00000, 0x0000000708c00000|  0%| F|  |TAMS 0x0000000708a00000, 0x0000000708a00000| Untracked 
|  64|0x0000000708c00000, 0x0000000708c00000, 0x0000000708e00000|  0%| F|  |TAMS 0x0000000708c00000, 0x0000000708c00000| Untracked 
|  65|0x0000000708e00000, 0x0000000708e00000, 0x0000000709000000|  0%| F|  |TAMS 0x0000000708e00000, 0x0000000708e00000| Untracked 
|  66|0x0000000709000000, 0x0000000709000000, 0x0000000709200000|  0%| F|  |TAMS 0x0000000709000000, 0x0000000709000000| Untracked 
|  67|0x0000000709200000, 0x0000000709200000, 0x0000000709400000|  0%| F|  |TAMS 0x0000000709200000, 0x0000000709200000| Untracked 
|  68|0x0000000709400000, 0x0000000709400000, 0x0000000709600000|  0%| F|  |TAMS 0x0000000709400000, 0x0000000709400000| Untracked 
|  69|0x0000000709600000, 0x0000000709600000, 0x0000000709800000|  0%| F|  |TAMS 0x0000000709600000, 0x0000000709600000| Untracked 
|  70|0x0000000709800000, 0x0000000709800000, 0x0000000709a00000|  0%| F|  |TAMS 0x0000000709800000, 0x0000000709800000| Untracked 
|  71|0x0000000709a00000, 0x0000000709a00000, 0x0000000709c00000|  0%| F|  |TAMS 0x0000000709a00000, 0x0000000709a00000| Untracked 
|  72|0x0000000709c00000, 0x0000000709c00000, 0x0000000709e00000|  0%| F|  |TAMS 0x0000000709c00000, 0x0000000709c00000| Untracked 
|  73|0x0000000709e00000, 0x0000000709e00000, 0x000000070a000000|  0%| F|  |TAMS 0x0000000709e00000, 0x0000000709e00000| Untracked 
|  74|0x000000070a000000, 0x000000070a000000, 0x000000070a200000|  0%| F|  |TAMS 0x000000070a000000, 0x000000070a000000| Untracked 
|  75|0x000000070a200000, 0x000000070a200000, 0x000000070a400000|  0%| F|  |TAMS 0x000000070a200000, 0x000000070a200000| Untracked 
|  76|0x000000070a400000, 0x000000070a400000, 0x000000070a600000|  0%| F|  |TAMS 0x000000070a400000, 0x000000070a400000| Untracked 
|  77|0x000000070a600000, 0x000000070a600000, 0x000000070a800000|  0%| F|  |TAMS 0x000000070a600000, 0x000000070a600000| Untracked 
|  78|0x000000070a800000, 0x000000070a800000, 0x000000070aa00000|  0%| F|  |TAMS 0x000000070a800000, 0x000000070a800000| Untracked 
|  79|0x000000070aa00000, 0x000000070aa00000, 0x000000070ac00000|  0%| F|  |TAMS 0x000000070aa00000, 0x000000070aa00000| Untracked 
|  80|0x000000070ac00000, 0x000000070ac00000, 0x000000070ae00000|  0%| F|  |TAMS 0x000000070ac00000, 0x000000070ac00000| Untracked 
|  81|0x000000070ae00000, 0x000000070ae00000, 0x000000070b000000|  0%| F|  |TAMS 0x000000070ae00000, 0x000000070ae00000| Untracked 
|  82|0x000000070b000000, 0x000000070b000000, 0x000000070b200000|  0%| F|  |TAMS 0x000000070b000000, 0x000000070b000000| Untracked 
|  83|0x000000070b200000, 0x000000070b200000, 0x000000070b400000|  0%| F|  |TAMS 0x000000070b200000, 0x000000070b200000| Untracked 
|  84|0x000000070b400000, 0x000000070b400000, 0x000000070b600000|  0%| F|  |TAMS 0x000000070b400000, 0x000000070b400000| Untracked 
|  85|0x000000070b600000, 0x000000070b600000, 0x000000070b800000|  0%| F|  |TAMS 0x000000070b600000, 0x000000070b600000| Untracked 
|  86|0x000000070b800000, 0x000000070b800000, 0x000000070ba00000|  0%| F|  |TAMS 0x000000070b800000, 0x000000070b800000| Untracked 
|  87|0x000000070ba00000, 0x000000070ba00000, 0x000000070bc00000|  0%| F|  |TAMS 0x000000070ba00000, 0x000000070ba00000| Untracked 
|  88|0x000000070bc00000, 0x000000070bc00000, 0x000000070be00000|  0%| F|  |TAMS 0x000000070bc00000, 0x000000070bc00000| Untracked 
|  89|0x000000070be00000, 0x000000070be00000, 0x000000070c000000|  0%| F|  |TAMS 0x000000070be00000, 0x000000070be00000| Untracked 
|  90|0x000000070c000000, 0x000000070c000000, 0x000000070c200000|  0%| F|  |TAMS 0x000000070c000000, 0x000000070c000000| Untracked 
|  91|0x000000070c200000, 0x000000070c200000, 0x000000070c400000|  0%| F|  |TAMS 0x000000070c200000, 0x000000070c200000| Untracked 
|  92|0x000000070c400000, 0x000000070c400000, 0x000000070c600000|  0%| F|  |TAMS 0x000000070c400000, 0x000000070c400000| Untracked 
|  93|0x000000070c600000, 0x000000070c600000, 0x000000070c800000|  0%| F|  |TAMS 0x000000070c600000, 0x000000070c600000| Untracked 
|  94|0x000000070c800000, 0x000000070c800000, 0x000000070ca00000|  0%| F|  |TAMS 0x000000070c800000, 0x000000070c800000| Untracked 
|  95|0x000000070ca00000, 0x000000070ca00000, 0x000000070cc00000|  0%| F|  |TAMS 0x000000070ca00000, 0x000000070ca00000| Untracked 
|  96|0x000000070cc00000, 0x000000070cc00000, 0x000000070ce00000|  0%| F|  |TAMS 0x000000070cc00000, 0x000000070cc00000| Untracked 
|  97|0x000000070ce00000, 0x000000070ce00000, 0x000000070d000000|  0%| F|  |TAMS 0x000000070ce00000, 0x000000070ce00000| Untracked 
|  98|0x000000070d000000, 0x000000070d000000, 0x000000070d200000|  0%| F|  |TAMS 0x000000070d000000, 0x000000070d000000| Untracked 
|  99|0x000000070d200000, 0x000000070d200000, 0x000000070d400000|  0%| F|  |TAMS 0x000000070d200000, 0x000000070d200000| Untracked 
| 100|0x000000070d400000, 0x000000070d400000, 0x000000070d600000|  0%| F|  |TAMS 0x000000070d400000, 0x000000070d400000| Untracked 
| 101|0x000000070d600000, 0x000000070d600000, 0x000000070d800000|  0%| F|  |TAMS 0x000000070d600000, 0x000000070d600000| Untracked 
| 102|0x000000070d800000, 0x000000070d800000, 0x000000070da00000|  0%| F|  |TAMS 0x000000070d800000, 0x000000070d800000| Untracked 
| 103|0x000000070da00000, 0x000000070da00000, 0x000000070dc00000|  0%| F|  |TAMS 0x000000070da00000, 0x000000070da00000| Untracked 
| 104|0x000000070dc00000, 0x000000070dc00000, 0x000000070de00000|  0%| F|  |TAMS 0x000000070dc00000, 0x000000070dc00000| Untracked 
| 105|0x000000070de00000, 0x000000070de00000, 0x000000070e000000|  0%| F|  |TAMS 0x000000070de00000, 0x000000070de00000| Untracked 
| 106|0x000000070e000000, 0x000000070e000000, 0x000000070e200000|  0%| F|  |TAMS 0x000000070e000000, 0x000000070e000000| Untracked 
| 107|0x000000070e200000, 0x000000070e200000, 0x000000070e400000|  0%| F|  |TAMS 0x000000070e200000, 0x000000070e200000| Untracked 
| 108|0x000000070e400000, 0x000000070e400000, 0x000000070e600000|  0%| F|  |TAMS 0x000000070e400000, 0x000000070e400000| Untracked 
| 109|0x000000070e600000, 0x000000070e600000, 0x000000070e800000|  0%| F|  |TAMS 0x000000070e600000, 0x000000070e600000| Untracked 
| 110|0x000000070e800000, 0x000000070e800000, 0x000000070ea00000|  0%| F|  |TAMS 0x000000070e800000, 0x000000070e800000| Untracked 
| 111|0x000000070ea00000, 0x000000070ea00000, 0x000000070ec00000|  0%| F|  |TAMS 0x000000070ea00000, 0x000000070ea00000| Untracked 
| 112|0x000000070ec00000, 0x000000070ec00000, 0x000000070ee00000|  0%| F|  |TAMS 0x000000070ec00000, 0x000000070ec00000| Untracked 
| 113|0x000000070ee00000, 0x000000070ee00000, 0x000000070f000000|  0%| F|  |TAMS 0x000000070ee00000, 0x000000070ee00000| Untracked 
| 114|0x000000070f000000, 0x000000070f000000, 0x000000070f200000|  0%| F|  |TAMS 0x000000070f000000, 0x000000070f000000| Untracked 
| 115|0x000000070f200000, 0x000000070f200000, 0x000000070f400000|  0%| F|  |TAMS 0x000000070f200000, 0x000000070f200000| Untracked 
| 116|0x000000070f400000, 0x000000070f400000, 0x000000070f600000|  0%| F|  |TAMS 0x000000070f400000, 0x000000070f400000| Untracked 
| 117|0x000000070f600000, 0x000000070f600000, 0x000000070f800000|  0%| F|  |TAMS 0x000000070f600000, 0x000000070f600000| Untracked 
| 118|0x000000070f800000, 0x000000070f800000, 0x000000070fa00000|  0%| F|  |TAMS 0x000000070f800000, 0x000000070f800000| Untracked 
| 119|0x000000070fa00000, 0x000000070fa00000, 0x000000070fc00000|  0%| F|  |TAMS 0x000000070fa00000, 0x000000070fa00000| Untracked 
| 120|0x000000070fc00000, 0x000000070fc00000, 0x000000070fe00000|  0%| F|  |TAMS 0x000000070fc00000, 0x000000070fc00000| Untracked 
| 121|0x000000070fe00000, 0x000000070fe00000, 0x0000000710000000|  0%| F|  |TAMS 0x000000070fe00000, 0x000000070fe00000| Untracked 
| 122|0x0000000710000000, 0x0000000710000000, 0x0000000710200000|  0%| F|  |TAMS 0x0000000710000000, 0x0000000710000000| Untracked 
| 123|0x0000000710200000, 0x0000000710200000, 0x0000000710400000|  0%| F|  |TAMS 0x0000000710200000, 0x0000000710200000| Untracked 
| 124|0x0000000710400000, 0x0000000710400000, 0x0000000710600000|  0%| F|  |TAMS 0x0000000710400000, 0x0000000710400000| Untracked 
| 125|0x0000000710600000, 0x0000000710600000, 0x0000000710800000|  0%| F|  |TAMS 0x0000000710600000, 0x0000000710600000| Untracked 
| 126|0x0000000710800000, 0x0000000710800000, 0x0000000710a00000|  0%| F|  |TAMS 0x0000000710800000, 0x0000000710800000| Untracked 
| 127|0x0000000710a00000, 0x0000000710a00000, 0x0000000710c00000|  0%| F|  |TAMS 0x0000000710a00000, 0x0000000710a00000| Untracked 

Card table byte_map: [0x0000021367f90000,0x0000021368790000] _byte_map_base: 0x000002136478a000

Marking Bits (Prev, Next): (CMBitMap*) 0x0000021361847980, (CMBitMap*) 0x0000021361847940
 Prev Bits: [0x000002136cf60000, 0x0000021370f30000)
 Next Bits: [0x0000021368f90000, 0x000002136cf60000)

Polling page: 0x000002135f590000

Metaspace:

Usage:
  Non-class:     29.98 MB used.
      Class:      4.48 MB used.
       Both:     34.46 MB used.

Virtual space:
  Non-class space:       32.00 MB reserved,      30.12 MB ( 94%) committed,  4 nodes.
      Class space:        1.00 GB reserved,       4.62 MB ( <1%) committed,  1 nodes.
             Both:        1.03 GB reserved,      34.75 MB (  3%) committed. 

Chunk freelists:
   Non-Class:  1.47 MB
       Class:  3.39 MB
        Both:  4.86 MB

MaxMetaspaceSize: unlimited
CompressedClassSpaceSize: 1.00 GB
Initial GC threshold: 21.00 MB
Current GC threshold: 35.31 MB
CDS: off
MetaspaceReclaimPolicy: balanced
 - commit_granule_bytes: 65536.
 - commit_granule_words: 8192.
 - virtual_space_node_default_size: 1048576.
 - enlarge_chunks_in_place: 1.
 - new_chunks_are_fully_committed: 0.
 - uncommit_free_chunks: 1.
 - use_allocation_guard: 0.
 - handle_deallocations: 1.


Internal statistics:

num_allocs_failed_limit: 3.
num_arena_births: 302.
num_arena_deaths: 0.
num_vsnodes_births: 5.
num_vsnodes_deaths: 0.
num_space_committed: 556.
num_space_uncommitted: 0.
num_chunks_returned_to_freelist: 3.
num_chunks_taken_from_freelist: 1307.
num_chunk_merges: 3.
num_chunk_splits: 898.
num_chunks_enlarged: 700.
num_purges: 0.
num_inconsistent_stats: 0.

CodeCache: size=49152Kb used=9179Kb max_used=9179Kb free=39972Kb
 bounds [0x0000021364460000, 0x0000021364d60000, 0x0000021367460000]
 total_blobs=4297 nmethods=3772 adapters=449
 compilation: enabled
              stopped_count=0, restarted_count=0
 full_count=0

Compilation events (20 events):
Event: 2.911 Thread 0x00000213748bcbb0 nmethod 3732 0x0000021364d4b990 code [0x0000021364d4bb40, 0x0000021364d4bcc8]
Event: 2.911 Thread 0x00000213748bcbb0 3714   !   1       jdk.internal.misc.ScopedMemoryAccess::getLongUnalignedInternal (38 bytes)
Event: 2.911 Thread 0x00000213753955c0 nmethod 3762 0x0000021364d4be10 code [0x0000021364d4bfa0, 0x0000021364d4c238]
Event: 2.911 Thread 0x00000213753955c0 3719       1       java.util.zip.Inflater::<init> (28 bytes)
Event: 2.911 Thread 0x0000021374872a60 nmethod 3754 0x0000021364d4c310 code [0x0000021364d4c680, 0x0000021364d4d548]
Event: 2.911 Thread 0x00000213748bcbb0 nmethod 3714 0x0000021364d4dd90 code [0x0000021364d4df40, 0x0000021364d4e0b8]
Event: 2.911 Thread 0x0000021374872a60 3713       1       java.io.ByteArrayOutputStream::close (1 bytes)
Event: 2.911 Thread 0x00000213748bcbb0 3723       1       java.util.concurrent.ConcurrentLinkedQueue::updateHead (26 bytes)
Event: 2.911 Thread 0x0000021374872a60 nmethod 3713 0x0000021364d4e210 code [0x0000021364d4e3a0, 0x0000021364d4e458]
Event: 2.911 Thread 0x00000213753955c0 nmethod 3719 0x0000021364d4e510 code [0x0000021364d4e6e0, 0x0000021364d4ea98]
Event: 2.911 Thread 0x00000213752dc0b0 nmethod 3733 0x0000021364d4ec10 code [0x0000021364d4f440, 0x0000021364d52168]
Event: 2.912 Thread 0x00000213748bcbb0 nmethod 3723 0x0000021364d53c10 code [0x0000021364d53e60, 0x0000021364d54668]
Event: 2.928 Thread 0x00000213752dc0b0 3769       1       java.util.concurrent.locks.ReentrantLock$NonfairSync::tryAcquire (27 bytes)
Event: 2.933 Thread 0x00000213752dc0b0 nmethod 3769 0x0000021364d54a10 code [0x0000021364d54ba0, 0x0000021364d54d38]
Event: 2.934 Thread 0x00000213753955c0 3770       1       java.util.concurrent.ConcurrentHashMap::resizeStamp (9 bytes)
Event: 2.946 Thread 0x00000213753955c0 nmethod 3770 0x0000021364d54d90 code [0x0000021364d54f20, 0x0000021364d54fe8]
Event: 2.957 Thread 0x00000213752dc0b0 3771  s!   1       jdk.internal.loader.URLClassPath::getLoader (196 bytes)
Event: 2.960 Thread 0x00000213752dc0b0 nmethod 3771 0x0000021364d55090 code [0x0000021364d55340, 0x0000021364d55db8]
Event: 2.962 Thread 0x0000021374872a60 3772       1       java.util.concurrent.locks.AbstractQueuedSynchronizer::acquireInterruptibly (36 bytes)
Event: 2.973 Thread 0x0000021374872a60 nmethod 3772 0x0000021364d56690 code [0x0000021364d56860, 0x0000021364d56ad8]

GC Heap History (20 events):
Event: 1.554 GC heap after
{Heap after GC invocations=5 (full 0):
 garbage-first heap   total 49152K, used 12520K [0x0000000700c00000, 0x0000000800000000)
  region size 2048K, 2 young (4096K), 2 survivors (4096K)
 Metaspace       used 25002K, committed 25280K, reserved 1073152K
  class space    used 3061K, committed 3200K, reserved 1048576K
}
Event: 1.610 GC heap before
{Heap before GC invocations=5 (full 0):
 garbage-first heap   total 49152K, used 14568K [0x0000000700c00000, 0x0000000800000000)
  region size 2048K, 3 young (6144K), 2 survivors (4096K)
 Metaspace       used 25283K, committed 25472K, reserved 1073152K
  class space    used 3107K, committed 3200K, reserved 1048576K
}
Event: 1.614 GC heap after
{Heap after GC invocations=6 (full 0):
 garbage-first heap   total 49152K, used 12556K [0x0000000700c00000, 0x0000000800000000)
  region size 2048K, 1 young (2048K), 1 survivors (2048K)
 Metaspace       used 25283K, committed 25472K, reserved 1073152K
  class space    used 3107K, committed 3200K, reserved 1048576K
}
Event: 1.831 GC heap before
{Heap before GC invocations=6 (full 0):
 garbage-first heap   total 49152K, used 28940K [0x0000000700c00000, 0x0000000800000000)
  region size 2048K, 9 young (18432K), 1 survivors (2048K)
 Metaspace       used 27646K, committed 27904K, reserved 1073152K
  class space    used 3455K, committed 3584K, reserved 1048576K
}
Event: 1.835 GC heap after
{Heap after GC invocations=7 (full 0):
 garbage-first heap   total 155648K, used 14219K [0x0000000700c00000, 0x0000000800000000)
  region size 2048K, 2 young (4096K), 2 survivors (4096K)
 Metaspace       used 27646K, committed 27904K, reserved 1073152K
  class space    used 3455K, committed 3584K, reserved 1048576K
}
Event: 2.410 GC heap before
{Heap before GC invocations=7 (full 0):
 garbage-first heap   total 155648K, used 102283K [0x0000000700c00000, 0x0000000800000000)
  region size 2048K, 45 young (92160K), 2 survivors (4096K)
 Metaspace       used 33566K, committed 33856K, reserved 1081344K
  class space    used 4271K, committed 4416K, reserved 1048576K
}
Event: 2.419 GC heap after
{Heap after GC invocations=8 (full 0):
 garbage-first heap   total 155648K, used 27358K [0x0000000700c00000, 0x0000000800000000)
  region size 2048K, 6 young (12288K), 6 survivors (12288K)
 Metaspace       used 33566K, committed 33856K, reserved 1081344K
  class space    used 4271K, committed 4416K, reserved 1048576K
}
Event: 2.533 GC heap before
{Heap before GC invocations=8 (full 0):
 garbage-first heap   total 155648K, used 90846K [0x0000000700c00000, 0x0000000800000000)
  region size 2048K, 37 young (75776K), 6 survivors (12288K)
 Metaspace       used 34570K, committed 34880K, reserved 1081344K
  class space    used 4474K, committed 4608K, reserved 1048576K
}
Event: 2.544 GC heap after
{Heap after GC invocations=9 (full 0):
 garbage-first heap   total 155648K, used 40915K [0x0000000700c00000, 0x0000000800000000)
  region size 2048K, 5 young (10240K), 5 survivors (10240K)
 Metaspace       used 34570K, committed 34880K, reserved 1081344K
  class space    used 4474K, committed 4608K, reserved 1048576K
}
Event: 2.865 GC heap before
{Heap before GC invocations=9 (full 0):
 garbage-first heap   total 155648K, used 96211K [0x0000000700c00000, 0x0000000800000000)
  region size 2048K, 33 young (67584K), 5 survivors (10240K)
 Metaspace       used 35177K, committed 35520K, reserved 1081344K
  class space    used 4578K, committed 4736K, reserved 1048576K
}
Event: 2.884 GC heap after
{Heap after GC invocations=10 (full 0):
 garbage-first heap   total 155648K, used 57216K [0x0000000700c00000, 0x0000000800000000)
  region size 2048K, 5 young (10240K), 5 survivors (10240K)
 Metaspace       used 35177K, committed 35520K, reserved 1081344K
  class space    used 4578K, committed 4736K, reserved 1048576K
}
Event: 2.896 GC heap before
{Heap before GC invocations=10 (full 0):
 garbage-first heap   total 155648K, used 102272K [0x0000000700c00000, 0x0000000800000000)
  region size 2048K, 28 young (57344K), 5 survivors (10240K)
 Metaspace       used 35184K, committed 35520K, reserved 1081344K
  class space    used 4578K, committed 4736K, reserved 1048576K
}
Event: 2.905 GC heap after
{Heap after GC invocations=11 (full 0):
 garbage-first heap   total 227328K, used 61323K [0x0000000700c00000, 0x0000000800000000)
  region size 2048K, 2 young (4096K), 2 survivors (4096K)
 Metaspace       used 35184K, committed 35520K, reserved 1081344K
  class space    used 4578K, committed 4736K, reserved 1048576K
}
Event: 2.929 GC heap before
{Heap before GC invocations=11 (full 0):
 garbage-first heap   total 227328K, used 157579K [0x0000000700c00000, 0x0000000800000000)
  region size 2048K, 50 young (102400K), 2 survivors (4096K)
 Metaspace       used 35187K, committed 35520K, reserved 1081344K
  class space    used 4578K, committed 4736K, reserved 1048576K
}
Event: 2.933 GC heap after
{Heap after GC invocations=12 (full 0):
 garbage-first heap   total 227328K, used 64341K [0x0000000700c00000, 0x0000000800000000)
  region size 2048K, 3 young (6144K), 3 survivors (6144K)
 Metaspace       used 35187K, committed 35520K, reserved 1081344K
  class space    used 4578K, committed 4736K, reserved 1048576K
}
Event: 2.952 GC heap before
{Heap before GC invocations=12 (full 0):
 garbage-first heap   total 227328K, used 164693K [0x0000000700c00000, 0x0000000800000000)
  region size 2048K, 53 young (108544K), 3 survivors (6144K)
 Metaspace       used 35203K, committed 35520K, reserved 1081344K
  class space    used 4584K, committed 4736K, reserved 1048576K
}
Event: 2.957 GC heap after
{Heap after GC invocations=13 (full 0):
 garbage-first heap   total 227328K, used 68437K [0x0000000700c00000, 0x0000000800000000)
  region size 2048K, 5 young (10240K), 5 survivors (10240K)
 Metaspace       used 35203K, committed 35520K, reserved 1081344K
  class space    used 4584K, committed 4736K, reserved 1048576K
}
Event: 2.976 GC heap before
{Heap before GC invocations=13 (full 0):
 garbage-first heap   total 227328K, used 170837K [0x0000000700c00000, 0x0000000800000000)
  region size 2048K, 56 young (114688K), 5 survivors (10240K)
 Metaspace       used 35282K, committed 35584K, reserved 1081344K
  class space    used 4591K, committed 4736K, reserved 1048576K
}
Event: 2.983 GC heap after
{Heap after GC invocations=14 (full 0):
 garbage-first heap   total 227328K, used 72931K [0x0000000700c00000, 0x0000000800000000)
  region size 2048K, 5 young (10240K), 5 survivors (10240K)
 Metaspace       used 35282K, committed 35584K, reserved 1081344K
  class space    used 4591K, committed 4736K, reserved 1048576K
}
Event: 2.998 GC heap before
{Heap before GC invocations=14 (full 0):
 garbage-first heap   total 227328K, used 173283K [0x0000000700c00000, 0x0000000800000000)
  region size 2048K, 55 young (112640K), 5 survivors (10240K)
 Metaspace       used 35288K, committed 35584K, reserved 1081344K
  class space    used 4592K, committed 4736K, reserved 1048576K
}

Deoptimization events (16 events):
Event: 0.640 Thread 0x00000213617d8a80 DEOPT PACKING pc=0x000002136487d001 sp=0x0000002fce7fdd30
Event: 0.640 Thread 0x00000213617d8a80 DEOPT UNPACKING pc=0x00000213644b2b43 sp=0x0000002fce7fd1a0 mode 3
Event: 1.213 Thread 0x00000213617d8a80 DEOPT PACKING pc=0x00000213649a24f9 sp=0x0000002fce7fd4e0
Event: 1.214 Thread 0x00000213617d8a80 DEOPT UNPACKING pc=0x00000213644b2b43 sp=0x0000002fce7fc9c0 mode 3
Event: 1.502 Thread 0x00000213617d8a80 DEOPT PACKING pc=0x0000021364a64681 sp=0x0000002fce7fcf90
Event: 1.502 Thread 0x00000213617d8a80 DEOPT UNPACKING pc=0x00000213644b2b43 sp=0x0000002fce7fc400 mode 3
Event: 2.073 Thread 0x00000213617d8a80 DEOPT PACKING pc=0x0000021364b09279 sp=0x0000002fce7fca60
Event: 2.073 Thread 0x00000213617d8a80 DEOPT UNPACKING pc=0x00000213644b2b43 sp=0x0000002fce7fbf40 mode 3
Event: 2.135 Thread 0x000002137654e420 DEOPT PACKING pc=0x0000021364b66093 sp=0x0000002fd01fe9d0
Event: 2.135 Thread 0x000002137654e420 DEOPT UNPACKING pc=0x00000213644b2b43 sp=0x0000002fd01fdf18 mode 3
Event: 2.341 Thread 0x00000213766c1930 DEOPT PACKING pc=0x00000213649a3b89 sp=0x0000002fd13fef70
Event: 2.341 Thread 0x00000213766c1930 DEOPT UNPACKING pc=0x00000213644b2b43 sp=0x0000002fd13fe400 mode 3
Event: 2.453 Thread 0x00000213766e6ae0 DEOPT PACKING pc=0x0000021364cbcced sp=0x0000002fd20fdbb0
Event: 2.453 Thread 0x00000213766e6ae0 DEOPT UNPACKING pc=0x00000213644b2b43 sp=0x0000002fd20fd0d8 mode 3
Event: 2.560 Thread 0x00000213766e3f90 DEOPT PACKING pc=0x000002136499d29f sp=0x0000002fd21fee80
Event: 2.560 Thread 0x00000213766e3f90 DEOPT UNPACKING pc=0x00000213644b2b43 sp=0x0000002fd21fe2d8 mode 3

Classes unloaded (0 events):
No events

Classes redefined (0 events):
No events

Internal exceptions (20 events):
Event: 2.218 Thread 0x000002137669b340 Exception <a 'sun/nio/fs/WindowsException'{0x0000000708dc4fa0}> (0x0000000708dc4fa0) 
thrown [e:\jenkins\tmp\workspace\build\src\src\hotspot\share\prims\jni.cpp, line 516]
Event: 2.219 Thread 0x000002137669b340 Exception <a 'sun/nio/fs/WindowsException'{0x0000000708dc5990}> (0x0000000708dc5990) 
thrown [e:\jenkins\tmp\workspace\build\src\src\hotspot\share\prims\jni.cpp, line 516]
Event: 2.219 Thread 0x000002137669b340 Exception <a 'sun/nio/fs/WindowsException'{0x0000000708dc5d38}> (0x0000000708dc5d38) 
thrown [e:\jenkins\tmp\workspace\build\src\src\hotspot\share\prims\jni.cpp, line 516]
Event: 2.219 Thread 0x000002137669b340 Exception <a 'sun/nio/fs/WindowsException'{0x0000000708dc6738}> (0x0000000708dc6738) 
thrown [e:\jenkins\tmp\workspace\build\src\src\hotspot\share\prims\jni.cpp, line 516]
Event: 2.219 Thread 0x000002137669b340 Exception <a 'sun/nio/fs/WindowsException'{0x0000000708dc6af8}> (0x0000000708dc6af8) 
thrown [e:\jenkins\tmp\workspace\build\src\src\hotspot\share\prims\jni.cpp, line 516]
Event: 2.219 Thread 0x000002137669b340 Exception <a 'sun/nio/fs/WindowsException'{0x0000000708dc74f8}> (0x0000000708dc74f8) 
thrown [e:\jenkins\tmp\workspace\build\src\src\hotspot\share\prims\jni.cpp, line 516]
Event: 2.219 Thread 0x000002137669b340 Exception <a 'sun/nio/fs/WindowsException'{0x0000000708dc78a8}> (0x0000000708dc78a8) 
thrown [e:\jenkins\tmp\workspace\build\src\src\hotspot\share\prims\jni.cpp, line 516]
Event: 2.219 Thread 0x000002137669b340 Exception <a 'sun/nio/fs/WindowsException'{0x0000000708dc82a8}> (0x0000000708dc82a8) 
thrown [e:\jenkins\tmp\workspace\build\src\src\hotspot\share\prims\jni.cpp, line 516]
Event: 2.219 Thread 0x000002137669b340 Exception <a 'sun/nio/fs/WindowsException'{0x0000000708dc8668}> (0x0000000708dc8668) 
thrown [e:\jenkins\tmp\workspace\build\src\src\hotspot\share\prims\jni.cpp, line 516]
Event: 2.220 Thread 0x000002137669b340 Exception <a 'sun/nio/fs/WindowsException'{0x0000000708dc9090}> (0x0000000708dc9090) 
thrown [e:\jenkins\tmp\workspace\build\src\src\hotspot\share\prims\jni.cpp, line 516]
Event: 2.220 Thread 0x000002137669b340 Exception <a 'sun/nio/fs/WindowsException'{0x0000000708dc9470}> (0x0000000708dc9470) 
thrown [e:\jenkins\tmp\workspace\build\src\src\hotspot\share\prims\jni.cpp, line 516]
Event: 2.220 Thread 0x000002137669b340 Exception <a 'sun/nio/fs/WindowsException'{0x0000000708dc9ea8}> (0x0000000708dc9ea8) 
thrown [e:\jenkins\tmp\workspace\build\src\src\hotspot\share\prims\jni.cpp, line 516]
Event: 2.220 Thread 0x000002137669b340 Exception <a 'sun/nio/fs/WindowsException'{0x0000000708dca298}> (0x0000000708dca298) 
thrown [e:\jenkins\tmp\workspace\build\src\src\hotspot\share\prims\jni.cpp, line 516]
Event: 2.220 Thread 0x000002137669b340 Exception <a 'sun/nio/fs/WindowsException'{0x0000000708dcacc0}> (0x0000000708dcacc0) 
thrown [e:\jenkins\tmp\workspace\build\src\src\hotspot\share\prims\jni.cpp, line 516]
Event: 2.220 Thread 0x000002137669b340 Exception <a 'sun/nio/fs/WindowsException'{0x0000000708dcb0b0}> (0x0000000708dcb0b0) 
thrown [e:\jenkins\tmp\workspace\build\src\src\hotspot\share\prims\jni.cpp, line 516]
Event: 2.449 Thread 0x00000213766e6ae0 Exception <a 'java/lang/NoSuchMethodError'{0x00000007096d6cc0}: 'java.lang.Object java.lang.invoke.DirectMethodHandle$Holder.invokeStatic(java.lang.Object, int, java.lang.Object)'> (0x00000007096d6cc0) 
thrown [e:\jenkins\tmp\workspace\build\src\src\hotspot\share\interpreter\linkResolver.cpp, line 766]
Event: 2.452 Thread 0x00000213766e7e20 Exception <a 'java/lang/NoSuchMethodError'{0x0000000709503890}: 'java.lang.Object java.lang.invoke.DirectMethodHandle$Holder.invokeStatic(java.lang.Object, java.lang.Object, java.lang.Object, int, java.lang.Object, java.lang.Object)'> (0x0000000709503890) 
thrown [e:\jenkins\tmp\workspace\build\src\src\hotspot\share\interpreter\linkResolver.cpp, line 766]
Event: 2.554 Thread 0x00000213766e6ae0 Exception <a 'java/lang/NoSuchMethodError'{0x000000070f24e120}: 'int java.lang.invoke.DirectMethodHandle$Holder.invokeStatic(java.lang.Object)'> (0x000000070f24e120) 
thrown [e:\jenkins\tmp\workspace\build\src\src\hotspot\share\interpreter\linkResolver.cpp, line 766]
Event: 2.554 Thread 0x00000213766e6ae0 Exception <a 'java/lang/NoSuchMethodError'{0x000000070f251878}: 'int java.lang.invoke.DirectMethodHandle$Holder.invokeStaticInit(java.lang.Object)'> (0x000000070f251878) 
thrown [e:\jenkins\tmp\workspace\build\src\src\hotspot\share\interpreter\linkResolver.cpp, line 766]
Event: 2.572 Thread 0x00000213766e7e20 Exception <a 'java/lang/NoSuchMethodError'{0x00000007098160e0}: 'int java.lang.invoke.DirectMethodHandle$Holder.invokeVirtual(java.lang.Object, java.lang.Object)'> (0x00000007098160e0) 
thrown [e:\jenkins\tmp\workspace\build\src\src\hotspot\share\interpreter\linkResolver.cpp, line 766]

VM Operations (20 events):
Event: 2.896 Executing VM operation: G1CollectForAllocation done
Event: 2.896 Executing VM operation: G1CollectForAllocation
Event: 2.905 Executing VM operation: G1CollectForAllocation done
Event: 2.928 Executing VM operation: G1CollectForAllocation
Event: 2.929 Executing VM operation: G1CollectForAllocation done
Event: 2.929 Executing VM operation: G1CollectForAllocation
Event: 2.933 Executing VM operation: G1CollectForAllocation done
Event: 2.935 Executing VM operation: HandshakeAllThreads
Event: 2.940 Executing VM operation: HandshakeAllThreads done
Event: 2.948 Executing VM operation: HandshakeAllThreads
Event: 2.951 Executing VM operation: HandshakeAllThreads done
Event: 2.952 Executing VM operation: G1CollectForAllocation
Event: 2.957 Executing VM operation: G1CollectForAllocation done
Event: 2.976 Executing VM operation: G1CollectForAllocation
Event: 2.976 Executing VM operation: G1CollectForAllocation done
Event: 2.976 Executing VM operation: G1CollectForAllocation
Event: 2.983 Executing VM operation: G1CollectForAllocation done
Event: 2.998 Executing VM operation: G1CollectForAllocation
Event: 2.998 Executing VM operation: G1CollectForAllocation done
Event: 2.998 Executing VM operation: G1CollectForAllocation

Events (20 events):
Event: 2.565 loading class java/util/concurrent/CompletableFuture$UniExceptionally
Event: 2.565 loading class java/util/concurrent/CompletableFuture$UniExceptionally done
Event: 2.565 loading class java/util/concurrent/CompletableFuture$Signaller
Event: 2.565 loading class java/util/concurrent/CompletableFuture$Signaller done
Event: 2.567 loading class java/util/concurrent/CompletionException
Event: 2.567 loading class java/util/concurrent/CompletionException done
Event: 2.574 loading class java/io/PrintWriter
Event: 2.574 loading class java/io/PrintWriter done
Event: 2.575 loading class sun/nio/cs/StringUTF16
Event: 2.575 loading class sun/nio/cs/StringUTF16 done
Event: 2.577 loading class java/util/WeakHashMap$EntrySet
Event: 2.577 loading class java/util/WeakHashMap$EntrySet done
Event: 2.577 loading class java/util/WeakHashMap$EntryIterator
Event: 2.577 loading class java/util/WeakHashMap$HashIterator
Event: 2.577 loading class java/util/WeakHashMap$HashIterator done
Event: 2.577 loading class java/util/WeakHashMap$EntryIterator done
Event: 2.673 Thread 0x00000213766e4930 Thread added: 0x00000213766e4930
Event: 2.690 loading class java/util/regex/Pattern$1
Event: 2.690 loading class java/util/regex/Pattern$1 done
Event: 2.771 Thread 0x00000213766e82f0 Thread added: 0x00000213766e82f0


Dynamic libraries:
0x00007ff71b000000 - 0x00007ff71b00e000 	c:\Users\brenz\.vscode\extensions\redhat.java-1.9.0-win32-x64\jre\17.0.3-win32-x86_64\bin\java.exe
0x00007ff8550f0000 - 0x00007ff8552e8000 	C:\Windows\SYSTEM32\ntdll.dll
0x00007ff854210000 - 0x00007ff8542cd000 	C:\Windows\System32\KERNEL32.DLL
0x00007ff852ae0000 - 0x00007ff852dae000 	C:\Windows\System32\KERNELBASE.dll
0x00007ff8529e0000 - 0x00007ff852ae0000 	C:\Windows\System32\ucrtbase.dll
0x00007ff842e30000 - 0x00007ff842e48000 	c:\Users\brenz\.vscode\extensions\redhat.java-1.9.0-win32-x64\jre\17.0.3-win32-x86_64\bin\jli.dll
0x00007ff84e6b0000 - 0x00007ff84e6c9000 	c:\Users\brenz\.vscode\extensions\redhat.java-1.9.0-win32-x64\jre\17.0.3-win32-x86_64\bin\VCRUNTIME140.dll
0x00007ff854c30000 - 0x00007ff854dd0000 	C:\Windows\System32\USER32.dll
0x00007ff851c20000 - 0x00007ff851eba000 	C:\Windows\WinSxS\amd64_microsoft.windows.common-controls_6595b64144ccf1df_6.0.19041.1110_none_60b5254171f9507e\COMCTL32.dll
0x00007ff853120000 - 0x00007ff853142000 	C:\Windows\System32\win32u.dll
0x00007ff854a60000 - 0x00007ff854a8a000 	C:\Windows\System32\GDI32.dll
0x00007ff854610000 - 0x00007ff8546ae000 	C:\Windows\System32\msvcrt.dll
0x00007ff852f10000 - 0x00007ff85301b000 	C:\Windows\System32\gdi32full.dll
0x00007ff852e40000 - 0x00007ff852edd000 	C:\Windows\System32\msvcp_win.dll
0x00007ff854760000 - 0x00007ff854790000 	C:\Windows\System32\IMM32.DLL
0x00007ff850980000 - 0x00007ff85098c000 	c:\Users\brenz\.vscode\extensions\redhat.java-1.9.0-win32-x64\jre\17.0.3-win32-x86_64\bin\vcruntime140_1.dll
0x00007fffd09f0000 - 0x00007fffd0a81000 	c:\Users\brenz\.vscode\extensions\redhat.java-1.9.0-win32-x64\jre\17.0.3-win32-x86_64\bin\msvcp140.dll
0x00007fffbe9d0000 - 0x00007fffbf618000 	c:\Users\brenz\.vscode\extensions\redhat.java-1.9.0-win32-x64\jre\17.0.3-win32-x86_64\bin\server\jvm.dll
0x00007ff8546b0000 - 0x00007ff85475e000 	C:\Windows\System32\ADVAPI32.dll
0x00007ff854360000 - 0x00007ff8543fc000 	C:\Windows\System32\sechost.dll
0x00007ff854f80000 - 0x00007ff8550a5000 	C:\Windows\System32\RPCRT4.dll
0x00007ff854800000 - 0x00007ff854808000 	C:\Windows\System32\PSAPI.DLL
0x00007ff845d80000 - 0x00007ff845d89000 	C:\Windows\SYSTEM32\WSOCK32.dll
0x00007ff849c20000 - 0x00007ff849c47000 	C:\Windows\SYSTEM32\WINMM.dll
0x00007ff854790000 - 0x00007ff8547fb000 	C:\Windows\System32\WS2_32.dll
0x00007ff84f5c0000 - 0x00007ff84f5ca000 	C:\Windows\SYSTEM32\VERSION.dll
0x00007ff84fa50000 - 0x00007ff84fa62000 	C:\Windows\SYSTEM32\kernel.appcore.dll
0x00007ff850570000 - 0x00007ff85057a000 	c:\Users\brenz\.vscode\extensions\redhat.java-1.9.0-win32-x64\jre\17.0.3-win32-x86_64\bin\jimage.dll
0x00007ff852240000 - 0x00007ff852424000 	C:\Windows\SYSTEM32\DBGHELP.DLL
0x00007ff8312a0000 - 0x00007ff8312cc000 	C:\Windows\SYSTEM32\dbgcore.DLL
0x00007ff852db0000 - 0x00007ff852e32000 	C:\Windows\System32\bcryptPrimitives.dll
0x00007ff841520000 - 0x00007ff841545000 	c:\Users\brenz\.vscode\extensions\redhat.java-1.9.0-win32-x64\jre\17.0.3-win32-x86_64\bin\java.dll
0x00007ff841d90000 - 0x00007ff841da8000 	c:\Users\brenz\.vscode\extensions\redhat.java-1.9.0-win32-x64\jre\17.0.3-win32-x86_64\bin\zip.dll
0x00007ff853990000 - 0x00007ff8540d4000 	C:\Windows\System32\SHELL32.dll
0x00007ff84fc50000 - 0x00007ff8503e4000 	C:\Windows\SYSTEM32\windows.storage.dll
0x00007ff853150000 - 0x00007ff8534a4000 	C:\Windows\System32\combase.dll
0x00007ff851b80000 - 0x00007ff851bb0000 	C:\Windows\SYSTEM32\Wldp.dll
0x00007ff8540e0000 - 0x00007ff85418d000 	C:\Windows\System32\SHCORE.dll
0x00007ff854810000 - 0x00007ff854865000 	C:\Windows\System32\shlwapi.dll
0x00007ff852750000 - 0x00007ff85276f000 	C:\Windows\SYSTEM32\profapi.dll
0x00007ff841bb0000 - 0x00007ff841bc9000 	C:\Users\brenz\.vscode\extensions\redhat.java-1.9.0-win32-x64\jre\17.0.3-win32-x86_64\bin\net.dll
0x00007ff8420f0000 - 0x00007ff8421fa000 	C:\Windows\SYSTEM32\WINHTTP.dll
0x00007ff851a50000 - 0x00007ff851aba000 	C:\Windows\system32\mswsock.dll
0x00007ff83eb50000 - 0x00007ff83eb65000 	C:\Users\brenz\.vscode\extensions\redhat.java-1.9.0-win32-x64\jre\17.0.3-win32-x86_64\bin\nio.dll
0x00007ff846b60000 - 0x00007ff846b70000 	c:\Users\brenz\.vscode\extensions\redhat.java-1.9.0-win32-x64\jre\17.0.3-win32-x86_64\bin\verify.dll
0x00007ff846b00000 - 0x00007ff846b09000 	C:\Users\brenz\.vscode\extensions\redhat.java-1.9.0-win32-x64\jre\17.0.3-win32-x86_64\bin\management.dll
0x00007ff841c40000 - 0x00007ff841c4b000 	C:\Users\brenz\.vscode\extensions\redhat.java-1.9.0-win32-x64\jre\17.0.3-win32-x86_64\bin\management_ext.dll
0x00007ff822710000 - 0x00007ff822727000 	C:\Windows\system32\napinsp.dll
0x00007ff8225f0000 - 0x00007ff82260b000 	C:\Windows\system32\pnrpnsp.dll
0x00007ff8225d0000 - 0x00007ff8225e5000 	C:\Windows\system32\wshbth.dll
0x00007ff84df70000 - 0x00007ff84df8d000 	C:\Windows\system32\NLAapi.dll
0x00007ff8515d0000 - 0x00007ff85160b000 	C:\Windows\SYSTEM32\IPHLPAPI.DLL
0x00007ff851610000 - 0x00007ff8516db000 	C:\Windows\SYSTEM32\DNSAPI.dll
0x00007ff854af0000 - 0x00007ff854af8000 	C:\Windows\System32\NSI.dll
0x00007ff8225b0000 - 0x00007ff8225c2000 	C:\Windows\System32\winrnr.dll
0x00007ff842fb0000 - 0x00007ff842fba000 	C:\Windows\System32\rasadhlp.dll
0x00007ff840720000 - 0x00007ff8407a0000 	C:\Windows\System32\fwpuclnt.dll
0x00007ff852ee0000 - 0x00007ff852f07000 	C:\Windows\System32\bcrypt.dll
0x00007ff8525a0000 - 0x00007ff8525b8000 	C:\Windows\SYSTEM32\CRYPTSP.dll
0x00007ff851280000 - 0x00007ff8512b4000 	C:\Windows\system32\rsaenh.dll
0x00007ff8526d0000 - 0x00007ff8526fe000 	C:\Windows\SYSTEM32\USERENV.dll
0x00007ff851b40000 - 0x00007ff851b4c000 	C:\Windows\SYSTEM32\CRYPTBASE.dll
0x00007ff84bd20000 - 0x00007ff84bd37000 	C:\Windows\SYSTEM32\dhcpcsvc6.DLL
0x00007ff84bd00000 - 0x00007ff84bd1d000 	C:\Windows\SYSTEM32\dhcpcsvc.DLL

dbghelp: loaded successfully - version: 4.0.5 - missing functions: none
symbol engine: initialized successfully - sym options: 0x614 - pdb path: .;c:\Users\brenz\.vscode\extensions\redhat.java-1.9.0-win32-x64\jre\17.0.3-win32-x86_64\bin;C:\Windows\SYSTEM32;C:\Windows\WinSxS\amd64_microsoft.windows.common-controls_6595b64144ccf1df_6.0.19041.1110_none_60b5254171f9507e;c:\Users\brenz\.vscode\extensions\redhat.java-1.9.0-win32-x64\jre\17.0.3-win32-x86_64\bin\server

VM Arguments:
jvm_args: -Dsts.lsp.client=vscode -Dsts.log.file=/dev/null -XX:TieredStopAtLevel=1 -Dspring.config.location=file:c:\Users\brenz\.vscode\extensions\pivotal.vscode-spring-boot-1.37.0\language-server\BOOT-INF\classes\application.properties 
java_command: org.springframework.ide.vscode.boot.app.BootLanguageServerBootApp
java_class_path (initial): c:\Users\brenz\.vscode\extensions\pivotal.vscode-spring-boot-1.37.0\language-server\BOOT-INF\classes;c:\Users\brenz\.vscode\extensions\pivotal.vscode-spring-boot-1.37.0\language-server\BOOT-INF\lib\annotations-23.0.0.jar;c:\Users\brenz\.vscode\extensions\pivotal.vscode-spring-boot-1.37.0\language-server\BOOT-INF\lib\antlr-runtime-3.5.2.jar;c:\Users\brenz\.vscode\extensions\pivotal.vscode-spring-boot-1.37.0\language-server\BOOT-INF\lib\antlr4-4.9.3.jar;c:\Users\brenz\.vscode\extensions\pivotal.vscode-spring-boot-1.37.0\language-server\BOOT-INF\lib\antlr4-runtime-4.9.3.jar;c:\Users\brenz\.vscode\extensions\pivotal.vscode-spring-boot-1.37.0\language-server\BOOT-INF\lib\asm-9.3.jar;c:\Users\brenz\.vscode\extensions\pivotal.vscode-spring-boot-1.37.0\language-server\BOOT-INF\lib\asm-analysis-9.3.jar;c:\Users\brenz\.vscode\extensions\pivotal.vscode-spring-boot-1.37.0\language-server\BOOT-INF\lib\asm-tree-9.3.jar;c:\Users\brenz\.vscode\extensions\pivotal.vscode-spring-boot-1.37.0\language-server\BOOT-INF\lib\asm-util-9.3.jar;c:\Users\brenz\.vscode\extensions\pivotal.vscode-spring-boot-1.37.0\language-server\BOOT-INF\lib\byte-buddy-1.10.18.jar;c:\Users\brenz\.vscode\extensions\pivotal.vscode-spring-boot-1.37.0\language-server\BOOT-INF\lib\caffeine-2.8.6.jar;c:\Users\brenz\.vscode\extensions\pivotal.vscode-spring-boot-1.37.0\language-server\BOOT-INF\lib\checker-qual-3.12.0.jar;c:\Users\brenz\.vscode\extensions\pivotal.vscode-spring-boot-1.37.0\language-server\BOOT-INF\lib\classgraph-4.8.149.jar;c:\Users\brenz\.vscode\extensions\pivotal.vscode-spring-boot-1.37.0\language-server\BOOT-INF\lib\commons-codec-1.14.jar;c:\Users\brenz\.vscode\extensions\pivotal.vscode-spring-boot-1.37.0\language-server\BOOT-INF\lib\commons-compress-1.21.jar;c:\Users\brenz\.vscode\extensions\pivotal.vscode-spring-boot-1.37.0\language-server\BOOT-INF\lib\commons-exec-1.3.jar;c:\Users\brenz\.vscode\extensions\pivotal.vscode-spring-boot-1.37.0\language-server\BOOT-INF\lib\com
Launcher Type: SUN_STANDARD

[Global flags]
     intx CICompilerCount                          = 4                                         {product} {ergonomic}
     uint ConcGCThreads                            = 3                                         {product} {ergonomic}
     uint G1ConcRefinementThreads                  = 10                                        {product} {ergonomic}
   size_t G1HeapRegionSize                         = 2097152                                   {product} {ergonomic}
    uintx GCDrainStackTargetSize                   = 64                                        {product} {ergonomic}
   size_t InitialHeapSize                          = 268435456                                 {product} {ergonomic}
   size_t MarkStackSize                            = 4194304                                   {product} {ergonomic}
   size_t MaxHeapSize                              = 4282384384                                {product} {ergonomic}
   size_t MaxNewSize                               = 2569011200                                {product} {ergonomic}
   size_t MinHeapDeltaBytes                        = 2097152                                   {product} {ergonomic}
   size_t MinHeapSize                              = 8388608                                   {product} {ergonomic}
    uintx NonProfiledCodeHeapSize                  = 0                                      {pd product} {ergonomic}
     bool ProfileInterpreter                       = false                                  {pd product} {command line}
    uintx ProfiledCodeHeapSize                     = 0                                      {pd product} {ergonomic}
   size_t SoftMaxHeapSize                          = 4282384384                             {manageable} {ergonomic}
     intx TieredStopAtLevel                        = 1                                         {product} {command line}
     bool UseCompressedClassPointers               = true                           {product lp64_product} {ergonomic}
     bool UseCompressedOops                        = true                           {product lp64_product} {ergonomic}
     bool UseG1GC                                  = true                                      {product} {ergonomic}
     bool UseLargePagesIndividualAllocation        = false                                  {pd product} {ergonomic}

Logging:
Log output configuration:
 #0: stdout all=warning uptime,level,tags
 #1: stderr all=off uptime,level,tags

Environment Variables:
PATH=C:\Program Files\Zulu\zulu-11\bin\;C:\Program Files\Oculus\Support\oculus-runtime;C:\Program Files (x86)\Common Files\Intel\Shared Libraries\redist\intel64\compiler;C:\Program Files\Common Files\Oracle\Java\javapath;C:\Program Files (x86)\Common Files\Oracle\Java\javapath;C:\Windows\system32;C:\Windows;C:\Windows\System32\Wbem;C:\Windows\System32\WindowsPowerShell\v1.0\;C:\Windows\System32\OpenSSH\;C:\Program Files\NVIDIA Corporation\NVIDIA NvDLISR;C:\Program Files (x86)\NVIDIA Corporation\PhysX\Common;C:\Program Files\Git\cmd;C:\MinGW\bin;C:\Program Files\dotnet\;C:\Program Files\nodejs\;C:\Program Files\MySQL\MySQL Shell 8.0\bin\;C:\Users\brenz\AppData\Local\Programs\Python\Python38\Scripts\;C:\Users\brenz\AppData\Local\Programs\Python\Python38\;C:\Users\brenz\AppData\Local\Microsoft\WindowsApps;C:\Users\brenz\AppData\Local\Programs\Microsoft VS Code\bin;C:\Users\brenz\AppData\Local\GitHubDesktop\bin;C:\Users\brenz\.dotnet\tools;C:\Users\brenz\AppData\Roaming\npm;C:\Program Files\JetBrains\IntelliJ IDEA Community Edition 2022.1.1\bin;
USERNAME=brenz
OS=Windows_NT
PROCESSOR_IDENTIFIER=AMD64 Family 23 Model 8 Stepping 2, AuthenticAMD



---------------  S Y S T E M  ---------------

OS:
 Windows 10 , 64 bit Build 19041 (10.0.19041.1806)
OS uptime: 1 days 0:23 hours

CPU: total 12 (initial active 12) (12 cores per cpu, 2 threads per core) family 23 model 8 stepping 2 microcode 0x0, cx8, cmov, fxsr, ht, mmx, 3dnowpref, sse, sse2, sse3, ssse3, sse4a, sse4.1, sse4.2, popcnt, lzcnt, tsc, tscinvbit, avx, avx2, aes, clmul, bmi1, bmi2, adx, sha, fma, vzeroupper, clflush, clflushopt

Memory: 4k page, system-wide physical 16333M (2565M free)
TotalPageFile size 26333M (AvailPageFile size 107M)
current process WorkingSet (physical memory assigned to process): 327M, peak: 327M
current process commit charge ("private bytes"): 407M, peak: 779M

vm_info: OpenJDK 64-Bit Server VM (17.0.3+7) for windows-amd64 JRE (17.0.3+7), built on Apr 19 2022 16:55:35 by "" with MS VC++ 16.7 (VS2019)

END.
